<?xml version="1.0" encoding="UTF-8"?>
<coverage generated="1785339086877" clover="3.2.0">
  <project timestamp="1785339086877" name="All files">
    <metrics statements="364" coveredstatements="304" conditionals="193" coveredconditionals="142" methods="47" coveredmethods="31" elements="604" coveredelements="477" complexity="0" loc="364" ncloc="364" packages="1" files="4" classes="4"/>
    <file name="Quiz.js" path="C:\C270_PROJECT_TEAM2-main2\backend\Quiz.js">
      <metrics statements="130" coveredstatements="113" conditionals="66" coveredconditionals="59" methods="12" coveredmethods="11"/>
      <line num="1" count="16" type="stmt"/>
      <line num="2" count="16" type="stmt"/>
      <line num="3" count="16" type="stmt"/>
      <line num="5" count="16" type="stmt"/>
      <line num="7" count="16" type="stmt"/>
      <line num="8" count="6" type="stmt"/>
      <line num="10" count="6" type="cond" truecount="4" falsecount="0"/>
      <line num="11" count="1" type="stmt"/>
      <line num="17" count="5" type="cond" truecount="5" falsecount="0"/>
      <line num="18" count="2" type="stmt"/>
      <line num="24" count="3" type="stmt"/>
      <line num="25" count="3" type="stmt"/>
      <line num="27" count="3" type="stmt"/>
      <line num="32" count="2" type="cond" truecount="2" falsecount="0"/>
      <line num="33" count="1" type="stmt"/>
      <line num="35" count="1" type="stmt"/>
      <line num="41" count="1" type="stmt"/>
      <line num="49" count="1" type="stmt"/>
      <line num="51" count="1" type="stmt"/>
      <line num="52" count="1" type="stmt"/>
      <line num="61" count="1" type="stmt"/>
      <line num="62" count="1" type="cond" truecount="1" falsecount="1"/>
      <line num="64" count="1" type="stmt"/>
      <line num="65" count="4" type="stmt"/>
      <line num="76" count="1" type="stmt"/>
      <line num="78" count="1" type="stmt"/>
      <line num="84" count="1" type="stmt"/>
      <line num="86" count="1" type="stmt"/>
      <line num="88" count="1" type="stmt"/>
      <line num="101" count="16" type="stmt"/>
      <line num="102" count="4" type="stmt"/>
      <line num="109" count="4" type="cond" truecount="2" falsecount="0"/>
      <line num="110" count="1" type="stmt"/>
      <line num="112" count="1" type="stmt"/>
      <line num="119" count="3" type="stmt"/>
      <line num="132" count="16" type="stmt"/>
      <line num="133" count="5" type="stmt"/>
      <line num="135" count="5" type="cond" truecount="2" falsecount="0"/>
      <line num="136" count="1" type="stmt"/>
      <line num="143" count="4" type="stmt"/>
      <line num="151" count="4" type="cond" truecount="2" falsecount="0"/>
      <line num="152" count="1" type="stmt"/>
      <line num="154" count="1" type="stmt"/>
      <line num="161" count="3" type="stmt"/>
      <line num="174" count="16" type="stmt"/>
      <line num="175" count="4" type="stmt"/>
      <line num="177" count="4" type="stmt"/>
      <line num="185" count="4" type="cond" truecount="2" falsecount="0"/>
      <line num="186" count="1" type="stmt"/>
      <line num="188" count="1" type="stmt"/>
      <line num="195" count="3" type="stmt"/>
      <line num="210" count="16" type="stmt"/>
      <line num="211" count="6" type="stmt"/>
      <line num="213" count="6" type="cond" truecount="2" falsecount="0"/>
      <line num="214" count="1" type="stmt"/>
      <line num="220" count="5" type="stmt"/>
      <line num="221" count="5" type="stmt"/>
      <line num="222" count="5" type="stmt"/>
      <line num="224" count="5" type="cond" truecount="2" falsecount="0"/>
      <line num="233" count="1" type="stmt"/>
      <line num="239" count="4" type="stmt"/>
      <line num="241" count="4" type="stmt"/>
      <line num="243" count="4" type="stmt"/>
      <line num="244" count="4" type="stmt"/>
      <line num="253" count="3" type="cond" truecount="2" falsecount="0"/>
      <line num="254" count="1" type="stmt"/>
      <line num="260" count="2" type="stmt"/>
      <line num="281" count="2" type="stmt"/>
      <line num="288" count="1" type="stmt"/>
      <line num="290" count="1" type="stmt"/>
      <line num="301" count="16" type="stmt"/>
      <line num="303" count="6" type="cond" truecount="2" falsecount="0"/>
      <line num="307" count="1" type="stmt"/>
      <line num="313" count="5" type="stmt"/>
      <line num="315" count="5" type="stmt"/>
      <line num="317" count="5" type="cond" truecount="2" falsecount="0"/>
      <line num="318" count="1" type="stmt"/>
      <line num="350" count="4" type="stmt"/>
      <line num="384" count="4" type="stmt"/>
      <line num="388" count="5" type="stmt"/>
      <line num="390" count="4" type="stmt"/>
      <line num="396" count="1" type="stmt"/>
      <line num="400" count="1" type="stmt"/>
      <line num="414" count="16" type="stmt"/>
      <line num="415" count="6" type="cond" truecount="2" falsecount="0"/>
      <line num="416" count="2" type="stmt"/>
      <line num="422" count="4" type="stmt"/>
      <line num="423" count="4" type="stmt"/>
      <line num="464" count="3" type="stmt"/>
      <line num="469" count="1" type="stmt"/>
      <line num="471" count="1" type="stmt"/>
      <line num="486" count="16" type="stmt"/>
      <line num="487" count="6" type="cond" truecount="2" falsecount="0"/>
      <line num="488" count="1" type="stmt"/>
      <line num="494" count="5" type="stmt"/>
      <line num="496" count="5" type="stmt"/>
      <line num="497" count="5" type="stmt"/>
      <line num="522" count="4" type="stmt"/>
      <line num="546" count="4" type="stmt"/>
      <line num="548" count="4" type="stmt"/>
      <line num="550" count="4" type="cond" truecount="2" falsecount="0"/>
      <line num="551" count="3" type="stmt"/>
      <line num="558" count="4" type="cond" truecount="2" falsecount="0"/>
      <line num="559" count="1" type="stmt"/>
      <line num="566" count="4" type="cond" truecount="2" falsecount="0"/>
      <line num="567" count="2" type="stmt"/>
      <line num="574" count="4" type="cond" truecount="2" falsecount="0"/>
      <line num="575" count="1" type="stmt"/>
      <line num="582" count="4" type="stmt"/>
      <line num="609" count="1" type="stmt"/>
      <line num="614" count="1" type="stmt"/>
      <line num="629" count="16" type="stmt"/>
      <line num="631" count="0" type="cond" truecount="0" falsecount="2"/>
      <line num="635" count="0" type="stmt"/>
      <line num="641" count="0" type="stmt"/>
      <line num="643" count="0" type="stmt"/>
      <line num="645" count="0" type="stmt"/>
      <line num="648" count="0" type="stmt"/>
      <line num="660" count="0" type="stmt"/>
      <line num="670" count="0" type="stmt"/>
      <line num="680" count="0" type="stmt"/>
      <line num="689" count="0" type="cond" truecount="0" falsecount="2"/>
      <line num="691" count="0" type="stmt"/>
      <line num="693" count="0" type="stmt"/>
      <line num="700" count="0" type="stmt"/>
      <line num="702" count="0" type="stmt"/>
      <line num="709" count="0" type="stmt"/>
      <line num="711" count="0" type="stmt"/>
      <line num="713" count="0" type="stmt"/>
      <line num="721" count="16" type="stmt"/>
    </file>
    <file name="app.js" path="C:\C270_PROJECT_TEAM2-main2\backend\app.js">
      <metrics statements="15" coveredstatements="15" conditionals="0" coveredconditionals="0" methods="1" coveredmethods="1"/>
      <line num="1" count="16" type="stmt"/>
      <line num="2" count="16" type="stmt"/>
      <line num="4" count="16" type="stmt"/>
      <line num="5" count="16" type="stmt"/>
      <line num="6" count="16" type="stmt"/>
      <line num="8" count="16" type="stmt"/>
      <line num="10" count="16" type="stmt"/>
      <line num="18" count="16" type="stmt"/>
      <line num="19" count="16" type="stmt"/>
      <line num="21" count="16" type="stmt"/>
      <line num="22" count="1" type="stmt"/>
      <line num="28" count="16" type="stmt"/>
      <line num="29" count="16" type="stmt"/>
      <line num="30" count="16" type="stmt"/>
      <line num="32" count="16" type="stmt"/>
    </file>
    <file name="database.js" path="C:\C270_PROJECT_TEAM2-main2\backend\database.js">
      <metrics statements="203" coveredstatements="161" conditionals="119" coveredconditionals="75" methods="31" coveredmethods="17"/>
      <line num="1" count="16" type="stmt"/>
      <line num="2" count="16" type="stmt"/>
      <line num="3" count="16" type="stmt"/>
      <line num="4" count="16" type="stmt"/>
      <line num="5" count="16" type="stmt"/>
      <line num="6" count="16" type="stmt"/>
      <line num="7" count="16" type="stmt"/>
      <line num="9" count="16" type="stmt"/>
      <line num="11" count="16" type="stmt"/>
      <line num="14" count="16" type="cond" truecount="1" falsecount="1"/>
      <line num="17" count="16" type="cond" truecount="2" falsecount="2"/>
      <line num="18" count="16" type="stmt"/>
      <line num="26" count="16" type="cond" truecount="1" falsecount="1"/>
      <line num="27" count="0" type="stmt"/>
      <line num="28" count="0" type="cond" truecount="0" falsecount="2"/>
      <line num="29" count="0" type="stmt"/>
      <line num="34" count="0" type="stmt"/>
      <line num="39" count="0" type="stmt"/>
      <line num="44" count="16" type="stmt"/>
      <line num="45" count="16" type="stmt"/>
      <line num="47" count="16" type="stmt"/>
      <line num="52" count="16" type="cond" truecount="1" falsecount="1"/>
      <line num="53" count="16" type="stmt"/>
      <line num="55" count="0" type="stmt"/>
      <line num="61" count="0" type="stmt"/>
      <line num="63" count="0" type="stmt"/>
      <line num="75" count="0" type="stmt"/>
      <line num="82" count="0" type="stmt"/>
      <line num="83" count="0" type="cond" truecount="0" falsecount="2"/>
      <line num="84" count="0" type="stmt"/>
      <line num="85" count="0" type="stmt"/>
      <line num="88" count="0" type="stmt"/>
      <line num="90" count="0" type="stmt"/>
      <line num="93" count="0" type="cond" truecount="0" falsecount="2"/>
      <line num="97" count="0" type="stmt"/>
      <line num="105" count="0" type="stmt"/>
      <line num="108" count="0" type="cond" truecount="0" falsecount="2"/>
      <line num="112" count="0" type="stmt"/>
      <line num="132" count="2" type="stmt"/>
      <line num="147" count="2" type="stmt"/>
      <line num="158" count="2" type="stmt"/>
      <line num="162" count="2" type="cond" truecount="1" falsecount="1"/>
      <line num="163" count="0" type="stmt"/>
      <line num="173" count="16" type="stmt"/>
      <line num="174" count="4" type="stmt"/>
      <line num="177" count="4" type="cond" truecount="2" falsecount="0"/>
      <line num="178" count="1" type="stmt"/>
      <line num="180" count="1" type="stmt"/>
      <line num="184" count="3" type="stmt"/>
      <line num="189" count="16" type="stmt"/>
      <line num="190" count="5" type="stmt"/>
      <line num="192" count="5" type="cond" truecount="2" falsecount="0"/>
      <line num="193" count="2" type="stmt"/>
      <line num="205" count="2" type="stmt"/>
      <line num="211" count="3" type="stmt"/>
      <line num="227" count="3" type="stmt"/>
      <line num="228" count="3" type="cond" truecount="2" falsecount="0"/>
      <line num="229" count="1" type="stmt"/>
      <line num="234" count="1" type="stmt"/>
      <line num="240" count="2" type="stmt"/>
      <line num="247" count="16" type="stmt"/>
      <line num="248" count="0" type="stmt"/>
      <line num="252" count="0" type="cond" truecount="0" falsecount="2"/>
      <line num="253" count="0" type="stmt"/>
      <line num="254" count="0" type="stmt"/>
      <line num="257" count="0" type="cond" truecount="0" falsecount="2"/>
      <line num="258" count="0" type="stmt"/>
      <line num="261" count="0" type="stmt"/>
      <line num="266" count="16" type="stmt"/>
      <line num="267" count="0" type="cond" truecount="0" falsecount="2"/>
      <line num="268" count="0" type="cond" truecount="0" falsecount="2"/>
      <line num="270" count="0" type="stmt"/>
      <line num="274" count="0" type="cond" truecount="0" falsecount="2"/>
      <line num="275" count="0" type="stmt"/>
      <line num="276" count="0" type="stmt"/>
      <line num="279" count="0" type="stmt"/>
      <line num="284" count="16" type="stmt"/>
      <line num="285" count="10" type="stmt"/>
      <line num="286" count="10" type="stmt"/>
      <line num="287" count="10" type="stmt"/>
      <line num="289" count="10" type="cond" truecount="5" falsecount="0"/>
      <line num="290" count="1" type="stmt"/>
      <line num="295" count="9" type="cond" truecount="2" falsecount="0"/>
      <line num="296" count="1" type="stmt"/>
      <line num="301" count="8" type="stmt"/>
      <line num="303" count="8" type="cond" truecount="2" falsecount="0"/>
      <line num="307" count="1" type="stmt"/>
      <line num="308" count="7" type="cond" truecount="2" falsecount="0"/>
      <line num="311" count="1" type="stmt"/>
      <line num="312" count="6" type="cond" truecount="1" falsecount="1"/>
      <line num="315" count="6" type="stmt"/>
      <line num="318" count="8" type="stmt"/>
      <line num="326" count="8" type="stmt"/>
      <line num="329" count="8" type="cond" truecount="2" falsecount="0"/>
      <line num="330" count="1" type="stmt"/>
      <line num="332" count="1" type="stmt"/>
      <line num="339" count="7" type="cond" truecount="2" falsecount="0"/>
      <line num="340" count="2" type="stmt"/>
      <line num="342" count="2" type="cond" truecount="2" falsecount="0"/>
      <line num="345" count="1" type="stmt"/>
      <line num="354" count="1" type="stmt"/>
      <line num="361" count="5" type="stmt"/>
      <line num="362" count="5" type="stmt"/>
      <line num="363" count="5" type="stmt"/>
      <line num="374" count="5" type="stmt"/>
      <line num="378" count="5" type="cond" truecount="2" falsecount="0"/>
      <line num="380" count="1" type="stmt"/>
      <line num="387" count="4" type="stmt"/>
      <line num="388" count="4" type="cond" truecount="1" falsecount="1"/>
      <line num="389" count="0" type="stmt"/>
      <line num="391" count="4" type="stmt"/>
      <line num="443" count="3" type="stmt"/>
      <line num="448" count="1" type="stmt"/>
      <line num="459" count="4" type="stmt"/>
      <line num="467" count="0" type="stmt"/>
      <line num="470" count="0" type="stmt"/>
      <line num="484" count="16" type="stmt"/>
      <line num="486" count="6" type="stmt"/>
      <line num="488" count="6" type="stmt"/>
      <line num="490" count="6" type="cond" truecount="4" falsecount="0"/>
      <line num="491" count="2" type="stmt"/>
      <line num="499" count="4" type="stmt"/>
      <line num="501" count="4" type="stmt"/>
      <line num="514" count="4" type="stmt"/>
      <line num="518" count="4" type="cond" truecount="2" falsecount="0"/>
      <line num="519" count="1" type="stmt"/>
      <line num="521" count="1" type="stmt"/>
      <line num="528" count="3" type="cond" truecount="2" falsecount="0"/>
      <line num="529" count="1" type="stmt"/>
      <line num="536" count="2" type="stmt"/>
      <line num="538" count="2" type="stmt"/>
      <line num="540" count="2" type="stmt"/>
      <line num="542" count="2" type="cond" truecount="2" falsecount="0"/>
      <line num="543" count="1" type="stmt"/>
      <line num="550" count="1" type="stmt"/>
      <line num="552" count="1" type="cond" truecount="2" falsecount="0"/>
      <line num="558" count="1" type="stmt"/>
      <line num="568" count="0" type="stmt"/>
      <line num="572" count="0" type="stmt"/>
      <line num="582" count="16" type="stmt"/>
      <line num="583" count="6" type="stmt"/>
      <line num="585" count="6" type="stmt"/>
      <line num="587" count="6" type="cond" truecount="2" falsecount="0"/>
      <line num="588" count="1" type="stmt"/>
      <line num="595" count="5" type="stmt"/>
      <line num="602" count="5" type="stmt"/>
      <line num="606" count="5" type="cond" truecount="2" falsecount="0"/>
      <line num="607" count="1" type="stmt"/>
      <line num="610" count="1" type="stmt"/>
      <line num="618" count="4" type="cond" truecount="2" falsecount="0"/>
      <line num="619" count="1" type="stmt"/>
      <line num="626" count="3" type="stmt"/>
      <line num="629" count="3" type="stmt"/>
      <line num="632" count="3" type="stmt"/>
      <line num="634" count="3" type="stmt"/>
      <line num="642" count="3" type="cond" truecount="1" falsecount="1"/>
      <line num="643" count="0" type="stmt"/>
      <line num="645" count="0" type="stmt"/>
      <line num="652" count="3" type="stmt"/>
      <line num="653" count="3" type="stmt"/>
      <line num="678" count="2" type="stmt"/>
      <line num="684" count="1" type="stmt"/>
      <line num="685" count="1" type="stmt"/>
      <line num="687" count="1" type="stmt"/>
      <line num="699" count="16" type="stmt"/>
      <line num="700" count="9" type="stmt"/>
      <line num="701" count="9" type="stmt"/>
      <line num="702" count="9" type="stmt"/>
      <line num="704" count="9" type="cond" truecount="5" falsecount="0"/>
      <line num="705" count="1" type="stmt"/>
      <line num="712" count="8" type="cond" truecount="2" falsecount="0"/>
      <line num="713" count="1" type="stmt"/>
      <line num="721" count="7" type="stmt"/>
      <line num="723" count="7" type="cond" truecount="2" falsecount="0"/>
      <line num="724" count="1" type="stmt"/>
      <line num="731" count="6" type="cond" truecount="2" falsecount="0"/>
      <line num="732" count="1" type="stmt"/>
      <line num="734" count="1" type="stmt"/>
      <line num="741" count="5" type="cond" truecount="2" falsecount="0"/>
      <line num="742" count="1" type="stmt"/>
      <line num="748" count="4" type="stmt"/>
      <line num="749" count="4" type="stmt"/>
      <line num="751" count="3" type="stmt"/>
      <line num="755" count="3" type="cond" truecount="2" falsecount="0"/>
      <line num="756" count="1" type="stmt"/>
      <line num="759" count="1" type="stmt"/>
      <line num="766" count="2" type="cond" truecount="2" falsecount="0"/>
      <line num="767" count="1" type="stmt"/>
      <line num="774" count="1" type="stmt"/>
      <line num="776" count="1" type="stmt"/>
      <line num="784" count="1" type="stmt"/>
      <line num="786" count="1" type="stmt"/>
      <line num="793" count="16" type="stmt"/>
      <line num="794" count="4" type="stmt"/>
      <line num="795" count="4" type="stmt"/>
      <line num="797" count="4" type="stmt"/>
      <line num="801" count="4" type="cond" truecount="2" falsecount="0"/>
      <line num="802" count="1" type="stmt"/>
      <line num="807" count="1" type="stmt"/>
      <line num="814" count="3" type="cond" truecount="2" falsecount="0"/>
      <line num="817" count="1" type="stmt"/>
      <line num="824" count="2" type="stmt"/>
      <line num="835" count="16" type="stmt"/>
    </file>
    <file name="token.js" path="C:\C270_PROJECT_TEAM2-main2\backend\token.js">
      <metrics statements="16" coveredstatements="15" conditionals="8" coveredconditionals="8" methods="3" coveredmethods="2"/>
      <line num="1" count="16" type="stmt"/>
      <line num="3" count="16" type="stmt"/>
      <line num="7" count="16" type="stmt"/>
      <line num="11" count="16" type="stmt"/>
      <line num="12" count="43" type="stmt"/>
      <line num="13" count="43" type="cond" truecount="2" falsecount="0"/>
      <line num="15" count="43" type="cond" truecount="2" falsecount="0"/>
      <line num="16" count="6" type="stmt"/>
      <line num="22" count="37" type="stmt"/>
      <line num="26" count="37" type="cond" truecount="2" falsecount="0"/>
      <line num="27" count="2" type="stmt"/>
      <line num="34" count="35" type="stmt"/>
      <line num="35" count="35" type="stmt"/>
      <line num="41" count="16" type="stmt"/>
      <line num="42" count="0" type="stmt"/>
      <line num="48" count="16" type="stmt"/>
    </file>
  </project>
</coverage>
