{"C:\\C270_PROJECT_TEAM2-main2\\backend\\Quiz.js": {"path":"C:\\C270_PROJECT_TEAM2-main2\\backend\\Quiz.js","statementMap":{"0":{"start":{"line":1,"column":16},"end":{"line":1,"column":34}},"1":{"start":{"line":2,"column":21},"end":{"line":2,"column":42}},"2":{"start":{"line":3,"column":24},"end":{"line":3,"column":42}},"3":{"start":{"line":5,"column":19},"end":{"line":5,"column":35}},"4":{"start":{"line":7,"column":0},"end":{"line":93,"column":3}},"5":{"start":{"line":8,"column":28},"end":{"line":8,"column":36}},"6":{"start":{"line":10,"column":4},"end":{"line":15,"column":5}},"7":{"start":{"line":11,"column":8},"end":{"line":14,"column":11}},"8":{"start":{"line":17,"column":4},"end":{"line":22,"column":5}},"9":{"start":{"line":18,"column":8},"end":{"line":21,"column":11}},"10":{"start":{"line":24,"column":4},"end":{"line":92,"column":5}},"11":{"start":{"line":25,"column":8},"end":{"line":25,"column":52}},"12":{"start":{"line":27,"column":27},"end":{"line":30,"column":9}},"13":{"start":{"line":32,"column":8},"end":{"line":39,"column":9}},"14":{"start":{"line":33,"column":12},"end":{"line":33,"column":48}},"15":{"start":{"line":35,"column":12},"end":{"line":38,"column":15}},"16":{"start":{"line":41,"column":31},"end":{"line":47,"column":9}},"17":{"start":{"line":49,"column":25},"end":{"line":49,"column":46}},"18":{"start":{"line":51,"column":8},"end":{"line":74,"column":9}},"19":{"start":{"line":52,"column":37},"end":{"line":59,"column":13}},"20":{"start":{"line":61,"column":31},"end":{"line":61,"column":54}},"21":{"start":{"line":62,"column":28},"end":{"line":62,"column":61}},"22":{"start":{"line":64,"column":12},"end":{"line":73,"column":13}},"23":{"start":{"line":65,"column":16},"end":{"line":72,"column":18}},"24":{"start":{"line":76,"column":8},"end":{"line":76,"column":42}},"25":{"start":{"line":78,"column":8},"end":{"line":82,"column":11}},"26":{"start":{"line":84,"column":8},"end":{"line":84,"column":44}},"27":{"start":{"line":86,"column":8},"end":{"line":86,"column":49}},"28":{"start":{"line":88,"column":8},"end":{"line":91,"column":11}},"29":{"start":{"line":101,"column":0},"end":{"line":125,"column":3}},"30":{"start":{"line":102,"column":4},"end":{"line":124,"column":6}},"31":{"start":{"line":109,"column":12},"end":{"line":117,"column":13}},"32":{"start":{"line":110,"column":16},"end":{"line":110,"column":56}},"33":{"start":{"line":112,"column":16},"end":{"line":116,"column":19}},"34":{"start":{"line":119,"column":12},"end":{"line":122,"column":15}},"35":{"start":{"line":132,"column":0},"end":{"line":167,"column":3}},"36":{"start":{"line":133,"column":19},"end":{"line":133,"column":27}},"37":{"start":{"line":135,"column":4},"end":{"line":141,"column":5}},"38":{"start":{"line":136,"column":8},"end":{"line":140,"column":11}},"39":{"start":{"line":143,"column":4},"end":{"line":166,"column":6}},"40":{"start":{"line":151,"column":12},"end":{"line":159,"column":13}},"41":{"start":{"line":152,"column":16},"end":{"line":152,"column":59}},"42":{"start":{"line":154,"column":16},"end":{"line":158,"column":19}},"43":{"start":{"line":161,"column":12},"end":{"line":164,"column":15}},"44":{"start":{"line":174,"column":0},"end":{"line":201,"column":3}},"45":{"start":{"line":175,"column":23},"end":{"line":175,"column":36}},"46":{"start":{"line":177,"column":4},"end":{"line":200,"column":6}},"47":{"start":{"line":185,"column":12},"end":{"line":193,"column":13}},"48":{"start":{"line":186,"column":16},"end":{"line":186,"column":57}},"49":{"start":{"line":188,"column":16},"end":{"line":192,"column":19}},"50":{"start":{"line":195,"column":12},"end":{"line":198,"column":15}},"51":{"start":{"line":210,"column":0},"end":{"line":295,"column":3}},"52":{"start":{"line":211,"column":48},"end":{"line":211,"column":56}},"53":{"start":{"line":213,"column":4},"end":{"line":218,"column":5}},"54":{"start":{"line":214,"column":8},"end":{"line":217,"column":11}},"55":{"start":{"line":220,"column":27},"end":{"line":220,"column":43}},"56":{"start":{"line":221,"column":24},"end":{"line":221,"column":37}},"57":{"start":{"line":222,"column":33},"end":{"line":222,"column":55}},"58":{"start":{"line":224,"column":4},"end":{"line":237,"column":5}},"59":{"start":{"line":233,"column":8},"end":{"line":236,"column":11}},"60":{"start":{"line":239,"column":22},"end":{"line":239,"column":34}},"61":{"start":{"line":241,"column":8},"end":{"line":241,"column":50}},"62":{"start":{"line":243,"column":4},"end":{"line":294,"column":5}},"63":{"start":{"line":244,"column":29},"end":{"line":251,"column":9}},"64":{"start":{"line":253,"column":8},"end":{"line":258,"column":9}},"65":{"start":{"line":254,"column":12},"end":{"line":257,"column":15}},"66":{"start":{"line":260,"column":25},"end":{"line":279,"column":9}},"67":{"start":{"line":281,"column":8},"end":{"line":286,"column":11}},"68":{"start":{"line":288,"column":8},"end":{"line":288,"column":49}},"69":{"start":{"line":290,"column":8},"end":{"line":293,"column":11}},"70":{"start":{"line":301,"column":0},"end":{"line":407,"column":2}},"71":{"start":{"line":303,"column":8},"end":{"line":311,"column":9}},"72":{"start":{"line":307,"column":12},"end":{"line":310,"column":15}},"73":{"start":{"line":313,"column":8},"end":{"line":405,"column":9}},"74":{"start":{"line":315,"column":25},"end":{"line":315,"column":27}},"75":{"start":{"line":317,"column":12},"end":{"line":385,"column":13}},"76":{"start":{"line":318,"column":16},"end":{"line":348,"column":18}},"77":{"start":{"line":350,"column":16},"end":{"line":382,"column":18}},"78":{"start":{"line":384,"column":16},"end":{"line":384,"column":40}},"79":{"start":{"line":388,"column":16},"end":{"line":388,"column":58}},"80":{"start":{"line":390,"column":12},"end":{"line":393,"column":15}},"81":{"start":{"line":396,"column":12},"end":{"line":398,"column":14}},"82":{"start":{"line":400,"column":12},"end":{"line":404,"column":15}},"83":{"start":{"line":414,"column":0},"end":{"line":478,"column":2}},"84":{"start":{"line":415,"column":8},"end":{"line":420,"column":9}},"85":{"start":{"line":416,"column":12},"end":{"line":419,"column":15}},"86":{"start":{"line":422,"column":8},"end":{"line":476,"column":9}},"87":{"start":{"line":423,"column":30},"end":{"line":462,"column":13}},"88":{"start":{"line":464,"column":12},"end":{"line":467,"column":15}},"89":{"start":{"line":469,"column":12},"end":{"line":469,"column":57}},"90":{"start":{"line":471,"column":12},"end":{"line":475,"column":15}},"91":{"start":{"line":486,"column":0},"end":{"line":621,"column":2}},"92":{"start":{"line":487,"column":8},"end":{"line":492,"column":9}},"93":{"start":{"line":488,"column":12},"end":{"line":491,"column":15}},"94":{"start":{"line":494,"column":26},"end":{"line":494,"column":38}},"95":{"start":{"line":496,"column":8},"end":{"line":619,"column":9}},"96":{"start":{"line":497,"column":34},"end":{"line":520,"column":13}},"97":{"start":{"line":522,"column":37},"end":{"line":544,"column":13}},"98":{"start":{"line":546,"column":28},"end":{"line":546,"column":42}},"99":{"start":{"line":548,"column":33},"end":{"line":548,"column":35}},"100":{"start":{"line":550,"column":12},"end":{"line":556,"column":13}},"101":{"start":{"line":551,"column":16},"end":{"line":555,"column":19}},"102":{"start":{"line":558,"column":12},"end":{"line":564,"column":13}},"103":{"start":{"line":559,"column":16},"end":{"line":563,"column":19}},"104":{"start":{"line":566,"column":12},"end":{"line":572,"column":13}},"105":{"start":{"line":567,"column":16},"end":{"line":571,"column":19}},"106":{"start":{"line":574,"column":12},"end":{"line":580,"column":13}},"107":{"start":{"line":575,"column":16},"end":{"line":579,"column":19}},"108":{"start":{"line":582,"column":12},"end":{"line":607,"column":15}},"109":{"start":{"line":609,"column":12},"end":{"line":612,"column":14}},"110":{"start":{"line":614,"column":12},"end":{"line":618,"column":15}},"111":{"start":{"line":629,"column":0},"end":{"line":719,"column":2}},"112":{"start":{"line":631,"column":4},"end":{"line":639,"column":5}},"113":{"start":{"line":635,"column":8},"end":{"line":638,"column":11}},"114":{"start":{"line":641,"column":21},"end":{"line":641,"column":34}},"115":{"start":{"line":643,"column":4},"end":{"line":717,"column":9}},"116":{"start":{"line":645,"column":8},"end":{"line":645,"column":52}},"117":{"start":{"line":648,"column":8},"end":{"line":657,"column":10}},"118":{"start":{"line":660,"column":8},"end":{"line":667,"column":10}},"119":{"start":{"line":670,"column":8},"end":{"line":677,"column":10}},"120":{"start":{"line":680,"column":25},"end":{"line":687,"column":9}},"121":{"start":{"line":689,"column":8},"end":{"line":698,"column":9}},"122":{"start":{"line":691,"column":12},"end":{"line":691,"column":48}},"123":{"start":{"line":693,"column":12},"end":{"line":696,"column":15}},"124":{"start":{"line":700,"column":8},"end":{"line":700,"column":42}},"125":{"start":{"line":702,"column":8},"end":{"line":705,"column":11}},"126":{"start":{"line":709,"column":8},"end":{"line":709,"column":44}},"127":{"start":{"line":711,"column":8},"end":{"line":711,"column":49}},"128":{"start":{"line":713,"column":8},"end":{"line":716,"column":15}},"129":{"start":{"line":721,"column":0},"end":{"line":723,"column":2}}},"fnMap":{"0":{"name":"(anonymous_0)","decl":{"start":{"line":7,"column":44},"end":{"line":7,"column":45}},"loc":{"start":{"line":7,"column":64},"end":{"line":93,"column":1}},"line":7},"1":{"name":"(anonymous_1)","decl":{"start":{"line":101,"column":29},"end":{"line":101,"column":30}},"loc":{"start":{"line":101,"column":43},"end":{"line":125,"column":1}},"line":101},"2":{"name":"(anonymous_2)","decl":{"start":{"line":108,"column":8},"end":{"line":108,"column":9}},"loc":{"start":{"line":108,"column":26},"end":{"line":123,"column":9}},"line":108},"3":{"name":"(anonymous_3)","decl":{"start":{"line":132,"column":33},"end":{"line":132,"column":34}},"loc":{"start":{"line":132,"column":47},"end":{"line":167,"column":1}},"line":132},"4":{"name":"(anonymous_4)","decl":{"start":{"line":150,"column":8},"end":{"line":150,"column":9}},"loc":{"start":{"line":150,"column":26},"end":{"line":165,"column":9}},"line":150},"5":{"name":"(anonymous_5)","decl":{"start":{"line":174,"column":34},"end":{"line":174,"column":35}},"loc":{"start":{"line":174,"column":48},"end":{"line":201,"column":1}},"line":174},"6":{"name":"(anonymous_6)","decl":{"start":{"line":184,"column":8},"end":{"line":184,"column":9}},"loc":{"start":{"line":184,"column":26},"end":{"line":199,"column":9}},"line":184},"7":{"name":"(anonymous_7)","decl":{"start":{"line":210,"column":44},"end":{"line":210,"column":45}},"loc":{"start":{"line":210,"column":64},"end":{"line":295,"column":1}},"line":210},"8":{"name":"(anonymous_8)","decl":{"start":{"line":301,"column":51},"end":{"line":301,"column":52}},"loc":{"start":{"line":301,"column":71},"end":{"line":406,"column":5}},"line":301},"9":{"name":"(anonymous_9)","decl":{"start":{"line":414,"column":49},"end":{"line":414,"column":50}},"loc":{"start":{"line":414,"column":69},"end":{"line":477,"column":5}},"line":414},"10":{"name":"(anonymous_10)","decl":{"start":{"line":486,"column":51},"end":{"line":486,"column":52}},"loc":{"start":{"line":486,"column":71},"end":{"line":620,"column":5}},"line":486},"11":{"name":"(anonymous_11)","decl":{"start":{"line":629,"column":50},"end":{"line":629,"column":51}},"loc":{"start":{"line":629,"column":70},"end":{"line":718,"column":5}},"line":629}},"branchMap":{"0":{"loc":{"start":{"line":10,"column":4},"end":{"line":15,"column":5}},"type":"if","locations":[{"start":{"line":10,"column":4},"end":{"line":15,"column":5}},{"start":{},"end":{}}],"line":10},"1":{"loc":{"start":{"line":10,"column":8},"end":{"line":10,"column":66}},"type":"binary-expr","locations":[{"start":{"line":10,"column":8},"end":{"line":10,"column":36}},{"start":{"line":10,"column":40},"end":{"line":10,"column":66}}],"line":10},"2":{"loc":{"start":{"line":17,"column":4},"end":{"line":22,"column":5}},"type":"if","locations":[{"start":{"line":17,"column":4},"end":{"line":22,"column":5}},{"start":{},"end":{}}],"line":17},"3":{"loc":{"start":{"line":17,"column":8},"end":{"line":17,"column":59}},"type":"binary-expr","locations":[{"start":{"line":17,"column":8},"end":{"line":17,"column":14}},{"start":{"line":17,"column":18},"end":{"line":17,"column":38}},{"start":{"line":17,"column":42},"end":{"line":17,"column":59}}],"line":17},"4":{"loc":{"start":{"line":32,"column":8},"end":{"line":39,"column":9}},"type":"if","locations":[{"start":{"line":32,"column":8},"end":{"line":39,"column":9}},{"start":{},"end":{}}],"line":32},"5":{"loc":{"start":{"line":62,"column":42},"end":{"line":62,"column":60}},"type":"binary-expr","locations":[{"start":{"line":62,"column":42},"end":{"line":62,"column":54}},{"start":{"line":62,"column":58},"end":{"line":62,"column":60}}],"line":62},"6":{"loc":{"start":{"line":109,"column":12},"end":{"line":117,"column":13}},"type":"if","locations":[{"start":{"line":109,"column":12},"end":{"line":117,"column":13}},{"start":{},"end":{}}],"line":109},"7":{"loc":{"start":{"line":135,"column":4},"end":{"line":141,"column":5}},"type":"if","locations":[{"start":{"line":135,"column":4},"end":{"line":141,"column":5}},{"start":{},"end":{}}],"line":135},"8":{"loc":{"start":{"line":151,"column":12},"end":{"line":159,"column":13}},"type":"if","locations":[{"start":{"line":151,"column":12},"end":{"line":159,"column":13}},{"start":{},"end":{}}],"line":151},"9":{"loc":{"start":{"line":185,"column":12},"end":{"line":193,"column":13}},"type":"if","locations":[{"start":{"line":185,"column":12},"end":{"line":193,"column":13}},{"start":{},"end":{}}],"line":185},"10":{"loc":{"start":{"line":213,"column":4},"end":{"line":218,"column":5}},"type":"if","locations":[{"start":{"line":213,"column":4},"end":{"line":218,"column":5}},{"start":{},"end":{}}],"line":213},"11":{"loc":{"start":{"line":224,"column":4},"end":{"line":237,"column":5}},"type":"if","locations":[{"start":{"line":224,"column":4},"end":{"line":237,"column":5}},{"start":{},"end":{}}],"line":224},"12":{"loc":{"start":{"line":225,"column":8},"end":{"line":231,"column":42}},"type":"binary-expr","locations":[{"start":{"line":225,"column":8},"end":{"line":225,"column":41}},{"start":{"line":226,"column":8},"end":{"line":226,"column":38}},{"start":{"line":227,"column":8},"end":{"line":227,"column":47}},{"start":{"line":228,"column":8},"end":{"line":228,"column":27}},{"start":{"line":229,"column":8},"end":{"line":229,"column":33}},{"start":{"line":230,"column":8},"end":{"line":230,"column":23}},{"start":{"line":231,"column":8},"end":{"line":231,"column":42}}],"line":225},"13":{"loc":{"start":{"line":253,"column":8},"end":{"line":258,"column":9}},"type":"if","locations":[{"start":{"line":253,"column":8},"end":{"line":258,"column":9}},{"start":{},"end":{}}],"line":253},"14":{"loc":{"start":{"line":303,"column":8},"end":{"line":311,"column":9}},"type":"if","locations":[{"start":{"line":303,"column":8},"end":{"line":311,"column":9}},{"start":{},"end":{}}],"line":303},"15":{"loc":{"start":{"line":304,"column":12},"end":{"line":305,"column":38}},"type":"binary-expr","locations":[{"start":{"line":304,"column":12},"end":{"line":304,"column":40}},{"start":{"line":305,"column":12},"end":{"line":305,"column":38}}],"line":304},"16":{"loc":{"start":{"line":317,"column":12},"end":{"line":385,"column":13}},"type":"if","locations":[{"start":{"line":317,"column":12},"end":{"line":385,"column":13}},{"start":{"line":349,"column":19},"end":{"line":385,"column":13}}],"line":317},"17":{"loc":{"start":{"line":415,"column":8},"end":{"line":420,"column":9}},"type":"if","locations":[{"start":{"line":415,"column":8},"end":{"line":420,"column":9}},{"start":{},"end":{}}],"line":415},"18":{"loc":{"start":{"line":487,"column":8},"end":{"line":492,"column":9}},"type":"if","locations":[{"start":{"line":487,"column":8},"end":{"line":492,"column":9}},{"start":{},"end":{}}],"line":487},"19":{"loc":{"start":{"line":550,"column":12},"end":{"line":556,"column":13}},"type":"if","locations":[{"start":{"line":550,"column":12},"end":{"line":556,"column":13}},{"start":{},"end":{}}],"line":550},"20":{"loc":{"start":{"line":558,"column":12},"end":{"line":564,"column":13}},"type":"if","locations":[{"start":{"line":558,"column":12},"end":{"line":564,"column":13}},{"start":{},"end":{}}],"line":558},"21":{"loc":{"start":{"line":566,"column":12},"end":{"line":572,"column":13}},"type":"if","locations":[{"start":{"line":566,"column":12},"end":{"line":572,"column":13}},{"start":{},"end":{}}],"line":566},"22":{"loc":{"start":{"line":574,"column":12},"end":{"line":580,"column":13}},"type":"if","locations":[{"start":{"line":574,"column":12},"end":{"line":580,"column":13}},{"start":{},"end":{}}],"line":574},"23":{"loc":{"start":{"line":592,"column":24},"end":{"line":592,"column":58}},"type":"binary-expr","locations":[{"start":{"line":592,"column":24},"end":{"line":592,"column":53}},{"start":{"line":592,"column":57},"end":{"line":592,"column":58}}],"line":592},"24":{"loc":{"start":{"line":595,"column":24},"end":{"line":595,"column":58}},"type":"binary-expr","locations":[{"start":{"line":595,"column":24},"end":{"line":595,"column":53}},{"start":{"line":595,"column":57},"end":{"line":595,"column":58}}],"line":595},"25":{"loc":{"start":{"line":598,"column":24},"end":{"line":598,"column":58}},"type":"binary-expr","locations":[{"start":{"line":598,"column":24},"end":{"line":598,"column":53}},{"start":{"line":598,"column":57},"end":{"line":598,"column":58}}],"line":598},"26":{"loc":{"start":{"line":601,"column":24},"end":{"line":601,"column":62}},"type":"binary-expr","locations":[{"start":{"line":601,"column":24},"end":{"line":601,"column":57}},{"start":{"line":601,"column":61},"end":{"line":601,"column":62}}],"line":601},"27":{"loc":{"start":{"line":631,"column":4},"end":{"line":639,"column":5}},"type":"if","locations":[{"start":{"line":631,"column":4},"end":{"line":639,"column":5}},{"start":{},"end":{}}],"line":631},"28":{"loc":{"start":{"line":632,"column":8},"end":{"line":633,"column":34}},"type":"binary-expr","locations":[{"start":{"line":632,"column":8},"end":{"line":632,"column":36}},{"start":{"line":633,"column":8},"end":{"line":633,"column":34}}],"line":632},"29":{"loc":{"start":{"line":689,"column":8},"end":{"line":698,"column":9}},"type":"if","locations":[{"start":{"line":689,"column":8},"end":{"line":698,"column":9}},{"start":{},"end":{}}],"line":689}},"s":{"0":16,"1":16,"2":16,"3":16,"4":16,"5":6,"6":6,"7":1,"8":5,"9":2,"10":3,"11":3,"12":3,"13":2,"14":1,"15":1,"16":1,"17":1,"18":1,"19":1,"20":1,"21":1,"22":1,"23":4,"24":1,"25":1,"26":1,"27":1,"28":1,"29":16,"30":4,"31":4,"32":1,"33":1,"34":3,"35":16,"36":5,"37":5,"38":1,"39":4,"40":4,"41":1,"42":1,"43":3,"44":16,"45":4,"46":4,"47":4,"48":1,"49":1,"50":3,"51":16,"52":6,"53":6,"54":1,"55":5,"56":5,"57":5,"58":5,"59":1,"60":4,"61":4,"62":4,"63":4,"64":3,"65":1,"66":2,"67":2,"68":1,"69":1,"70":16,"71":6,"72":1,"73":5,"74":5,"75":5,"76":1,"77":4,"78":4,"79":5,"80":4,"81":1,"82":1,"83":16,"84":6,"85":2,"86":4,"87":4,"88":3,"89":1,"90":1,"91":16,"92":6,"93":1,"94":5,"95":5,"96":5,"97":4,"98":4,"99":4,"100":4,"101":3,"102":4,"103":1,"104":4,"105":2,"106":4,"107":1,"108":4,"109":1,"110":1,"111":16,"112":0,"113":0,"114":0,"115":0,"116":0,"117":0,"118":0,"119":0,"120":0,"121":0,"122":0,"123":0,"124":0,"125":0,"126":0,"127":0,"128":0,"129":16},"f":{"0":6,"1":4,"2":4,"3":5,"4":4,"5":4,"6":4,"7":6,"8":6,"9":6,"10":6,"11":0},"b":{"0":[1,5],"1":[6,1],"2":[2,3],"3":[5,4,4],"4":[1,1],"5":[1,0],"6":[1,3],"7":[1,4],"8":[1,3],"9":[1,3],"10":[1,5],"11":[1,4],"12":[5,5,5,5,5,5,5],"13":[1,2],"14":[1,5],"15":[6,2],"16":[1,4],"17":[2,4],"18":[1,5],"19":[3,1],"20":[1,3],"21":[2,2],"22":[1,3],"23":[4,1],"24":[4,1],"25":[4,1],"26":[4,1],"27":[0,0],"28":[0,0],"29":[0,0]},"_coverageSchema":"1a1c01bbd47fc00a2c39e90264f33305004495a9","hash":"7df4fd707122bd2f297ad58f12e3ccd6b17e150b"}
,"C:\\C270_PROJECT_TEAM2-main2\\backend\\app.js": {"path":"C:\\C270_PROJECT_TEAM2-main2\\backend\\app.js","statementMap":{"0":{"start":{"line":1,"column":16},"end":{"line":1,"column":34}},"1":{"start":{"line":2,"column":13},"end":{"line":2,"column":28}},"2":{"start":{"line":4,"column":27},"end":{"line":4,"column":48}},"3":{"start":{"line":5,"column":23},"end":{"line":5,"column":40}},"4":{"start":{"line":6,"column":24},"end":{"line":6,"column":42}},"5":{"start":{"line":8,"column":12},"end":{"line":8,"column":21}},"6":{"start":{"line":10,"column":0},"end":{"line":16,"column":2}},"7":{"start":{"line":18,"column":0},"end":{"line":18,"column":24}},"8":{"start":{"line":19,"column":0},"end":{"line":19,"column":48}},"9":{"start":{"line":21,"column":0},"end":{"line":26,"column":3}},"10":{"start":{"line":22,"column":4},"end":{"line":25,"column":7}},"11":{"start":{"line":28,"column":0},"end":{"line":28,"column":24}},"12":{"start":{"line":29,"column":0},"end":{"line":29,"column":20}},"13":{"start":{"line":30,"column":0},"end":{"line":30,"column":21}},"14":{"start":{"line":32,"column":0},"end":{"line":32,"column":21}}},"fnMap":{"0":{"name":"(anonymous_0)","decl":{"start":{"line":21,"column":19},"end":{"line":21,"column":20}},"loc":{"start":{"line":21,"column":33},"end":{"line":26,"column":1}},"line":21}},"branchMap":{},"s":{"0":16,"1":16,"2":16,"3":16,"4":16,"5":16,"6":16,"7":16,"8":16,"9":16,"10":1,"11":16,"12":16,"13":16,"14":16},"f":{"0":1},"b":{},"_coverageSchema":"1a1c01bbd47fc00a2c39e90264f33305004495a9","hash":"34d1efe2dc7ff5fdd6e20589f2b10c1c054783fb"}
,"C:\\C270_PROJECT_TEAM2-main2\\backend\\database.js": {"path":"C:\\C270_PROJECT_TEAM2-main2\\backend\\database.js","statementMap":{"0":{"start":{"line":1,"column":16},"end":{"line":1,"column":34}},"1":{"start":{"line":2,"column":14},"end":{"line":2,"column":31}},"2":{"start":{"line":3,"column":15},"end":{"line":3,"column":32}},"3":{"start":{"line":4,"column":21},"end":{"line":4,"column":44}},"4":{"start":{"line":5,"column":19},"end":{"line":5,"column":40}},"5":{"start":{"line":6,"column":15},"end":{"line":6,"column":32}},"6":{"start":{"line":7,"column":24},"end":{"line":7,"column":42}},"7":{"start":{"line":9,"column":0},"end":{"line":9,"column":27}},"8":{"start":{"line":11,"column":23},"end":{"line":11,"column":27}},"9":{"start":{"line":14,"column":4},"end":{"line":15,"column":34}},"10":{"start":{"line":17,"column":0},"end":{"line":42,"column":1}},"11":{"start":{"line":18,"column":4},"end":{"line":24,"column":7}},"12":{"start":{"line":26,"column":4},"end":{"line":37,"column":5}},"13":{"start":{"line":27,"column":8},"end":{"line":36,"column":11}},"14":{"start":{"line":28,"column":12},"end":{"line":35,"column":13}},"15":{"start":{"line":29,"column":16},"end":{"line":32,"column":18}},"16":{"start":{"line":34,"column":16},"end":{"line":34,"column":54}},"17":{"start":{"line":39,"column":4},"end":{"line":41,"column":6}},"18":{"start":{"line":44,"column":20},"end":{"line":44,"column":22}},"19":{"start":{"line":45,"column":23},"end":{"line":45,"column":39}},"20":{"start":{"line":47,"column":27},"end":{"line":47,"column":36}},"21":{"start":{"line":52,"column":0},"end":{"line":120,"column":1}},"22":{"start":{"line":53,"column":4},"end":{"line":73,"column":6}},"23":{"start":{"line":55,"column":12},"end":{"line":57,"column":14}},"24":{"start":{"line":61,"column":12},"end":{"line":71,"column":14}},"25":{"start":{"line":63,"column":20},"end":{"line":65,"column":22}},"26":{"start":{"line":75,"column":4},"end":{"line":80,"column":7}},"27":{"start":{"line":82,"column":4},"end":{"line":119,"column":7}},"28":{"start":{"line":83,"column":8},"end":{"line":86,"column":9}},"29":{"start":{"line":84,"column":12},"end":{"line":84,"column":58}},"30":{"start":{"line":85,"column":12},"end":{"line":85,"column":19}},"31":{"start":{"line":88,"column":8},"end":{"line":88,"column":40}},"32":{"start":{"line":90,"column":8},"end":{"line":103,"column":10}},"33":{"start":{"line":93,"column":16},"end":{"line":101,"column":17}},"34":{"start":{"line":97,"column":20},"end":{"line":100,"column":22}},"35":{"start":{"line":105,"column":8},"end":{"line":118,"column":10}},"36":{"start":{"line":108,"column":16},"end":{"line":116,"column":17}},"37":{"start":{"line":112,"column":20},"end":{"line":115,"column":22}},"38":{"start":{"line":132,"column":21},"end":{"line":145,"column":5}},"39":{"start":{"line":147,"column":24},"end":{"line":156,"column":5}},"40":{"start":{"line":158,"column":4},"end":{"line":169,"column":6}},"41":{"start":{"line":162,"column":12},"end":{"line":167,"column":13}},"42":{"start":{"line":163,"column":16},"end":{"line":166,"column":18}},"43":{"start":{"line":173,"column":0},"end":{"line":187,"column":3}},"44":{"start":{"line":174,"column":4},"end":{"line":186,"column":6}},"45":{"start":{"line":177,"column":12},"end":{"line":182,"column":13}},"46":{"start":{"line":178,"column":16},"end":{"line":178,"column":55}},"47":{"start":{"line":180,"column":16},"end":{"line":181,"column":19}},"48":{"start":{"line":184,"column":12},"end":{"line":184,"column":66}},"49":{"start":{"line":189,"column":0},"end":{"line":245,"column":3}},"50":{"start":{"line":190,"column":17},"end":{"line":190,"column":26}},"51":{"start":{"line":192,"column":4},"end":{"line":209,"column":5}},"52":{"start":{"line":193,"column":8},"end":{"line":203,"column":11}},"53":{"start":{"line":205,"column":8},"end":{"line":208,"column":11}},"54":{"start":{"line":211,"column":16},"end":{"line":225,"column":5}},"55":{"start":{"line":227,"column":4},"end":{"line":244,"column":7}},"56":{"start":{"line":228,"column":8},"end":{"line":238,"column":9}},"57":{"start":{"line":229,"column":12},"end":{"line":232,"column":14}},"58":{"start":{"line":234,"column":12},"end":{"line":237,"column":15}},"59":{"start":{"line":240,"column":8},"end":{"line":243,"column":11}},"60":{"start":{"line":247,"column":0},"end":{"line":264,"column":3}},"61":{"start":{"line":248,"column":4},"end":{"line":263,"column":6}},"62":{"start":{"line":252,"column":12},"end":{"line":255,"column":13}},"63":{"start":{"line":253,"column":16},"end":{"line":253,"column":57}},"64":{"start":{"line":254,"column":16},"end":{"line":254,"column":101}},"65":{"start":{"line":257,"column":12},"end":{"line":259,"column":13}},"66":{"start":{"line":258,"column":16},"end":{"line":258,"column":96}},"67":{"start":{"line":261,"column":12},"end":{"line":261,"column":71}},"68":{"start":{"line":266,"column":0},"end":{"line":282,"column":3}},"69":{"start":{"line":267,"column":18},"end":{"line":267,"column":48}},"70":{"start":{"line":268,"column":20},"end":{"line":268,"column":52}},"71":{"start":{"line":270,"column":4},"end":{"line":281,"column":6}},"72":{"start":{"line":274,"column":12},"end":{"line":277,"column":13}},"73":{"start":{"line":275,"column":16},"end":{"line":275,"column":60}},"74":{"start":{"line":276,"column":16},"end":{"line":276,"column":103}},"75":{"start":{"line":279,"column":12},"end":{"line":279,"column":93}},"76":{"start":{"line":284,"column":0},"end":{"line":481,"column":2}},"77":{"start":{"line":285,"column":24},"end":{"line":285,"column":49}},"78":{"start":{"line":286,"column":21},"end":{"line":286,"column":57}},"79":{"start":{"line":287,"column":24},"end":{"line":287,"column":41}},"80":{"start":{"line":289,"column":8},"end":{"line":293,"column":9}},"81":{"start":{"line":290,"column":12},"end":{"line":292,"column":15}},"82":{"start":{"line":295,"column":8},"end":{"line":299,"column":9}},"83":{"start":{"line":296,"column":12},"end":{"line":298,"column":15}},"84":{"start":{"line":301,"column":23},"end":{"line":301,"column":32}},"85":{"start":{"line":303,"column":8},"end":{"line":316,"column":9}},"86":{"start":{"line":307,"column":12},"end":{"line":307,"column":31}},"87":{"start":{"line":308,"column":15},"end":{"line":316,"column":9}},"88":{"start":{"line":311,"column":12},"end":{"line":311,"column":33}},"89":{"start":{"line":312,"column":15},"end":{"line":316,"column":9}},"90":{"start":{"line":315,"column":12},"end":{"line":315,"column":33}},"91":{"start":{"line":318,"column":25},"end":{"line":324,"column":9}},"92":{"start":{"line":326,"column":8},"end":{"line":479,"column":10}},"93":{"start":{"line":329,"column":16},"end":{"line":337,"column":17}},"94":{"start":{"line":330,"column":20},"end":{"line":330,"column":71}},"95":{"start":{"line":332,"column":20},"end":{"line":336,"column":23}},"96":{"start":{"line":339,"column":16},"end":{"line":359,"column":17}},"97":{"start":{"line":340,"column":41},"end":{"line":340,"column":51}},"98":{"start":{"line":342,"column":20},"end":{"line":352,"column":21}},"99":{"start":{"line":345,"column":24},"end":{"line":351,"column":31}},"100":{"start":{"line":354,"column":20},"end":{"line":358,"column":23}},"101":{"start":{"line":361,"column":16},"end":{"line":477,"column":17}},"102":{"start":{"line":362,"column":43},"end":{"line":362,"column":82}},"103":{"start":{"line":363,"column":38},"end":{"line":372,"column":21}},"104":{"start":{"line":374,"column":20},"end":{"line":465,"column":22}},"105":{"start":{"line":378,"column":28},"end":{"line":385,"column":29}},"106":{"start":{"line":378,"column":46},"end":{"line":378,"column":97}},"107":{"start":{"line":380,"column":32},"end":{"line":384,"column":35}},"108":{"start":{"line":387,"column":28},"end":{"line":457,"column":29}},"109":{"start":{"line":388,"column":32},"end":{"line":446,"column":33}},"110":{"start":{"line":389,"column":36},"end":{"line":389,"column":115}},"111":{"start":{"line":391,"column":36},"end":{"line":441,"column":35}},"112":{"start":{"line":443,"column":36},"end":{"line":445,"column":38}},"113":{"start":{"line":448,"column":32},"end":{"line":451,"column":34}},"114":{"start":{"line":459,"column":28},"end":{"line":463,"column":31}},"115":{"start":{"line":467,"column":20},"end":{"line":468,"column":58}},"116":{"start":{"line":470,"column":20},"end":{"line":476,"column":27}},"117":{"start":{"line":484,"column":0},"end":{"line":580,"column":3}},"118":{"start":{"line":486,"column":8},"end":{"line":486,"column":40}},"119":{"start":{"line":488,"column":21},"end":{"line":488,"column":38}},"120":{"start":{"line":490,"column":4},"end":{"line":496,"column":5}},"121":{"start":{"line":491,"column":8},"end":{"line":495,"column":11}},"122":{"start":{"line":499,"column":8},"end":{"line":499,"column":37}},"123":{"start":{"line":501,"column":21},"end":{"line":512,"column":5}},"124":{"start":{"line":514,"column":4},"end":{"line":579,"column":6}},"125":{"start":{"line":518,"column":12},"end":{"line":526,"column":13}},"126":{"start":{"line":519,"column":16},"end":{"line":519,"column":59}},"127":{"start":{"line":521,"column":16},"end":{"line":525,"column":19}},"128":{"start":{"line":528,"column":12},"end":{"line":534,"column":13}},"129":{"start":{"line":529,"column":16},"end":{"line":533,"column":19}},"130":{"start":{"line":536,"column":25},"end":{"line":536,"column":35}},"131":{"start":{"line":538,"column":12},"end":{"line":577,"column":13}},"132":{"start":{"line":540,"column":20},"end":{"line":540,"column":64}},"133":{"start":{"line":542,"column":16},"end":{"line":548,"column":17}},"134":{"start":{"line":543,"column":20},"end":{"line":547,"column":23}},"135":{"start":{"line":550,"column":32},"end":{"line":550,"column":104}},"136":{"start":{"line":552,"column":20},"end":{"line":556,"column":21}},"137":{"start":{"line":558,"column":16},"end":{"line":566,"column":19}},"138":{"start":{"line":568,"column":16},"end":{"line":570,"column":18}},"139":{"start":{"line":572,"column":16},"end":{"line":576,"column":19}},"140":{"start":{"line":582,"column":0},"end":{"line":696,"column":2}},"141":{"start":{"line":583,"column":8},"end":{"line":583,"column":49}},"142":{"start":{"line":585,"column":21},"end":{"line":585,"column":57}},"143":{"start":{"line":587,"column":8},"end":{"line":593,"column":9}},"144":{"start":{"line":588,"column":12},"end":{"line":592,"column":15}},"145":{"start":{"line":595,"column":28},"end":{"line":600,"column":9}},"146":{"start":{"line":602,"column":8},"end":{"line":694,"column":10}},"147":{"start":{"line":606,"column":16},"end":{"line":616,"column":17}},"148":{"start":{"line":607,"column":20},"end":{"line":608,"column":22}},"149":{"start":{"line":610,"column":20},"end":{"line":615,"column":27}},"150":{"start":{"line":618,"column":16},"end":{"line":624,"column":17}},"151":{"start":{"line":619,"column":20},"end":{"line":623,"column":27}},"152":{"start":{"line":626,"column":29},"end":{"line":626,"column":39}},"153":{"start":{"line":629,"column":20},"end":{"line":629,"column":63}},"154":{"start":{"line":632,"column":20},"end":{"line":632,"column":47}},"155":{"start":{"line":634,"column":16},"end":{"line":640,"column":18}},"156":{"start":{"line":642,"column":16},"end":{"line":650,"column":17}},"157":{"start":{"line":643,"column":20},"end":{"line":643,"column":53}},"158":{"start":{"line":645,"column":20},"end":{"line":649,"column":23}},"159":{"start":{"line":652,"column":16},"end":{"line":692,"column":17}},"160":{"start":{"line":653,"column":20},"end":{"line":676,"column":22}},"161":{"start":{"line":678,"column":20},"end":{"line":682,"column":23}},"162":{"start":{"line":684,"column":20},"end":{"line":684,"column":67}},"163":{"start":{"line":685,"column":20},"end":{"line":685,"column":53}},"164":{"start":{"line":687,"column":20},"end":{"line":691,"column":27}},"165":{"start":{"line":699,"column":0},"end":{"line":791,"column":3}},"166":{"start":{"line":700,"column":18},"end":{"line":700,"column":54}},"167":{"start":{"line":701,"column":22},"end":{"line":701,"column":48}},"168":{"start":{"line":702,"column":24},"end":{"line":702,"column":44}},"169":{"start":{"line":704,"column":4},"end":{"line":710,"column":5}},"170":{"start":{"line":705,"column":8},"end":{"line":709,"column":11}},"171":{"start":{"line":712,"column":4},"end":{"line":718,"column":5}},"172":{"start":{"line":713,"column":8},"end":{"line":717,"column":11}},"173":{"start":{"line":721,"column":8},"end":{"line":721,"column":37}},"174":{"start":{"line":723,"column":4},"end":{"line":729,"column":5}},"175":{"start":{"line":724,"column":8},"end":{"line":728,"column":11}},"176":{"start":{"line":731,"column":4},"end":{"line":739,"column":5}},"177":{"start":{"line":732,"column":8},"end":{"line":732,"column":41}},"178":{"start":{"line":734,"column":8},"end":{"line":738,"column":11}},"179":{"start":{"line":741,"column":4},"end":{"line":746,"column":5}},"180":{"start":{"line":742,"column":8},"end":{"line":745,"column":11}},"181":{"start":{"line":748,"column":4},"end":{"line":790,"column":5}},"182":{"start":{"line":749,"column":31},"end":{"line":749,"column":73}},"183":{"start":{"line":751,"column":8},"end":{"line":782,"column":10}},"184":{"start":{"line":755,"column":16},"end":{"line":764,"column":17}},"185":{"start":{"line":756,"column":20},"end":{"line":757,"column":22}},"186":{"start":{"line":759,"column":20},"end":{"line":763,"column":23}},"187":{"start":{"line":766,"column":16},"end":{"line":772,"column":17}},"188":{"start":{"line":767,"column":20},"end":{"line":771,"column":23}},"189":{"start":{"line":774,"column":16},"end":{"line":774,"column":49}},"190":{"start":{"line":776,"column":16},"end":{"line":780,"column":19}},"191":{"start":{"line":784,"column":8},"end":{"line":784,"column":63}},"192":{"start":{"line":786,"column":8},"end":{"line":789,"column":11}},"193":{"start":{"line":793,"column":0},"end":{"line":832,"column":2}},"194":{"start":{"line":794,"column":23},"end":{"line":794,"column":36}},"195":{"start":{"line":795,"column":19},"end":{"line":795,"column":60}},"196":{"start":{"line":797,"column":8},"end":{"line":830,"column":10}},"197":{"start":{"line":801,"column":16},"end":{"line":812,"column":17}},"198":{"start":{"line":802,"column":20},"end":{"line":805,"column":22}},"199":{"start":{"line":807,"column":20},"end":{"line":811,"column":23}},"200":{"start":{"line":814,"column":16},"end":{"line":822,"column":17}},"201":{"start":{"line":817,"column":20},"end":{"line":821,"column":23}},"202":{"start":{"line":824,"column":16},"end":{"line":828,"column":19}},"203":{"start":{"line":835,"column":0},"end":{"line":839,"column":2}}},"fnMap":{"0":{"name":"(anonymous_0)","decl":{"start":{"line":27,"column":32},"end":{"line":27,"column":33}},"loc":{"start":{"line":27,"column":43},"end":{"line":36,"column":9}},"line":27},"1":{"name":"(anonymous_1)","decl":{"start":{"line":54,"column":8},"end":{"line":54,"column":9}},"loc":{"start":{"line":54,"column":16},"end":{"line":58,"column":9}},"line":54},"2":{"name":"(anonymous_2)","decl":{"start":{"line":60,"column":8},"end":{"line":60,"column":9}},"loc":{"start":{"line":60,"column":18},"end":{"line":72,"column":9}},"line":60},"3":{"name":"(anonymous_3)","decl":{"start":{"line":62,"column":23},"end":{"line":62,"column":24}},"loc":{"start":{"line":62,"column":35},"end":{"line":66,"column":17}},"line":62},"4":{"name":"(anonymous_4)","decl":{"start":{"line":68,"column":34},"end":{"line":68,"column":35}},"loc":{"start":{"line":68,"column":46},"end":{"line":68,"column":48}},"line":68},"5":{"name":"(anonymous_5)","decl":{"start":{"line":69,"column":24},"end":{"line":69,"column":25}},"loc":{"start":{"line":69,"column":36},"end":{"line":69,"column":38}},"line":69},"6":{"name":"(anonymous_6)","decl":{"start":{"line":70,"column":26},"end":{"line":70,"column":27}},"loc":{"start":{"line":70,"column":38},"end":{"line":70,"column":40}},"line":70},"7":{"name":"(anonymous_7)","decl":{"start":{"line":82,"column":21},"end":{"line":82,"column":22}},"loc":{"start":{"line":82,"column":30},"end":{"line":119,"column":5}},"line":82},"8":{"name":"(anonymous_8)","decl":{"start":{"line":92,"column":12},"end":{"line":92,"column":13}},"loc":{"start":{"line":92,"column":26},"end":{"line":102,"column":13}},"line":92},"9":{"name":"(anonymous_9)","decl":{"start":{"line":107,"column":12},"end":{"line":107,"column":13}},"loc":{"start":{"line":107,"column":28},"end":{"line":117,"column":13}},"line":107},"10":{"name":"createAuditLog","decl":{"start":{"line":122,"column":9},"end":{"line":122,"column":23}},"loc":{"start":{"line":131,"column":3},"end":{"line":170,"column":1}},"line":131},"11":{"name":"(anonymous_11)","decl":{"start":{"line":161,"column":8},"end":{"line":161,"column":9}},"loc":{"start":{"line":161,"column":24},"end":{"line":168,"column":9}},"line":161},"12":{"name":"(anonymous_12)","decl":{"start":{"line":173,"column":32},"end":{"line":173,"column":33}},"loc":{"start":{"line":173,"column":46},"end":{"line":187,"column":1}},"line":173},"13":{"name":"(anonymous_13)","decl":{"start":{"line":176,"column":8},"end":{"line":176,"column":9}},"loc":{"start":{"line":176,"column":26},"end":{"line":185,"column":9}},"line":176},"14":{"name":"(anonymous_14)","decl":{"start":{"line":189,"column":46},"end":{"line":189,"column":47}},"loc":{"start":{"line":189,"column":60},"end":{"line":245,"column":1}},"line":189},"15":{"name":"(anonymous_15)","decl":{"start":{"line":227,"column":24},"end":{"line":227,"column":25}},"loc":{"start":{"line":227,"column":44},"end":{"line":244,"column":5}},"line":227},"16":{"name":"(anonymous_16)","decl":{"start":{"line":247,"column":44},"end":{"line":247,"column":45}},"loc":{"start":{"line":247,"column":58},"end":{"line":264,"column":1}},"line":247},"17":{"name":"(anonymous_17)","decl":{"start":{"line":251,"column":8},"end":{"line":251,"column":9}},"loc":{"start":{"line":251,"column":26},"end":{"line":262,"column":9}},"line":251},"18":{"name":"(anonymous_18)","decl":{"start":{"line":266,"column":44},"end":{"line":266,"column":45}},"loc":{"start":{"line":266,"column":58},"end":{"line":282,"column":1}},"line":266},"19":{"name":"(anonymous_19)","decl":{"start":{"line":273,"column":8},"end":{"line":273,"column":9}},"loc":{"start":{"line":273,"column":17},"end":{"line":280,"column":9}},"line":273},"20":{"name":"(anonymous_20)","decl":{"start":{"line":284,"column":37},"end":{"line":284,"column":38}},"loc":{"start":{"line":284,"column":57},"end":{"line":480,"column":5}},"line":284},"21":{"name":"(anonymous_21)","decl":{"start":{"line":328,"column":12},"end":{"line":328,"column":13}},"loc":{"start":{"line":328,"column":43},"end":{"line":478,"column":13}},"line":328},"22":{"name":"(anonymous_22)","decl":{"start":{"line":377,"column":24},"end":{"line":377,"column":25}},"loc":{"start":{"line":377,"column":47},"end":{"line":464,"column":25}},"line":377},"23":{"name":"(anonymous_23)","decl":{"start":{"line":484,"column":30},"end":{"line":484,"column":31}},"loc":{"start":{"line":484,"column":44},"end":{"line":580,"column":1}},"line":484},"24":{"name":"(anonymous_24)","decl":{"start":{"line":517,"column":8},"end":{"line":517,"column":9}},"loc":{"start":{"line":517,"column":32},"end":{"line":578,"column":9}},"line":517},"25":{"name":"(anonymous_25)","decl":{"start":{"line":582,"column":38},"end":{"line":582,"column":39}},"loc":{"start":{"line":582,"column":52},"end":{"line":695,"column":5}},"line":582},"26":{"name":"(anonymous_26)","decl":{"start":{"line":605,"column":12},"end":{"line":605,"column":13}},"loc":{"start":{"line":605,"column":36},"end":{"line":693,"column":13}},"line":605},"27":{"name":"(anonymous_27)","decl":{"start":{"line":699,"column":38},"end":{"line":699,"column":39}},"loc":{"start":{"line":699,"column":58},"end":{"line":791,"column":1}},"line":699},"28":{"name":"(anonymous_28)","decl":{"start":{"line":754,"column":12},"end":{"line":754,"column":13}},"loc":{"start":{"line":754,"column":30},"end":{"line":781,"column":13}},"line":754},"29":{"name":"(anonymous_29)","decl":{"start":{"line":793,"column":40},"end":{"line":793,"column":41}},"loc":{"start":{"line":793,"column":54},"end":{"line":831,"column":5}},"line":793},"30":{"name":"(anonymous_30)","decl":{"start":{"line":800,"column":12},"end":{"line":800,"column":13}},"loc":{"start":{"line":800,"column":31},"end":{"line":829,"column":13}},"line":800}},"branchMap":{"0":{"loc":{"start":{"line":14,"column":4},"end":{"line":15,"column":34}},"type":"binary-expr","locations":[{"start":{"line":14,"column":4},"end":{"line":14,"column":26}},{"start":{"line":15,"column":4},"end":{"line":15,"column":34}}],"line":14},"1":{"loc":{"start":{"line":17,"column":0},"end":{"line":42,"column":1}},"type":"if","locations":[{"start":{"line":17,"column":0},"end":{"line":42,"column":1}},{"start":{"line":38,"column":7},"end":{"line":42,"column":1}}],"line":17},"2":{"loc":{"start":{"line":17,"column":4},"end":{"line":17,"column":58}},"type":"binary-expr","locations":[{"start":{"line":17,"column":4},"end":{"line":17,"column":35}},{"start":{"line":17,"column":39},"end":{"line":17,"column":58}}],"line":17},"3":{"loc":{"start":{"line":26,"column":4},"end":{"line":37,"column":5}},"type":"if","locations":[{"start":{"line":26,"column":4},"end":{"line":37,"column":5}},{"start":{},"end":{}}],"line":26},"4":{"loc":{"start":{"line":28,"column":12},"end":{"line":35,"column":13}},"type":"if","locations":[{"start":{"line":28,"column":12},"end":{"line":35,"column":13}},{"start":{"line":33,"column":19},"end":{"line":35,"column":13}}],"line":28},"5":{"loc":{"start":{"line":52,"column":0},"end":{"line":120,"column":1}},"type":"if","locations":[{"start":{"line":52,"column":0},"end":{"line":120,"column":1}},{"start":{"line":74,"column":7},"end":{"line":120,"column":1}}],"line":52},"6":{"loc":{"start":{"line":76,"column":14},"end":{"line":76,"column":48}},"type":"binary-expr","locations":[{"start":{"line":76,"column":14},"end":{"line":76,"column":33}},{"start":{"line":76,"column":37},"end":{"line":76,"column":48}}],"line":76},"7":{"loc":{"start":{"line":77,"column":14},"end":{"line":77,"column":43}},"type":"binary-expr","locations":[{"start":{"line":77,"column":14},"end":{"line":77,"column":33}},{"start":{"line":77,"column":37},"end":{"line":77,"column":43}}],"line":77},"8":{"loc":{"start":{"line":78,"column":18},"end":{"line":78,"column":56}},"type":"binary-expr","locations":[{"start":{"line":78,"column":18},"end":{"line":78,"column":41}},{"start":{"line":78,"column":45},"end":{"line":78,"column":56}}],"line":78},"9":{"loc":{"start":{"line":79,"column":18},"end":{"line":79,"column":57}},"type":"binary-expr","locations":[{"start":{"line":79,"column":18},"end":{"line":79,"column":37}},{"start":{"line":79,"column":41},"end":{"line":79,"column":57}}],"line":79},"10":{"loc":{"start":{"line":83,"column":8},"end":{"line":86,"column":9}},"type":"if","locations":[{"start":{"line":83,"column":8},"end":{"line":86,"column":9}},{"start":{},"end":{}}],"line":83},"11":{"loc":{"start":{"line":93,"column":16},"end":{"line":101,"column":17}},"type":"if","locations":[{"start":{"line":93,"column":16},"end":{"line":101,"column":17}},{"start":{},"end":{}}],"line":93},"12":{"loc":{"start":{"line":94,"column":20},"end":{"line":95,"column":56}},"type":"binary-expr","locations":[{"start":{"line":94,"column":20},"end":{"line":94,"column":28}},{"start":{"line":95,"column":20},"end":{"line":95,"column":56}}],"line":94},"13":{"loc":{"start":{"line":108,"column":16},"end":{"line":116,"column":17}},"type":"if","locations":[{"start":{"line":108,"column":16},"end":{"line":116,"column":17}},{"start":{},"end":{}}],"line":108},"14":{"loc":{"start":{"line":109,"column":20},"end":{"line":110,"column":58}},"type":"binary-expr","locations":[{"start":{"line":109,"column":20},"end":{"line":109,"column":30}},{"start":{"line":110,"column":20},"end":{"line":110,"column":58}}],"line":109},"15":{"loc":{"start":{"line":123,"column":4},"end":{"line":123,"column":17}},"type":"default-arg","locations":[{"start":{"line":123,"column":13},"end":{"line":123,"column":17}}],"line":123},"16":{"loc":{"start":{"line":124,"column":4},"end":{"line":124,"column":19}},"type":"default-arg","locations":[{"start":{"line":124,"column":15},"end":{"line":124,"column":19}}],"line":124},"17":{"loc":{"start":{"line":125,"column":4},"end":{"line":125,"column":16}},"type":"default-arg","locations":[{"start":{"line":125,"column":12},"end":{"line":125,"column":16}}],"line":125},"18":{"loc":{"start":{"line":126,"column":4},"end":{"line":126,"column":15}},"type":"default-arg","locations":[{"start":{"line":126,"column":11},"end":{"line":126,"column":15}}],"line":126},"19":{"loc":{"start":{"line":130,"column":4},"end":{"line":130,"column":20}},"type":"default-arg","locations":[{"start":{"line":130,"column":16},"end":{"line":130,"column":20}}],"line":130},"20":{"loc":{"start":{"line":162,"column":12},"end":{"line":167,"column":13}},"type":"if","locations":[{"start":{"line":162,"column":12},"end":{"line":167,"column":13}},{"start":{},"end":{}}],"line":162},"21":{"loc":{"start":{"line":177,"column":12},"end":{"line":182,"column":13}},"type":"if","locations":[{"start":{"line":177,"column":12},"end":{"line":182,"column":13}},{"start":{},"end":{}}],"line":177},"22":{"loc":{"start":{"line":192,"column":4},"end":{"line":209,"column":5}},"type":"if","locations":[{"start":{"line":192,"column":4},"end":{"line":209,"column":5}},{"start":{},"end":{}}],"line":192},"23":{"loc":{"start":{"line":228,"column":8},"end":{"line":238,"column":9}},"type":"if","locations":[{"start":{"line":228,"column":8},"end":{"line":238,"column":9}},{"start":{},"end":{}}],"line":228},"24":{"loc":{"start":{"line":252,"column":12},"end":{"line":255,"column":13}},"type":"if","locations":[{"start":{"line":252,"column":12},"end":{"line":255,"column":13}},{"start":{},"end":{}}],"line":252},"25":{"loc":{"start":{"line":257,"column":12},"end":{"line":259,"column":13}},"type":"if","locations":[{"start":{"line":257,"column":12},"end":{"line":259,"column":13}},{"start":{},"end":{}}],"line":257},"26":{"loc":{"start":{"line":267,"column":18},"end":{"line":267,"column":48}},"type":"binary-expr","locations":[{"start":{"line":267,"column":18},"end":{"line":267,"column":40}},{"start":{"line":267,"column":44},"end":{"line":267,"column":48}}],"line":267},"27":{"loc":{"start":{"line":268,"column":20},"end":{"line":268,"column":52}},"type":"binary-expr","locations":[{"start":{"line":268,"column":20},"end":{"line":268,"column":44}},{"start":{"line":268,"column":48},"end":{"line":268,"column":52}}],"line":268},"28":{"loc":{"start":{"line":274,"column":12},"end":{"line":277,"column":13}},"type":"if","locations":[{"start":{"line":274,"column":12},"end":{"line":277,"column":13}},{"start":{},"end":{}}],"line":274},"29":{"loc":{"start":{"line":289,"column":8},"end":{"line":293,"column":9}},"type":"if","locations":[{"start":{"line":289,"column":8},"end":{"line":293,"column":9}},{"start":{},"end":{}}],"line":289},"30":{"loc":{"start":{"line":289,"column":12},"end":{"line":289,"column":44}},"type":"binary-expr","locations":[{"start":{"line":289,"column":12},"end":{"line":289,"column":21}},{"start":{"line":289,"column":25},"end":{"line":289,"column":31}},{"start":{"line":289,"column":35},"end":{"line":289,"column":44}}],"line":289},"31":{"loc":{"start":{"line":295,"column":8},"end":{"line":299,"column":9}},"type":"if","locations":[{"start":{"line":295,"column":8},"end":{"line":299,"column":9}},{"start":{},"end":{}}],"line":295},"32":{"loc":{"start":{"line":303,"column":8},"end":{"line":316,"column":9}},"type":"if","locations":[{"start":{"line":303,"column":8},"end":{"line":316,"column":9}},{"start":{"line":308,"column":15},"end":{"line":316,"column":9}}],"line":303},"33":{"loc":{"start":{"line":304,"column":12},"end":{"line":305,"column":38}},"type":"binary-expr","locations":[{"start":{"line":304,"column":12},"end":{"line":304,"column":43}},{"start":{"line":305,"column":12},"end":{"line":305,"column":38}}],"line":304},"34":{"loc":{"start":{"line":308,"column":15},"end":{"line":316,"column":9}},"type":"if","locations":[{"start":{"line":308,"column":15},"end":{"line":316,"column":9}},{"start":{"line":312,"column":15},"end":{"line":316,"column":9}}],"line":308},"35":{"loc":{"start":{"line":312,"column":15},"end":{"line":316,"column":9}},"type":"if","locations":[{"start":{"line":312,"column":15},"end":{"line":316,"column":9}},{"start":{},"end":{}}],"line":312},"36":{"loc":{"start":{"line":329,"column":16},"end":{"line":337,"column":17}},"type":"if","locations":[{"start":{"line":329,"column":16},"end":{"line":337,"column":17}},{"start":{},"end":{}}],"line":329},"37":{"loc":{"start":{"line":339,"column":16},"end":{"line":359,"column":17}},"type":"if","locations":[{"start":{"line":339,"column":16},"end":{"line":359,"column":17}},{"start":{},"end":{}}],"line":339},"38":{"loc":{"start":{"line":342,"column":20},"end":{"line":352,"column":21}},"type":"if","locations":[{"start":{"line":342,"column":20},"end":{"line":352,"column":21}},{"start":{},"end":{}}],"line":342},"39":{"loc":{"start":{"line":378,"column":28},"end":{"line":385,"column":29}},"type":"if","locations":[{"start":{"line":378,"column":28},"end":{"line":385,"column":29}},{"start":{},"end":{}}],"line":378},"40":{"loc":{"start":{"line":388,"column":32},"end":{"line":446,"column":33}},"type":"if","locations":[{"start":{"line":388,"column":32},"end":{"line":446,"column":33}},{"start":{"line":390,"column":39},"end":{"line":446,"column":33}}],"line":388},"41":{"loc":{"start":{"line":490,"column":4},"end":{"line":496,"column":5}},"type":"if","locations":[{"start":{"line":490,"column":4},"end":{"line":496,"column":5}},{"start":{},"end":{}}],"line":490},"42":{"loc":{"start":{"line":490,"column":8},"end":{"line":490,"column":37}},"type":"binary-expr","locations":[{"start":{"line":490,"column":8},"end":{"line":490,"column":24}},{"start":{"line":490,"column":28},"end":{"line":490,"column":37}}],"line":490},"43":{"loc":{"start":{"line":518,"column":12},"end":{"line":526,"column":13}},"type":"if","locations":[{"start":{"line":518,"column":12},"end":{"line":526,"column":13}},{"start":{},"end":{}}],"line":518},"44":{"loc":{"start":{"line":528,"column":12},"end":{"line":534,"column":13}},"type":"if","locations":[{"start":{"line":528,"column":12},"end":{"line":534,"column":13}},{"start":{},"end":{}}],"line":528},"45":{"loc":{"start":{"line":542,"column":16},"end":{"line":548,"column":17}},"type":"if","locations":[{"start":{"line":542,"column":16},"end":{"line":548,"column":17}},{"start":{},"end":{}}],"line":542},"46":{"loc":{"start":{"line":552,"column":46},"end":{"line":552,"column":88}},"type":"binary-expr","locations":[{"start":{"line":552,"column":46},"end":{"line":552,"column":68}},{"start":{"line":552,"column":71},"end":{"line":552,"column":88}}],"line":552},"47":{"loc":{"start":{"line":587,"column":8},"end":{"line":593,"column":9}},"type":"if","locations":[{"start":{"line":587,"column":8},"end":{"line":593,"column":9}},{"start":{},"end":{}}],"line":587},"48":{"loc":{"start":{"line":606,"column":16},"end":{"line":616,"column":17}},"type":"if","locations":[{"start":{"line":606,"column":16},"end":{"line":616,"column":17}},{"start":{},"end":{}}],"line":606},"49":{"loc":{"start":{"line":618,"column":16},"end":{"line":624,"column":17}},"type":"if","locations":[{"start":{"line":618,"column":16},"end":{"line":624,"column":17}},{"start":{},"end":{}}],"line":618},"50":{"loc":{"start":{"line":642,"column":16},"end":{"line":650,"column":17}},"type":"if","locations":[{"start":{"line":642,"column":16},"end":{"line":650,"column":17}},{"start":{},"end":{}}],"line":642},"51":{"loc":{"start":{"line":704,"column":4},"end":{"line":710,"column":5}},"type":"if","locations":[{"start":{"line":704,"column":4},"end":{"line":710,"column":5}},{"start":{},"end":{}}],"line":704},"52":{"loc":{"start":{"line":704,"column":8},"end":{"line":704,"column":44}},"type":"binary-expr","locations":[{"start":{"line":704,"column":8},"end":{"line":704,"column":14}},{"start":{"line":704,"column":18},"end":{"line":704,"column":28}},{"start":{"line":704,"column":32},"end":{"line":704,"column":44}}],"line":704},"53":{"loc":{"start":{"line":712,"column":4},"end":{"line":718,"column":5}},"type":"if","locations":[{"start":{"line":712,"column":4},"end":{"line":718,"column":5}},{"start":{},"end":{}}],"line":712},"54":{"loc":{"start":{"line":723,"column":4},"end":{"line":729,"column":5}},"type":"if","locations":[{"start":{"line":723,"column":4},"end":{"line":729,"column":5}},{"start":{},"end":{}}],"line":723},"55":{"loc":{"start":{"line":731,"column":4},"end":{"line":739,"column":5}},"type":"if","locations":[{"start":{"line":731,"column":4},"end":{"line":739,"column":5}},{"start":{},"end":{}}],"line":731},"56":{"loc":{"start":{"line":741,"column":4},"end":{"line":746,"column":5}},"type":"if","locations":[{"start":{"line":741,"column":4},"end":{"line":746,"column":5}},{"start":{},"end":{}}],"line":741},"57":{"loc":{"start":{"line":755,"column":16},"end":{"line":764,"column":17}},"type":"if","locations":[{"start":{"line":755,"column":16},"end":{"line":764,"column":17}},{"start":{},"end":{}}],"line":755},"58":{"loc":{"start":{"line":766,"column":16},"end":{"line":772,"column":17}},"type":"if","locations":[{"start":{"line":766,"column":16},"end":{"line":772,"column":17}},{"start":{},"end":{}}],"line":766},"59":{"loc":{"start":{"line":801,"column":16},"end":{"line":812,"column":17}},"type":"if","locations":[{"start":{"line":801,"column":16},"end":{"line":812,"column":17}},{"start":{},"end":{}}],"line":801},"60":{"loc":{"start":{"line":814,"column":16},"end":{"line":822,"column":17}},"type":"if","locations":[{"start":{"line":814,"column":16},"end":{"line":822,"column":17}},{"start":{},"end":{}}],"line":814}},"s":{"0":16,"1":16,"2":16,"3":16,"4":16,"5":16,"6":16,"7":16,"8":16,"9":16,"10":16,"11":16,"12":16,"13":0,"14":0,"15":0,"16":0,"17":0,"18":16,"19":16,"20":16,"21":16,"22":16,"23":0,"24":0,"25":0,"26":0,"27":0,"28":0,"29":0,"30":0,"31":0,"32":0,"33":0,"34":0,"35":0,"36":0,"37":0,"38":2,"39":2,"40":2,"41":2,"42":0,"43":16,"44":4,"45":4,"46":1,"47":1,"48":3,"49":16,"50":5,"51":5,"52":2,"53":2,"54":3,"55":3,"56":3,"57":1,"58":1,"59":2,"60":16,"61":0,"62":0,"63":0,"64":0,"65":0,"66":0,"67":0,"68":16,"69":0,"70":0,"71":0,"72":0,"73":0,"74":0,"75":0,"76":16,"77":10,"78":10,"79":10,"80":10,"81":1,"82":9,"83":1,"84":8,"85":8,"86":1,"87":7,"88":1,"89":6,"90":6,"91":8,"92":8,"93":8,"94":1,"95":1,"96":7,"97":2,"98":2,"99":1,"100":1,"101":5,"102":5,"103":5,"104":5,"105":5,"106":1,"107":1,"108":4,"109":4,"110":0,"111":4,"112":3,"113":1,"114":4,"115":0,"116":0,"117":16,"118":6,"119":6,"120":6,"121":2,"122":4,"123":4,"124":4,"125":4,"126":1,"127":1,"128":3,"129":1,"130":2,"131":2,"132":2,"133":2,"134":1,"135":1,"136":1,"137":1,"138":0,"139":0,"140":16,"141":6,"142":6,"143":6,"144":1,"145":5,"146":5,"147":5,"148":1,"149":1,"150":4,"151":1,"152":3,"153":3,"154":3,"155":3,"156":3,"157":0,"158":0,"159":3,"160":3,"161":2,"162":1,"163":1,"164":1,"165":16,"166":9,"167":9,"168":9,"169":9,"170":1,"171":8,"172":1,"173":7,"174":7,"175":1,"176":6,"177":1,"178":1,"179":5,"180":1,"181":4,"182":4,"183":3,"184":3,"185":1,"186":1,"187":2,"188":1,"189":1,"190":1,"191":1,"192":1,"193":16,"194":4,"195":4,"196":4,"197":4,"198":1,"199":1,"200":3,"201":1,"202":2,"203":16},"f":{"0":0,"1":0,"2":0,"3":0,"4":0,"5":0,"6":0,"7":0,"8":0,"9":0,"10":2,"11":2,"12":4,"13":4,"14":5,"15":3,"16":0,"17":0,"18":0,"19":0,"20":10,"21":8,"22":5,"23":6,"24":4,"25":6,"26":5,"27":9,"28":3,"29":4,"30":4},"b":{"0":[16,0],"1":[16,0],"2":[16,0],"3":[0,16],"4":[0,0],"5":[16,0],"6":[0,0],"7":[0,0],"8":[0,0],"9":[0,0],"10":[0,0],"11":[0,0],"12":[0,0],"13":[0,0],"14":[0,0],"15":[0],"16":[0],"17":[0],"18":[0],"19":[0],"20":[0,2],"21":[1,3],"22":[2,3],"23":[1,2],"24":[0,0],"25":[0,0],"26":[0,0],"27":[0,0],"28":[0,0],"29":[1,9],"30":[10,9,9],"31":[1,8],"32":[1,7],"33":[8,7],"34":[1,6],"35":[6,0],"36":[1,7],"37":[2,5],"38":[1,1],"39":[1,4],"40":[0,4],"41":[2,4],"42":[6,5],"43":[1,3],"44":[1,2],"45":[1,1],"46":[1,1],"47":[1,5],"48":[1,4],"49":[1,3],"50":[0,3],"51":[1,8],"52":[9,8,8],"53":[1,7],"54":[1,6],"55":[1,5],"56":[1,4],"57":[1,2],"58":[1,1],"59":[1,3],"60":[1,2]},"_coverageSchema":"1a1c01bbd47fc00a2c39e90264f33305004495a9","hash":"ecba35eea62914af677464a539ab57fff5db699a"}
,"C:\\C270_PROJECT_TEAM2-main2\\backend\\token.js": {"path":"C:\\C270_PROJECT_TEAM2-main2\\backend\\token.js","statementMap":{"0":{"start":{"line":1,"column":16},"end":{"line":1,"column":34}},"1":{"start":{"line":3,"column":21},"end":{"line":3,"column":44}},"2":{"start":{"line":7,"column":20},"end":{"line":7,"column":36}},"3":{"start":{"line":11,"column":20},"end":{"line":38,"column":1}},"4":{"start":{"line":12,"column":19},"end":{"line":12,"column":44}},"5":{"start":{"line":13,"column":18},"end":{"line":13,"column":48}},"6":{"start":{"line":15,"column":4},"end":{"line":20,"column":5}},"7":{"start":{"line":16,"column":8},"end":{"line":19,"column":11}},"8":{"start":{"line":22,"column":4},"end":{"line":37,"column":6}},"9":{"start":{"line":26,"column":12},"end":{"line":32,"column":13}},"10":{"start":{"line":27,"column":16},"end":{"line":31,"column":19}},"11":{"start":{"line":34,"column":12},"end":{"line":34,"column":32}},"12":{"start":{"line":35,"column":12},"end":{"line":35,"column":19}},"13":{"start":{"line":41,"column":0},"end":{"line":43,"column":2}},"14":{"start":{"line":42,"column":4},"end":{"line":42,"column":52}},"15":{"start":{"line":48,"column":0},"end":{"line":52,"column":1}}},"fnMap":{"0":{"name":"(anonymous_0)","decl":{"start":{"line":11,"column":20},"end":{"line":11,"column":21}},"loc":{"start":{"line":11,"column":40},"end":{"line":38,"column":1}},"line":11},"1":{"name":"(anonymous_1)","decl":{"start":{"line":25,"column":8},"end":{"line":25,"column":9}},"loc":{"start":{"line":25,"column":28},"end":{"line":36,"column":9}},"line":25},"2":{"name":"(anonymous_2)","decl":{"start":{"line":41,"column":40},"end":{"line":41,"column":41}},"loc":{"start":{"line":41,"column":52},"end":{"line":43,"column":1}},"line":41}},"branchMap":{"0":{"loc":{"start":{"line":13,"column":18},"end":{"line":13,"column":48}},"type":"binary-expr","locations":[{"start":{"line":13,"column":18},"end":{"line":13,"column":24}},{"start":{"line":13,"column":28},"end":{"line":13,"column":48}}],"line":13},"1":{"loc":{"start":{"line":15,"column":4},"end":{"line":20,"column":5}},"type":"if","locations":[{"start":{"line":15,"column":4},"end":{"line":20,"column":5}},{"start":{},"end":{}}],"line":15},"2":{"loc":{"start":{"line":24,"column":8},"end":{"line":24,"column":51}},"type":"binary-expr","locations":[{"start":{"line":24,"column":8},"end":{"line":24,"column":30}},{"start":{"line":24,"column":34},"end":{"line":24,"column":51}}],"line":24},"3":{"loc":{"start":{"line":26,"column":12},"end":{"line":32,"column":13}},"type":"if","locations":[{"start":{"line":26,"column":12},"end":{"line":32,"column":13}},{"start":{},"end":{}}],"line":26}},"s":{"0":16,"1":16,"2":16,"3":16,"4":43,"5":43,"6":43,"7":6,"8":37,"9":37,"10":2,"11":35,"12":35,"13":16,"14":0,"15":16},"f":{"0":43,"1":37,"2":0},"b":{"0":[43,37],"1":[6,37],"2":[37,37],"3":[2,35]},"_coverageSchema":"1a1c01bbd47fc00a2c39e90264f33305004495a9","hash":"d3de4b5b21948923248e635a1a4485a46335bc6e"}
}
