TN:
SF:Quiz.js
FN:7,(anonymous_0)
FN:101,(anonymous_1)
FN:108,(anonymous_2)
FN:132,(anonymous_3)
FN:150,(anonymous_4)
FN:174,(anonymous_5)
FN:184,(anonymous_6)
FN:210,(anonymous_7)
FN:301,(anonymous_8)
FN:414,(anonymous_9)
FN:486,(anonymous_10)
FN:629,(anonymous_11)
FNF:12
FNH:11
FNDA:6,(anonymous_0)
FNDA:4,(anonymous_1)
FNDA:4,(anonymous_2)
FNDA:5,(anonymous_3)
FNDA:4,(anonymous_4)
FNDA:4,(anonymous_5)
FNDA:4,(anonymous_6)
FNDA:6,(anonymous_7)
FNDA:6,(anonymous_8)
FNDA:6,(anonymous_9)
FNDA:6,(anonymous_10)
FNDA:0,(anonymous_11)
DA:1,16
DA:2,16
DA:3,16
DA:5,16
DA:7,16
DA:8,6
DA:10,6
DA:11,1
DA:17,5
DA:18,2
DA:24,3
DA:25,3
DA:27,3
DA:32,2
DA:33,1
DA:35,1
DA:41,1
DA:49,1
DA:51,1
DA:52,1
DA:61,1
DA:62,1
DA:64,1
DA:65,4
DA:76,1
DA:78,1
DA:84,1
DA:86,1
DA:88,1
DA:101,16
DA:102,4
DA:109,4
DA:110,1
DA:112,1
DA:119,3
DA:132,16
DA:133,5
DA:135,5
DA:136,1
DA:143,4
DA:151,4
DA:152,1
DA:154,1
DA:161,3
DA:174,16
DA:175,4
DA:177,4
DA:185,4
DA:186,1
DA:188,1
DA:195,3
DA:210,16
DA:211,6
DA:213,6
DA:214,1
DA:220,5
DA:221,5
DA:222,5
DA:224,5
DA:233,1
DA:239,4
DA:241,4
DA:243,4
DA:244,4
DA:253,3
DA:254,1
DA:260,2
DA:281,2
DA:288,1
DA:290,1
DA:301,16
DA:303,6
DA:307,1
DA:313,5
DA:315,5
DA:317,5
DA:318,1
DA:350,4
DA:384,4
DA:388,5
DA:390,4
DA:396,1
DA:400,1
DA:414,16
DA:415,6
DA:416,2
DA:422,4
DA:423,4
DA:464,3
DA:469,1
DA:471,1
DA:486,16
DA:487,6
DA:488,1
DA:494,5
DA:496,5
DA:497,5
DA:522,4
DA:546,4
DA:548,4
DA:550,4
DA:551,3
DA:558,4
DA:559,1
DA:566,4
DA:567,2
DA:574,4
DA:575,1
DA:582,4
DA:609,1
DA:614,1
DA:629,16
DA:631,0
DA:635,0
DA:641,0
DA:643,0
DA:645,0
DA:648,0
DA:660,0
DA:670,0
DA:680,0
DA:689,0
DA:691,0
DA:693,0
DA:700,0
DA:702,0
DA:709,0
DA:711,0
DA:713,0
DA:721,16
LF:130
LH:113
BRDA:10,0,0,1
BRDA:10,0,1,5
BRDA:10,1,0,6
BRDA:10,1,1,1
BRDA:17,2,0,2
BRDA:17,2,1,3
BRDA:17,3,0,5
BRDA:17,3,1,4
BRDA:17,3,2,4
BRDA:32,4,0,1
BRDA:32,4,1,1
BRDA:62,5,0,1
BRDA:62,5,1,0
BRDA:109,6,0,1
BRDA:109,6,1,3
BRDA:135,7,0,1
BRDA:135,7,1,4
BRDA:151,8,0,1
BRDA:151,8,1,3
BRDA:185,9,0,1
BRDA:185,9,1,3
BRDA:213,10,0,1
BRDA:213,10,1,5
BRDA:224,11,0,1
BRDA:224,11,1,4
BRDA:225,12,0,5
BRDA:225,12,1,5
BRDA:225,12,2,5
BRDA:225,12,3,5
BRDA:225,12,4,5
BRDA:225,12,5,5
BRDA:225,12,6,5
BRDA:253,13,0,1
BRDA:253,13,1,2
BRDA:303,14,0,1
BRDA:303,14,1,5
BRDA:304,15,0,6
BRDA:304,15,1,2
BRDA:317,16,0,1
BRDA:317,16,1,4
BRDA:415,17,0,2
BRDA:415,17,1,4
BRDA:487,18,0,1
BRDA:487,18,1,5
BRDA:550,19,0,3
BRDA:550,19,1,1
BRDA:558,20,0,1
BRDA:558,20,1,3
BRDA:566,21,0,2
BRDA:566,21,1,2
BRDA:574,22,0,1
BRDA:574,22,1,3
BRDA:592,23,0,4
BRDA:592,23,1,1
BRDA:595,24,0,4
BRDA:595,24,1,1
BRDA:598,25,0,4
BRDA:598,25,1,1
BRDA:601,26,0,4
BRDA:601,26,1,1
BRDA:631,27,0,0
BRDA:631,27,1,0
BRDA:632,28,0,0
BRDA:632,28,1,0
BRDA:689,29,0,0
BRDA:689,29,1,0
BRF:66
BRH:59
end_of_record
TN:
SF:app.js
FN:21,(anonymous_0)
FNF:1
FNH:1
FNDA:1,(anonymous_0)
DA:1,16
DA:2,16
DA:4,16
DA:5,16
DA:6,16
DA:8,16
DA:10,16
DA:18,16
DA:19,16
DA:21,16
DA:22,1
DA:28,16
DA:29,16
DA:30,16
DA:32,16
LF:15
LH:15
BRF:0
BRH:0
end_of_record
TN:
SF:database.js
FN:27,(anonymous_0)
FN:54,(anonymous_1)
FN:60,(anonymous_2)
FN:62,(anonymous_3)
FN:68,(anonymous_4)
FN:69,(anonymous_5)
FN:70,(anonymous_6)
FN:82,(anonymous_7)
FN:92,(anonymous_8)
FN:107,(anonymous_9)
FN:122,createAuditLog
FN:161,(anonymous_11)
FN:173,(anonymous_12)
FN:176,(anonymous_13)
FN:189,(anonymous_14)
FN:227,(anonymous_15)
FN:247,(anonymous_16)
FN:251,(anonymous_17)
FN:266,(anonymous_18)
FN:273,(anonymous_19)
FN:284,(anonymous_20)
FN:328,(anonymous_21)
FN:377,(anonymous_22)
FN:484,(anonymous_23)
FN:517,(anonymous_24)
FN:582,(anonymous_25)
FN:605,(anonymous_26)
FN:699,(anonymous_27)
FN:754,(anonymous_28)
FN:793,(anonymous_29)
FN:800,(anonymous_30)
FNF:31
FNH:17
FNDA:0,(anonymous_0)
FNDA:0,(anonymous_1)
FNDA:0,(anonymous_2)
FNDA:0,(anonymous_3)
FNDA:0,(anonymous_4)
FNDA:0,(anonymous_5)
FNDA:0,(anonymous_6)
FNDA:0,(anonymous_7)
FNDA:0,(anonymous_8)
FNDA:0,(anonymous_9)
FNDA:2,createAuditLog
FNDA:2,(anonymous_11)
FNDA:4,(anonymous_12)
FNDA:4,(anonymous_13)
FNDA:5,(anonymous_14)
FNDA:3,(anonymous_15)
FNDA:0,(anonymous_16)
FNDA:0,(anonymous_17)
FNDA:0,(anonymous_18)
FNDA:0,(anonymous_19)
FNDA:10,(anonymous_20)
FNDA:8,(anonymous_21)
FNDA:5,(anonymous_22)
FNDA:6,(anonymous_23)
FNDA:4,(anonymous_24)
FNDA:6,(anonymous_25)
FNDA:5,(anonymous_26)
FNDA:9,(anonymous_27)
FNDA:3,(anonymous_28)
FNDA:4,(anonymous_29)
FNDA:4,(anonymous_30)
DA:1,16
DA:2,16
DA:3,16
DA:4,16
DA:5,16
DA:6,16
DA:7,16
DA:9,16
DA:11,16
DA:14,16
DA:17,16
DA:18,16
DA:26,16
DA:27,0
DA:28,0
DA:29,0
DA:34,0
DA:39,0
DA:44,16
DA:45,16
DA:47,16
DA:52,16
DA:53,16
DA:55,0
DA:61,0
DA:63,0
DA:75,0
DA:82,0
DA:83,0
DA:84,0
DA:85,0
DA:88,0
DA:90,0
DA:93,0
DA:97,0
DA:105,0
DA:108,0
DA:112,0
DA:132,2
DA:147,2
DA:158,2
DA:162,2
DA:163,0
DA:173,16
DA:174,4
DA:177,4
DA:178,1
DA:180,1
DA:184,3
DA:189,16
DA:190,5
DA:192,5
DA:193,2
DA:205,2
DA:211,3
DA:227,3
DA:228,3
DA:229,1
DA:234,1
DA:240,2
DA:247,16
DA:248,0
DA:252,0
DA:253,0
DA:254,0
DA:257,0
DA:258,0
DA:261,0
DA:266,16
DA:267,0
DA:268,0
DA:270,0
DA:274,0
DA:275,0
DA:276,0
DA:279,0
DA:284,16
DA:285,10
DA:286,10
DA:287,10
DA:289,10
DA:290,1
DA:295,9
DA:296,1
DA:301,8
DA:303,8
DA:307,1
DA:308,7
DA:311,1
DA:312,6
DA:315,6
DA:318,8
DA:326,8
DA:329,8
DA:330,1
DA:332,1
DA:339,7
DA:340,2
DA:342,2
DA:345,1
DA:354,1
DA:361,5
DA:362,5
DA:363,5
DA:374,5
DA:378,5
DA:380,1
DA:387,4
DA:388,4
DA:389,0
DA:391,4
DA:443,3
DA:448,1
DA:459,4
DA:467,0
DA:470,0
DA:484,16
DA:486,6
DA:488,6
DA:490,6
DA:491,2
DA:499,4
DA:501,4
DA:514,4
DA:518,4
DA:519,1
DA:521,1
DA:528,3
DA:529,1
DA:536,2
DA:538,2
DA:540,2
DA:542,2
DA:543,1
DA:550,1
DA:552,1
DA:558,1
DA:568,0
DA:572,0
DA:582,16
DA:583,6
DA:585,6
DA:587,6
DA:588,1
DA:595,5
DA:602,5
DA:606,5
DA:607,1
DA:610,1
DA:618,4
DA:619,1
DA:626,3
DA:629,3
DA:632,3
DA:634,3
DA:642,3
DA:643,0
DA:645,0
DA:652,3
DA:653,3
DA:678,2
DA:684,1
DA:685,1
DA:687,1
DA:699,16
DA:700,9
DA:701,9
DA:702,9
DA:704,9
DA:705,1
DA:712,8
DA:713,1
DA:721,7
DA:723,7
DA:724,1
DA:731,6
DA:732,1
DA:734,1
DA:741,5
DA:742,1
DA:748,4
DA:749,4
DA:751,3
DA:755,3
DA:756,1
DA:759,1
DA:766,2
DA:767,1
DA:774,1
DA:776,1
DA:784,1
DA:786,1
DA:793,16
DA:794,4
DA:795,4
DA:797,4
DA:801,4
DA:802,1
DA:807,1
DA:814,3
DA:817,1
DA:824,2
DA:835,16
LF:203
LH:161
BRDA:14,0,0,16
BRDA:14,0,1,0
BRDA:17,1,0,16
BRDA:17,1,1,0
BRDA:17,2,0,16
BRDA:17,2,1,0
BRDA:26,3,0,0
BRDA:26,3,1,16
BRDA:28,4,0,0
BRDA:28,4,1,0
BRDA:52,5,0,16
BRDA:52,5,1,0
BRDA:76,6,0,0
BRDA:76,6,1,0
BRDA:77,7,0,0
BRDA:77,7,1,0
BRDA:78,8,0,0
BRDA:78,8,1,0
BRDA:79,9,0,0
BRDA:79,9,1,0
BRDA:83,10,0,0
BRDA:83,10,1,0
BRDA:93,11,0,0
BRDA:93,11,1,0
BRDA:94,12,0,0
BRDA:94,12,1,0
BRDA:108,13,0,0
BRDA:108,13,1,0
BRDA:109,14,0,0
BRDA:109,14,1,0
BRDA:123,15,0,0
BRDA:124,16,0,0
BRDA:125,17,0,0
BRDA:126,18,0,0
BRDA:130,19,0,0
BRDA:162,20,0,0
BRDA:162,20,1,2
BRDA:177,21,0,1
BRDA:177,21,1,3
BRDA:192,22,0,2
BRDA:192,22,1,3
BRDA:228,23,0,1
BRDA:228,23,1,2
BRDA:252,24,0,0
BRDA:252,24,1,0
BRDA:257,25,0,0
BRDA:257,25,1,0
BRDA:267,26,0,0
BRDA:267,26,1,0
BRDA:268,27,0,0
BRDA:268,27,1,0
BRDA:274,28,0,0
BRDA:274,28,1,0
BRDA:289,29,0,1
BRDA:289,29,1,9
BRDA:289,30,0,10
BRDA:289,30,1,9
BRDA:289,30,2,9
BRDA:295,31,0,1
BRDA:295,31,1,8
BRDA:303,32,0,1
BRDA:303,32,1,7
BRDA:304,33,0,8
BRDA:304,33,1,7
BRDA:308,34,0,1
BRDA:308,34,1,6
BRDA:312,35,0,6
BRDA:312,35,1,0
BRDA:329,36,0,1
BRDA:329,36,1,7
BRDA:339,37,0,2
BRDA:339,37,1,5
BRDA:342,38,0,1
BRDA:342,38,1,1
BRDA:378,39,0,1
BRDA:378,39,1,4
BRDA:388,40,0,0
BRDA:388,40,1,4
BRDA:490,41,0,2
BRDA:490,41,1,4
BRDA:490,42,0,6
BRDA:490,42,1,5
BRDA:518,43,0,1
BRDA:518,43,1,3
BRDA:528,44,0,1
BRDA:528,44,1,2
BRDA:542,45,0,1
BRDA:542,45,1,1
BRDA:552,46,0,1
BRDA:552,46,1,1
BRDA:587,47,0,1
BRDA:587,47,1,5
BRDA:606,48,0,1
BRDA:606,48,1,4
BRDA:618,49,0,1
BRDA:618,49,1,3
BRDA:642,50,0,0
BRDA:642,50,1,3
BRDA:704,51,0,1
BRDA:704,51,1,8
BRDA:704,52,0,9
BRDA:704,52,1,8
BRDA:704,52,2,8
BRDA:712,53,0,1
BRDA:712,53,1,7
BRDA:723,54,0,1
BRDA:723,54,1,6
BRDA:731,55,0,1
BRDA:731,55,1,5
BRDA:741,56,0,1
BRDA:741,56,1,4
BRDA:755,57,0,1
BRDA:755,57,1,2
BRDA:766,58,0,1
BRDA:766,58,1,1
BRDA:801,59,0,1
BRDA:801,59,1,3
BRDA:814,60,0,1
BRDA:814,60,1,2
BRF:119
BRH:75
end_of_record
TN:
SF:token.js
FN:11,(anonymous_0)
FN:25,(anonymous_1)
FN:41,(anonymous_2)
FNF:3
FNH:2
FNDA:43,(anonymous_0)
FNDA:37,(anonymous_1)
FNDA:0,(anonymous_2)
DA:1,16
DA:3,16
DA:7,16
DA:11,16
DA:12,43
DA:13,43
DA:15,43
DA:16,6
DA:22,37
DA:26,37
DA:27,2
DA:34,35
DA:35,35
DA:41,16
DA:42,0
DA:48,16
LF:16
LH:15
BRDA:13,0,0,43
BRDA:13,0,1,37
BRDA:15,1,0,6
BRDA:15,1,1,37
BRDA:24,2,0,37
BRDA:24,2,1,37
BRDA:26,3,0,2
BRDA:26,3,1,35
BRF:8
BRH:8
end_of_record
