<?xml version="1.0" encoding="UTF-8"?>
<coverage generated="1785230039872" clover="3.2.0">
  <project timestamp="1785230039872" name="All files">
    <metrics statements="357" coveredstatements="319" conditionals="169" coveredconditionals="143" methods="39" coveredmethods="32" elements="565" coveredelements="494" complexity="0" loc="357" ncloc="357" packages="1" files="4" classes="4"/>
    <file name="Quiz.js" path="C:\RP\y2 sem1\c270 DevOps\C270_PROJECT_TEAM2\Quiz.js">
      <metrics statements="130" coveredstatements="113" conditionals="66" coveredconditionals="59" methods="12" coveredmethods="11"/>
      <line num="1" count="16" type="stmt"/>
      <line num="2" count="16" type="stmt"/>
      <line num="3" count="16" type="stmt"/>
      <line num="5" count="16" type="stmt"/>
      <line num="7" count="16" type="stmt"/>
      <line num="8" count="6" type="stmt"/>
      <line num="10" count="6" type="cond" truecount="4" falsecount="0"/>
      <line num="11" count="1" type="stmt"/>
      <line num="17" count="5" type="cond" truecount="5" falsecount="0"/>
      <line num="18" count="2" type="stmt"/>
      <line num="24" count="3" type="stmt"/>
      <line num="25" count="3" type="stmt"/>
      <line num="27" count="3" type="stmt"/>
      <line num="32" count="2" type="cond" truecount="2" falsecount="0"/>
      <line num="33" count="1" type="stmt"/>
      <line num="35" count="1" type="stmt"/>
      <line num="41" count="1" type="stmt"/>
      <line num="49" count="1" type="stmt"/>
      <line num="51" count="1" type="stmt"/>
      <line num="52" count="1" type="stmt"/>
      <line num="61" count="1" type="stmt"/>
      <line num="62" count="1" type="cond" truecount="1" falsecount="1"/>
      <line num="64" count="1" type="stmt"/>
      <line num="65" count="4" type="stmt"/>
      <line num="76" count="1" type="stmt"/>
      <line num="78" count="1" type="stmt"/>
      <line num="84" count="1" type="stmt"/>
      <line num="86" count="1" type="stmt"/>
      <line num="88" count="1" type="stmt"/>
      <line num="101" count="16" type="stmt"/>
      <line num="102" count="4" type="stmt"/>
      <line num="109" count="4" type="cond" truecount="2" falsecount="0"/>
      <line num="110" count="1" type="stmt"/>
      <line num="112" count="1" type="stmt"/>
      <line num="119" count="3" type="stmt"/>
      <line num="132" count="16" type="stmt"/>
      <line num="133" count="5" type="stmt"/>
      <line num="135" count="5" type="cond" truecount="2" falsecount="0"/>
      <line num="136" count="1" type="stmt"/>
      <line num="143" count="4" type="stmt"/>
      <line num="151" count="4" type="cond" truecount="2" falsecount="0"/>
      <line num="152" count="1" type="stmt"/>
      <line num="154" count="1" type="stmt"/>
      <line num="161" count="3" type="stmt"/>
      <line num="174" count="16" type="stmt"/>
      <line num="175" count="4" type="stmt"/>
      <line num="177" count="4" type="stmt"/>
      <line num="185" count="4" type="cond" truecount="2" falsecount="0"/>
      <line num="186" count="1" type="stmt"/>
      <line num="188" count="1" type="stmt"/>
      <line num="195" count="3" type="stmt"/>
      <line num="210" count="16" type="stmt"/>
      <line num="211" count="6" type="stmt"/>
      <line num="213" count="6" type="cond" truecount="2" falsecount="0"/>
      <line num="214" count="1" type="stmt"/>
      <line num="220" count="5" type="stmt"/>
      <line num="221" count="5" type="stmt"/>
      <line num="222" count="5" type="stmt"/>
      <line num="224" count="5" type="cond" truecount="2" falsecount="0"/>
      <line num="233" count="1" type="stmt"/>
      <line num="239" count="4" type="stmt"/>
      <line num="241" count="4" type="stmt"/>
      <line num="243" count="4" type="stmt"/>
      <line num="244" count="4" type="stmt"/>
      <line num="253" count="3" type="cond" truecount="2" falsecount="0"/>
      <line num="254" count="1" type="stmt"/>
      <line num="260" count="2" type="stmt"/>
      <line num="281" count="2" type="stmt"/>
      <line num="288" count="1" type="stmt"/>
      <line num="290" count="1" type="stmt"/>
      <line num="301" count="16" type="stmt"/>
      <line num="303" count="6" type="cond" truecount="2" falsecount="0"/>
      <line num="307" count="1" type="stmt"/>
      <line num="313" count="5" type="stmt"/>
      <line num="315" count="5" type="stmt"/>
      <line num="317" count="5" type="cond" truecount="2" falsecount="0"/>
      <line num="318" count="1" type="stmt"/>
      <line num="350" count="4" type="stmt"/>
      <line num="384" count="4" type="stmt"/>
      <line num="388" count="5" type="stmt"/>
      <line num="390" count="4" type="stmt"/>
      <line num="396" count="1" type="stmt"/>
      <line num="400" count="1" type="stmt"/>
      <line num="414" count="16" type="stmt"/>
      <line num="415" count="6" type="cond" truecount="2" falsecount="0"/>
      <line num="416" count="2" type="stmt"/>
      <line num="422" count="4" type="stmt"/>
      <line num="423" count="4" type="stmt"/>
      <line num="464" count="3" type="stmt"/>
      <line num="469" count="1" type="stmt"/>
      <line num="471" count="1" type="stmt"/>
      <line num="486" count="16" type="stmt"/>
      <line num="487" count="6" type="cond" truecount="2" falsecount="0"/>
      <line num="488" count="1" type="stmt"/>
      <line num="494" count="5" type="stmt"/>
      <line num="496" count="5" type="stmt"/>
      <line num="497" count="5" type="stmt"/>
      <line num="522" count="4" type="stmt"/>
      <line num="546" count="4" type="stmt"/>
      <line num="548" count="4" type="stmt"/>
      <line num="550" count="4" type="cond" truecount="2" falsecount="0"/>
      <line num="551" count="3" type="stmt"/>
      <line num="558" count="4" type="cond" truecount="2" falsecount="0"/>
      <line num="559" count="1" type="stmt"/>
      <line num="566" count="4" type="cond" truecount="2" falsecount="0"/>
      <line num="567" count="2" type="stmt"/>
      <line num="574" count="4" type="cond" truecount="2" falsecount="0"/>
      <line num="575" count="1" type="stmt"/>
      <line num="582" count="4" type="stmt"/>
      <line num="609" count="1" type="stmt"/>
      <line num="614" count="1" type="stmt"/>
      <line num="629" count="16" type="stmt"/>
      <line num="631" count="0" type="cond" truecount="0" falsecount="2"/>
      <line num="635" count="0" type="stmt"/>
      <line num="641" count="0" type="stmt"/>
      <line num="643" count="0" type="stmt"/>
      <line num="645" count="0" type="stmt"/>
      <line num="648" count="0" type="stmt"/>
      <line num="660" count="0" type="stmt"/>
      <line num="670" count="0" type="stmt"/>
      <line num="680" count="0" type="stmt"/>
      <line num="689" count="0" type="cond" truecount="0" falsecount="2"/>
      <line num="691" count="0" type="stmt"/>
      <line num="693" count="0" type="stmt"/>
      <line num="700" count="0" type="stmt"/>
      <line num="702" count="0" type="stmt"/>
      <line num="709" count="0" type="stmt"/>
      <line num="711" count="0" type="stmt"/>
      <line num="713" count="0" type="stmt"/>
      <line num="721" count="16" type="stmt"/>
    </file>
    <file name="app.js" path="C:\RP\y2 sem1\c270 DevOps\C270_PROJECT_TEAM2\app.js">
      <metrics statements="19" coveredstatements="18" conditionals="0" coveredconditionals="0" methods="2" coveredmethods="1"/>
      <line num="1" count="16" type="stmt"/>
      <line num="2" count="16" type="stmt"/>
      <line num="3" count="16" type="stmt"/>
      <line num="5" count="16" type="stmt"/>
      <line num="6" count="16" type="stmt"/>
      <line num="7" count="16" type="stmt"/>
      <line num="9" count="16" type="stmt"/>
      <line num="11" count="16" type="stmt"/>
      <line num="19" count="16" type="stmt"/>
      <line num="20" count="16" type="stmt"/>
      <line num="23" count="16" type="stmt"/>
      <line num="24" count="1" type="stmt"/>
      <line num="31" count="16" type="stmt"/>
      <line num="32" count="16" type="stmt"/>
      <line num="33" count="16" type="stmt"/>
      <line num="36" count="16" type="stmt"/>
      <line num="38" count="16" type="stmt"/>
      <line num="39" count="0" type="stmt"/>
      <line num="44" count="16" type="stmt"/>
    </file>
    <file name="database.js" path="C:\RP\y2 sem1\c270 DevOps\C270_PROJECT_TEAM2\database.js">
      <metrics statements="192" coveredstatements="174" conditionals="95" coveredconditionals="77" methods="22" coveredmethods="18"/>
      <line num="1" count="16" type="stmt"/>
      <line num="2" count="16" type="stmt"/>
      <line num="3" count="16" type="stmt"/>
      <line num="4" count="16" type="stmt"/>
      <line num="5" count="16" type="stmt"/>
      <line num="6" count="16" type="stmt"/>
      <line num="8" count="16" type="stmt"/>
      <line num="10" count="16" type="stmt"/>
      <line num="19" count="16" type="cond" truecount="1" falsecount="1"/>
      <line num="20" count="0" type="stmt"/>
      <line num="21" count="0" type="cond" truecount="0" falsecount="2"/>
      <line num="22" count="0" type="stmt"/>
      <line num="23" count="0" type="stmt"/>
      <line num="26" count="0" type="stmt"/>
      <line num="31" count="16" type="stmt"/>
      <line num="32" count="16" type="stmt"/>
      <line num="34" count="16" type="stmt"/>
      <line num="36" count="16" type="stmt"/>
      <line num="37" count="16" type="stmt"/>
      <line num="38" count="16" type="stmt"/>
      <line num="39" count="16" type="stmt"/>
      <line num="40" count="16" type="stmt"/>
      <line num="44" count="16" type="cond" truecount="1" falsecount="1"/>
      <line num="46" count="16" type="stmt"/>
      <line num="48" count="0" type="stmt"/>
      <line num="54" count="0" type="cond" truecount="0" falsecount="2"/>
      <line num="58" count="0" type="stmt"/>
      <line num="66" count="0" type="stmt"/>
      <line num="67" count="0" type="cond" truecount="0" falsecount="2"/>
      <line num="68" count="0" type="stmt"/>
      <line num="72" count="0" type="stmt"/>
      <line num="75" count="0" type="stmt"/>
      <line num="89" count="11" type="stmt"/>
      <line num="104" count="11" type="stmt"/>
      <line num="115" count="11" type="stmt"/>
      <line num="119" count="11" type="cond" truecount="1" falsecount="1"/>
      <line num="120" count="0" type="stmt"/>
      <line num="130" count="8" type="stmt"/>
      <line num="132" count="8" type="cond" truecount="2" falsecount="0"/>
      <line num="136" count="1" type="stmt"/>
      <line num="142" count="7" type="stmt"/>
      <line num="144" count="7" type="stmt"/>
      <line num="145" count="7" type="stmt"/>
      <line num="150" count="5" type="stmt"/>
      <line num="152" count="5" type="stmt"/>
      <line num="154" count="2" type="stmt"/>
      <line num="162" count="16" type="stmt"/>
      <line num="163" count="4" type="stmt"/>
      <line num="166" count="4" type="cond" truecount="2" falsecount="0"/>
      <line num="167" count="1" type="stmt"/>
      <line num="169" count="1" type="stmt"/>
      <line num="173" count="3" type="stmt"/>
      <line num="178" count="16" type="stmt"/>
      <line num="179" count="10" type="stmt"/>
      <line num="180" count="10" type="stmt"/>
      <line num="181" count="10" type="stmt"/>
      <line num="183" count="10" type="cond" truecount="5" falsecount="0"/>
      <line num="184" count="1" type="stmt"/>
      <line num="189" count="9" type="cond" truecount="2" falsecount="0"/>
      <line num="190" count="1" type="stmt"/>
      <line num="195" count="8" type="stmt"/>
      <line num="197" count="8" type="cond" truecount="2" falsecount="0"/>
      <line num="201" count="1" type="stmt"/>
      <line num="202" count="7" type="cond" truecount="2" falsecount="0"/>
      <line num="205" count="1" type="stmt"/>
      <line num="206" count="6" type="cond" truecount="1" falsecount="1"/>
      <line num="209" count="6" type="stmt"/>
      <line num="212" count="8" type="stmt"/>
      <line num="220" count="8" type="stmt"/>
      <line num="223" count="8" type="cond" truecount="2" falsecount="0"/>
      <line num="224" count="1" type="stmt"/>
      <line num="226" count="1" type="stmt"/>
      <line num="233" count="7" type="cond" truecount="2" falsecount="0"/>
      <line num="234" count="2" type="stmt"/>
      <line num="236" count="2" type="cond" truecount="2" falsecount="0"/>
      <line num="239" count="1" type="stmt"/>
      <line num="248" count="1" type="stmt"/>
      <line num="255" count="5" type="stmt"/>
      <line num="256" count="5" type="stmt"/>
      <line num="257" count="5" type="stmt"/>
      <line num="268" count="5" type="stmt"/>
      <line num="272" count="5" type="cond" truecount="2" falsecount="0"/>
      <line num="274" count="1" type="stmt"/>
      <line num="281" count="4" type="stmt"/>
      <line num="282" count="4" type="stmt"/>
      <line num="334" count="3" type="stmt"/>
      <line num="338" count="1" type="stmt"/>
      <line num="349" count="4" type="stmt"/>
      <line num="357" count="0" type="stmt"/>
      <line num="360" count="0" type="stmt"/>
      <line num="374" count="16" type="stmt"/>
      <line num="376" count="6" type="stmt"/>
      <line num="378" count="6" type="stmt"/>
      <line num="380" count="6" type="cond" truecount="4" falsecount="0"/>
      <line num="381" count="2" type="stmt"/>
      <line num="389" count="4" type="stmt"/>
      <line num="391" count="4" type="stmt"/>
      <line num="404" count="4" type="stmt"/>
      <line num="408" count="4" type="cond" truecount="2" falsecount="0"/>
      <line num="409" count="1" type="stmt"/>
      <line num="411" count="1" type="stmt"/>
      <line num="418" count="3" type="cond" truecount="2" falsecount="0"/>
      <line num="419" count="1" type="stmt"/>
      <line num="433" count="1" type="stmt"/>
      <line num="440" count="2" type="stmt"/>
      <line num="442" count="2" type="stmt"/>
      <line num="444" count="2" type="stmt"/>
      <line num="446" count="2" type="cond" truecount="2" falsecount="0"/>
      <line num="447" count="1" type="stmt"/>
      <line num="459" count="1" type="stmt"/>
      <line num="466" count="1" type="stmt"/>
      <line num="468" count="1" type="cond" truecount="2" falsecount="0"/>
      <line num="474" count="1" type="stmt"/>
      <line num="486" count="1" type="stmt"/>
      <line num="496" count="0" type="stmt"/>
      <line num="500" count="0" type="stmt"/>
      <line num="510" count="16" type="stmt"/>
      <line num="511" count="6" type="stmt"/>
      <line num="513" count="6" type="stmt"/>
      <line num="515" count="6" type="cond" truecount="2" falsecount="0"/>
      <line num="516" count="1" type="stmt"/>
      <line num="523" count="5" type="stmt"/>
      <line num="530" count="5" type="stmt"/>
      <line num="534" count="5" type="cond" truecount="2" falsecount="0"/>
      <line num="535" count="1" type="stmt"/>
      <line num="538" count="1" type="stmt"/>
      <line num="546" count="4" type="cond" truecount="2" falsecount="0"/>
      <line num="547" count="1" type="stmt"/>
      <line num="559" count="1" type="stmt"/>
      <line num="565" count="3" type="stmt"/>
      <line num="568" count="3" type="stmt"/>
      <line num="571" count="3" type="stmt"/>
      <line num="573" count="3" type="stmt"/>
      <line num="581" count="3" type="stmt"/>
      <line num="582" count="3" type="stmt"/>
      <line num="607" count="2" type="stmt"/>
      <line num="619" count="2" type="stmt"/>
      <line num="625" count="1" type="stmt"/>
      <line num="626" count="1" type="stmt"/>
      <line num="628" count="1" type="stmt"/>
      <line num="640" count="16" type="stmt"/>
      <line num="641" count="9" type="stmt"/>
      <line num="642" count="9" type="stmt"/>
      <line num="643" count="9" type="stmt"/>
      <line num="645" count="9" type="cond" truecount="5" falsecount="0"/>
      <line num="646" count="1" type="stmt"/>
      <line num="653" count="8" type="cond" truecount="2" falsecount="0"/>
      <line num="654" count="1" type="stmt"/>
      <line num="662" count="7" type="stmt"/>
      <line num="664" count="7" type="cond" truecount="2" falsecount="0"/>
      <line num="665" count="1" type="stmt"/>
      <line num="672" count="6" type="cond" truecount="2" falsecount="0"/>
      <line num="673" count="1" type="stmt"/>
      <line num="675" count="1" type="stmt"/>
      <line num="687" count="1" type="stmt"/>
      <line num="694" count="5" type="cond" truecount="2" falsecount="0"/>
      <line num="695" count="1" type="stmt"/>
      <line num="707" count="1" type="stmt"/>
      <line num="713" count="4" type="stmt"/>
      <line num="714" count="4" type="stmt"/>
      <line num="716" count="3" type="stmt"/>
      <line num="720" count="3" type="cond" truecount="2" falsecount="0"/>
      <line num="721" count="1" type="stmt"/>
      <line num="724" count="1" type="stmt"/>
      <line num="731" count="2" type="cond" truecount="2" falsecount="0"/>
      <line num="732" count="1" type="stmt"/>
      <line num="739" count="1" type="stmt"/>
      <line num="741" count="1" type="stmt"/>
      <line num="753" count="1" type="stmt"/>
      <line num="761" count="1" type="stmt"/>
      <line num="763" count="1" type="stmt"/>
      <line num="770" count="16" type="stmt"/>
      <line num="771" count="4" type="stmt"/>
      <line num="772" count="4" type="stmt"/>
      <line num="774" count="4" type="stmt"/>
      <line num="778" count="4" type="cond" truecount="2" falsecount="0"/>
      <line num="779" count="1" type="stmt"/>
      <line num="784" count="1" type="stmt"/>
      <line num="791" count="3" type="cond" truecount="2" falsecount="0"/>
      <line num="794" count="1" type="stmt"/>
      <line num="801" count="2" type="stmt"/>
      <line num="811" count="16" type="stmt"/>
      <line num="815" count="5" type="cond" truecount="2" falsecount="0"/>
      <line num="816" count="2" type="stmt"/>
      <line num="828" count="2" type="stmt"/>
      <line num="835" count="3" type="stmt"/>
      <line num="851" count="3" type="stmt"/>
      <line num="852" count="3" type="cond" truecount="2" falsecount="0"/>
      <line num="853" count="1" type="stmt"/>
      <line num="858" count="1" type="stmt"/>
      <line num="865" count="2" type="stmt"/>
      <line num="873" count="16" type="stmt"/>
    </file>
    <file name="token.js" path="C:\RP\y2 sem1\c270 DevOps\C270_PROJECT_TEAM2\token.js">
      <metrics statements="16" coveredstatements="14" conditionals="8" coveredconditionals="7" methods="3" coveredmethods="2"/>
      <line num="1" count="16" type="stmt"/>
      <line num="3" count="16" type="stmt"/>
      <line num="7" count="16" type="stmt"/>
      <line num="11" count="16" type="stmt"/>
      <line num="12" count="35" type="stmt"/>
      <line num="13" count="35" type="cond" truecount="2" falsecount="0"/>
      <line num="15" count="35" type="cond" truecount="2" falsecount="0"/>
      <line num="16" count="5" type="stmt"/>
      <line num="19" count="30" type="cond" truecount="2" falsecount="0"/>
      <line num="20" count="30" type="cond" truecount="1" falsecount="1"/>
      <line num="21" count="0" type="stmt"/>
      <line num="23" count="30" type="stmt"/>
      <line num="24" count="30" type="stmt"/>
      <line num="31" count="16" type="stmt"/>
      <line num="32" count="0" type="stmt"/>
      <line num="38" count="16" type="stmt"/>
    </file>
  </project>
</coverage>
