{"C:\\RP\\y2 sem1\\c270 DevOps\\C270_PROJECT_TEAM2\\Quiz.js": {"path":"C:\\RP\\y2 sem1\\c270 DevOps\\C270_PROJECT_TEAM2\\Quiz.js","statementMap":{"0":{"start":{"line":1,"column":16},"end":{"line":1,"column":34}},"1":{"start":{"line":2,"column":21},"end":{"line":2,"column":42}},"2":{"start":{"line":3,"column":24},"end":{"line":3,"column":42}},"3":{"start":{"line":5,"column":19},"end":{"line":5,"column":35}},"4":{"start":{"line":7,"column":0},"end":{"line":93,"column":3}},"5":{"start":{"line":8,"column":28},"end":{"line":8,"column":36}},"6":{"start":{"line":10,"column":4},"end":{"line":15,"column":5}},"7":{"start":{"line":11,"column":8},"end":{"line":14,"column":11}},"8":{"start":{"line":17,"column":4},"end":{"line":22,"column":5}},"9":{"start":{"line":18,"column":8},"end":{"line":21,"column":11}},"10":{"start":{"line":24,"column":4},"end":{"line":92,"column":5}},"11":{"start":{"line":25,"column":8},"end":{"line":25,"column":52}},"12":{"start":{"line":27,"column":27},"end":{"line":30,"column":9}},"13":{"start":{"line":32,"column":8},"end":{"line":39,"column":9}},"14":{"start":{"line":33,"column":12},"end":{"line":33,"column":48}},"15":{"start":{"line":35,"column":12},"end":{"line":38,"column":15}},"16":{"start":{"line":41,"column":31},"end":{"line":47,"column":9}},"17":{"start":{"line":49,"column":25},"end":{"line":49,"column":46}},"18":{"start":{"line":51,"column":8},"end":{"line":74,"column":9}},"19":{"start":{"line":52,"column":37},"end":{"line":59,"column":13}},"20":{"start":{"line":61,"column":31},"end":{"line":61,"column":54}},"21":{"start":{"line":62,"column":28},"end":{"line":62,"column":61}},"22":{"start":{"line":64,"column":12},"end":{"line":73,"column":13}},"23":{"start":{"line":65,"column":16},"end":{"line":72,"column":18}},"24":{"start":{"line":76,"column":8},"end":{"line":76,"column":42}},"25":{"start":{"line":78,"column":8},"end":{"line":82,"column":11}},"26":{"start":{"line":84,"column":8},"end":{"line":84,"column":44}},"27":{"start":{"line":86,"column":8},"end":{"line":86,"column":49}},"28":{"start":{"line":88,"column":8},"end":{"line":91,"column":11}},"29":{"start":{"line":101,"column":0},"end":{"line":125,"column":3}},"30":{"start":{"line":102,"column":4},"end":{"line":124,"column":6}},"31":{"start":{"line":109,"column":12},"end":{"line":117,"column":13}},"32":{"start":{"line":110,"column":16},"end":{"line":110,"column":56}},"33":{"start":{"line":112,"column":16},"end":{"line":116,"column":19}},"34":{"start":{"line":119,"column":12},"end":{"line":122,"column":15}},"35":{"start":{"line":132,"column":0},"end":{"line":167,"column":3}},"36":{"start":{"line":133,"column":19},"end":{"line":133,"column":27}},"37":{"start":{"line":135,"column":4},"end":{"line":141,"column":5}},"38":{"start":{"line":136,"column":8},"end":{"line":140,"column":11}},"39":{"start":{"line":143,"column":4},"end":{"line":166,"column":6}},"40":{"start":{"line":151,"column":12},"end":{"line":159,"column":13}},"41":{"start":{"line":152,"column":16},"end":{"line":152,"column":59}},"42":{"start":{"line":154,"column":16},"end":{"line":158,"column":19}},"43":{"start":{"line":161,"column":12},"end":{"line":164,"column":15}},"44":{"start":{"line":174,"column":0},"end":{"line":201,"column":3}},"45":{"start":{"line":175,"column":23},"end":{"line":175,"column":36}},"46":{"start":{"line":177,"column":4},"end":{"line":200,"column":6}},"47":{"start":{"line":185,"column":12},"end":{"line":193,"column":13}},"48":{"start":{"line":186,"column":16},"end":{"line":186,"column":57}},"49":{"start":{"line":188,"column":16},"end":{"line":192,"column":19}},"50":{"start":{"line":195,"column":12},"end":{"line":198,"column":15}},"51":{"start":{"line":210,"column":0},"end":{"line":295,"column":3}},"52":{"start":{"line":211,"column":48},"end":{"line":211,"column":56}},"53":{"start":{"line":213,"column":4},"end":{"line":218,"column":5}},"54":{"start":{"line":214,"column":8},"end":{"line":217,"column":11}},"55":{"start":{"line":220,"column":27},"end":{"line":220,"column":43}},"56":{"start":{"line":221,"column":24},"end":{"line":221,"column":37}},"57":{"start":{"line":222,"column":33},"end":{"line":222,"column":55}},"58":{"start":{"line":224,"column":4},"end":{"line":237,"column":5}},"59":{"start":{"line":233,"column":8},"end":{"line":236,"column":11}},"60":{"start":{"line":239,"column":22},"end":{"line":239,"column":34}},"61":{"start":{"line":241,"column":8},"end":{"line":241,"column":50}},"62":{"start":{"line":243,"column":4},"end":{"line":294,"column":5}},"63":{"start":{"line":244,"column":29},"end":{"line":251,"column":9}},"64":{"start":{"line":253,"column":8},"end":{"line":258,"column":9}},"65":{"start":{"line":254,"column":12},"end":{"line":257,"column":15}},"66":{"start":{"line":260,"column":25},"end":{"line":279,"column":9}},"67":{"start":{"line":281,"column":8},"end":{"line":286,"column":11}},"68":{"start":{"line":288,"column":8},"end":{"line":288,"column":49}},"69":{"start":{"line":290,"column":8},"end":{"line":293,"column":11}},"70":{"start":{"line":301,"column":0},"end":{"line":407,"column":2}},"71":{"start":{"line":303,"column":8},"end":{"line":311,"column":9}},"72":{"start":{"line":307,"column":12},"end":{"line":310,"column":15}},"73":{"start":{"line":313,"column":8},"end":{"line":405,"column":9}},"74":{"start":{"line":315,"column":25},"end":{"line":315,"column":27}},"75":{"start":{"line":317,"column":12},"end":{"line":385,"column":13}},"76":{"start":{"line":318,"column":16},"end":{"line":348,"column":18}},"77":{"start":{"line":350,"column":16},"end":{"line":382,"column":18}},"78":{"start":{"line":384,"column":16},"end":{"line":384,"column":40}},"79":{"start":{"line":388,"column":16},"end":{"line":388,"column":58}},"80":{"start":{"line":390,"column":12},"end":{"line":393,"column":15}},"81":{"start":{"line":396,"column":12},"end":{"line":398,"column":14}},"82":{"start":{"line":400,"column":12},"end":{"line":404,"column":15}},"83":{"start":{"line":414,"column":0},"end":{"line":478,"column":2}},"84":{"start":{"line":415,"column":8},"end":{"line":420,"column":9}},"85":{"start":{"line":416,"column":12},"end":{"line":419,"column":15}},"86":{"start":{"line":422,"column":8},"end":{"line":476,"column":9}},"87":{"start":{"line":423,"column":30},"end":{"line":462,"column":13}},"88":{"start":{"line":464,"column":12},"end":{"line":467,"column":15}},"89":{"start":{"line":469,"column":12},"end":{"line":469,"column":57}},"90":{"start":{"line":471,"column":12},"end":{"line":475,"column":15}},"91":{"start":{"line":486,"column":0},"end":{"line":621,"column":2}},"92":{"start":{"line":487,"column":8},"end":{"line":492,"column":9}},"93":{"start":{"line":488,"column":12},"end":{"line":491,"column":15}},"94":{"start":{"line":494,"column":26},"end":{"line":494,"column":38}},"95":{"start":{"line":496,"column":8},"end":{"line":619,"column":9}},"96":{"start":{"line":497,"column":34},"end":{"line":520,"column":13}},"97":{"start":{"line":522,"column":37},"end":{"line":544,"column":13}},"98":{"start":{"line":546,"column":28},"end":{"line":546,"column":42}},"99":{"start":{"line":548,"column":33},"end":{"line":548,"column":35}},"100":{"start":{"line":550,"column":12},"end":{"line":556,"column":13}},"101":{"start":{"line":551,"column":16},"end":{"line":555,"column":19}},"102":{"start":{"line":558,"column":12},"end":{"line":564,"column":13}},"103":{"start":{"line":559,"column":16},"end":{"line":563,"column":19}},"104":{"start":{"line":566,"column":12},"end":{"line":572,"column":13}},"105":{"start":{"line":567,"column":16},"end":{"line":571,"column":19}},"106":{"start":{"line":574,"column":12},"end":{"line":580,"column":13}},"107":{"start":{"line":575,"column":16},"end":{"line":579,"column":19}},"108":{"start":{"line":582,"column":12},"end":{"line":607,"column":15}},"109":{"start":{"line":609,"column":12},"end":{"line":612,"column":14}},"110":{"start":{"line":614,"column":12},"end":{"line":618,"column":15}},"111":{"start":{"line":629,"column":0},"end":{"line":719,"column":2}},"112":{"start":{"line":631,"column":4},"end":{"line":639,"column":5}},"113":{"start":{"line":635,"column":8},"end":{"line":638,"column":11}},"114":{"start":{"line":641,"column":21},"end":{"line":641,"column":34}},"115":{"start":{"line":643,"column":4},"end":{"line":717,"column":9}},"116":{"start":{"line":645,"column":8},"end":{"line":645,"column":52}},"117":{"start":{"line":648,"column":8},"end":{"line":657,"column":10}},"118":{"start":{"line":660,"column":8},"end":{"line":667,"column":10}},"119":{"start":{"line":670,"column":8},"end":{"line":677,"column":10}},"120":{"start":{"line":680,"column":25},"end":{"line":687,"column":9}},"121":{"start":{"line":689,"column":8},"end":{"line":698,"column":9}},"122":{"start":{"line":691,"column":12},"end":{"line":691,"column":48}},"123":{"start":{"line":693,"column":12},"end":{"line":696,"column":15}},"124":{"start":{"line":700,"column":8},"end":{"line":700,"column":42}},"125":{"start":{"line":702,"column":8},"end":{"line":705,"column":11}},"126":{"start":{"line":709,"column":8},"end":{"line":709,"column":44}},"127":{"start":{"line":711,"column":8},"end":{"line":711,"column":49}},"128":{"start":{"line":713,"column":8},"end":{"line":716,"column":15}},"129":{"start":{"line":721,"column":0},"end":{"line":723,"column":2}}},"fnMap":{"0":{"name":"(anonymous_0)","decl":{"start":{"line":7,"column":44},"end":{"line":7,"column":45}},"loc":{"start":{"line":7,"column":64},"end":{"line":93,"column":1}},"line":7},"1":{"name":"(anonymous_1)","decl":{"start":{"line":101,"column":29},"end":{"line":101,"column":30}},"loc":{"start":{"line":101,"column":43},"end":{"line":125,"column":1}},"line":101},"2":{"name":"(anonymous_2)","decl":{"start":{"line":108,"column":8},"end":{"line":108,"column":9}},"loc":{"start":{"line":108,"column":26},"end":{"line":123,"column":9}},"line":108},"3":{"name":"(anonymous_3)","decl":{"start":{"line":132,"column":33},"end":{"line":132,"column":34}},"loc":{"start":{"line":132,"column":47},"end":{"line":167,"column":1}},"line":132},"4":{"name":"(anonymous_4)","decl":{"start":{"line":150,"column":8},"end":{"line":150,"column":9}},"loc":{"start":{"line":150,"column":26},"end":{"line":165,"column":9}},"line":150},"5":{"name":"(anonymous_5)","decl":{"start":{"line":174,"column":34},"end":{"line":174,"column":35}},"loc":{"start":{"line":174,"column":48},"end":{"line":201,"column":1}},"line":174},"6":{"name":"(anonymous_6)","decl":{"start":{"line":184,"column":8},"end":{"line":184,"column":9}},"loc":{"start":{"line":184,"column":26},"end":{"line":199,"column":9}},"line":184},"7":{"name":"(anonymous_7)","decl":{"start":{"line":210,"column":44},"end":{"line":210,"column":45}},"loc":{"start":{"line":210,"column":64},"end":{"line":295,"column":1}},"line":210},"8":{"name":"(anonymous_8)","decl":{"start":{"line":301,"column":51},"end":{"line":301,"column":52}},"loc":{"start":{"line":301,"column":71},"end":{"line":406,"column":5}},"line":301},"9":{"name":"(anonymous_9)","decl":{"start":{"line":414,"column":49},"end":{"line":414,"column":50}},"loc":{"start":{"line":414,"column":69},"end":{"line":477,"column":5}},"line":414},"10":{"name":"(anonymous_10)","decl":{"start":{"line":486,"column":51},"end":{"line":486,"column":52}},"loc":{"start":{"line":486,"column":71},"end":{"line":620,"column":5}},"line":486},"11":{"name":"(anonymous_11)","decl":{"start":{"line":629,"column":50},"end":{"line":629,"column":51}},"loc":{"start":{"line":629,"column":70},"end":{"line":718,"column":5}},"line":629}},"branchMap":{"0":{"loc":{"start":{"line":10,"column":4},"end":{"line":15,"column":5}},"type":"if","locations":[{"start":{"line":10,"column":4},"end":{"line":15,"column":5}},{"start":{},"end":{}}],"line":10},"1":{"loc":{"start":{"line":10,"column":8},"end":{"line":10,"column":66}},"type":"binary-expr","locations":[{"start":{"line":10,"column":8},"end":{"line":10,"column":36}},{"start":{"line":10,"column":40},"end":{"line":10,"column":66}}],"line":10},"2":{"loc":{"start":{"line":17,"column":4},"end":{"line":22,"column":5}},"type":"if","locations":[{"start":{"line":17,"column":4},"end":{"line":22,"column":5}},{"start":{},"end":{}}],"line":17},"3":{"loc":{"start":{"line":17,"column":8},"end":{"line":17,"column":59}},"type":"binary-expr","locations":[{"start":{"line":17,"column":8},"end":{"line":17,"column":14}},{"start":{"line":17,"column":18},"end":{"line":17,"column":38}},{"start":{"line":17,"column":42},"end":{"line":17,"column":59}}],"line":17},"4":{"loc":{"start":{"line":32,"column":8},"end":{"line":39,"column":9}},"type":"if","locations":[{"start":{"line":32,"column":8},"end":{"line":39,"column":9}},{"start":{},"end":{}}],"line":32},"5":{"loc":{"start":{"line":62,"column":42},"end":{"line":62,"column":60}},"type":"binary-expr","locations":[{"start":{"line":62,"column":42},"end":{"line":62,"column":54}},{"start":{"line":62,"column":58},"end":{"line":62,"column":60}}],"line":62},"6":{"loc":{"start":{"line":109,"column":12},"end":{"line":117,"column":13}},"type":"if","locations":[{"start":{"line":109,"column":12},"end":{"line":117,"column":13}},{"start":{},"end":{}}],"line":109},"7":{"loc":{"start":{"line":135,"column":4},"end":{"line":141,"column":5}},"type":"if","locations":[{"start":{"line":135,"column":4},"end":{"line":141,"column":5}},{"start":{},"end":{}}],"line":135},"8":{"loc":{"start":{"line":151,"column":12},"end":{"line":159,"column":13}},"type":"if","locations":[{"start":{"line":151,"column":12},"end":{"line":159,"column":13}},{"start":{},"end":{}}],"line":151},"9":{"loc":{"start":{"line":185,"column":12},"end":{"line":193,"column":13}},"type":"if","locations":[{"start":{"line":185,"column":12},"end":{"line":193,"column":13}},{"start":{},"end":{}}],"line":185},"10":{"loc":{"start":{"line":213,"column":4},"end":{"line":218,"column":5}},"type":"if","locations":[{"start":{"line":213,"column":4},"end":{"line":218,"column":5}},{"start":{},"end":{}}],"line":213},"11":{"loc":{"start":{"line":224,"column":4},"end":{"line":237,"column":5}},"type":"if","locations":[{"start":{"line":224,"column":4},"end":{"line":237,"column":5}},{"start":{},"end":{}}],"line":224},"12":{"loc":{"start":{"line":225,"column":8},"end":{"line":231,"column":42}},"type":"binary-expr","locations":[{"start":{"line":225,"column":8},"end":{"line":225,"column":41}},{"start":{"line":226,"column":8},"end":{"line":226,"column":38}},{"start":{"line":227,"column":8},"end":{"line":227,"column":47}},{"start":{"line":228,"column":8},"end":{"line":228,"column":27}},{"start":{"line":229,"column":8},"end":{"line":229,"column":33}},{"start":{"line":230,"column":8},"end":{"line":230,"column":23}},{"start":{"line":231,"column":8},"end":{"line":231,"column":42}}],"line":225},"13":{"loc":{"start":{"line":253,"column":8},"end":{"line":258,"column":9}},"type":"if","locations":[{"start":{"line":253,"column":8},"end":{"line":258,"column":9}},{"start":{},"end":{}}],"line":253},"14":{"loc":{"start":{"line":303,"column":8},"end":{"line":311,"column":9}},"type":"if","locations":[{"start":{"line":303,"column":8},"end":{"line":311,"column":9}},{"start":{},"end":{}}],"line":303},"15":{"loc":{"start":{"line":304,"column":12},"end":{"line":305,"column":38}},"type":"binary-expr","locations":[{"start":{"line":304,"column":12},"end":{"line":304,"column":40}},{"start":{"line":305,"column":12},"end":{"line":305,"column":38}}],"line":304},"16":{"loc":{"start":{"line":317,"column":12},"end":{"line":385,"column":13}},"type":"if","locations":[{"start":{"line":317,"column":12},"end":{"line":385,"column":13}},{"start":{"line":349,"column":19},"end":{"line":385,"column":13}}],"line":317},"17":{"loc":{"start":{"line":415,"column":8},"end":{"line":420,"column":9}},"type":"if","locations":[{"start":{"line":415,"column":8},"end":{"line":420,"column":9}},{"start":{},"end":{}}],"line":415},"18":{"loc":{"start":{"line":487,"column":8},"end":{"line":492,"column":9}},"type":"if","locations":[{"start":{"line":487,"column":8},"end":{"line":492,"column":9}},{"start":{},"end":{}}],"line":487},"19":{"loc":{"start":{"line":550,"column":12},"end":{"line":556,"column":13}},"type":"if","locations":[{"start":{"line":550,"column":12},"end":{"line":556,"column":13}},{"start":{},"end":{}}],"line":550},"20":{"loc":{"start":{"line":558,"column":12},"end":{"line":564,"column":13}},"type":"if","locations":[{"start":{"line":558,"column":12},"end":{"line":564,"column":13}},{"start":{},"end":{}}],"line":558},"21":{"loc":{"start":{"line":566,"column":12},"end":{"line":572,"column":13}},"type":"if","locations":[{"start":{"line":566,"column":12},"end":{"line":572,"column":13}},{"start":{},"end":{}}],"line":566},"22":{"loc":{"start":{"line":574,"column":12},"end":{"line":580,"column":13}},"type":"if","locations":[{"start":{"line":574,"column":12},"end":{"line":580,"column":13}},{"start":{},"end":{}}],"line":574},"23":{"loc":{"start":{"line":592,"column":24},"end":{"line":592,"column":58}},"type":"binary-expr","locations":[{"start":{"line":592,"column":24},"end":{"line":592,"column":53}},{"start":{"line":592,"column":57},"end":{"line":592,"column":58}}],"line":592},"24":{"loc":{"start":{"line":595,"column":24},"end":{"line":595,"column":58}},"type":"binary-expr","locations":[{"start":{"line":595,"column":24},"end":{"line":595,"column":53}},{"start":{"line":595,"column":57},"end":{"line":595,"column":58}}],"line":595},"25":{"loc":{"start":{"line":598,"column":24},"end":{"line":598,"column":58}},"type":"binary-expr","locations":[{"start":{"line":598,"column":24},"end":{"line":598,"column":53}},{"start":{"line":598,"column":57},"end":{"line":598,"column":58}}],"line":598},"26":{"loc":{"start":{"line":601,"column":24},"end":{"line":601,"column":62}},"type":"binary-expr","locations":[{"start":{"line":601,"column":24},"end":{"line":601,"column":57}},{"start":{"line":601,"column":61},"end":{"line":601,"column":62}}],"line":601},"27":{"loc":{"start":{"line":631,"column":4},"end":{"line":639,"column":5}},"type":"if","locations":[{"start":{"line":631,"column":4},"end":{"line":639,"column":5}},{"start":{},"end":{}}],"line":631},"28":{"loc":{"start":{"line":632,"column":8},"end":{"line":633,"column":34}},"type":"binary-expr","locations":[{"start":{"line":632,"column":8},"end":{"line":632,"column":36}},{"start":{"line":633,"column":8},"end":{"line":633,"column":34}}],"line":632},"29":{"loc":{"start":{"line":689,"column":8},"end":{"line":698,"column":9}},"type":"if","locations":[{"start":{"line":689,"column":8},"end":{"line":698,"column":9}},{"start":{},"end":{}}],"line":689}},"s":{"0":16,"1":16,"2":16,"3":16,"4":16,"5":6,"6":6,"7":1,"8":5,"9":2,"10":3,"11":3,"12":3,"13":2,"14":1,"15":1,"16":1,"17":1,"18":1,"19":1,"20":1,"21":1,"22":1,"23":4,"24":1,"25":1,"26":1,"27":1,"28":1,"29":16,"30":4,"31":4,"32":1,"33":1,"34":3,"35":16,"36":5,"37":5,"38":1,"39":4,"40":4,"41":1,"42":1,"43":3,"44":16,"45":4,"46":4,"47":4,"48":1,"49":1,"50":3,"51":16,"52":6,"53":6,"54":1,"55":5,"56":5,"57":5,"58":5,"59":1,"60":4,"61":4,"62":4,"63":4,"64":3,"65":1,"66":2,"67":2,"68":1,"69":1,"70":16,"71":6,"72":1,"73":5,"74":5,"75":5,"76":1,"77":4,"78":4,"79":5,"80":4,"81":1,"82":1,"83":16,"84":6,"85":2,"86":4,"87":4,"88":3,"89":1,"90":1,"91":16,"92":6,"93":1,"94":5,"95":5,"96":5,"97":4,"98":4,"99":4,"100":4,"101":3,"102":4,"103":1,"104":4,"105":2,"106":4,"107":1,"108":4,"109":1,"110":1,"111":16,"112":0,"113":0,"114":0,"115":0,"116":0,"117":0,"118":0,"119":0,"120":0,"121":0,"122":0,"123":0,"124":0,"125":0,"126":0,"127":0,"128":0,"129":16},"f":{"0":6,"1":4,"2":4,"3":5,"4":4,"5":4,"6":4,"7":6,"8":6,"9":6,"10":6,"11":0},"b":{"0":[1,5],"1":[6,1],"2":[2,3],"3":[5,4,4],"4":[1,1],"5":[1,0],"6":[1,3],"7":[1,4],"8":[1,3],"9":[1,3],"10":[1,5],"11":[1,4],"12":[5,5,5,5,5,5,5],"13":[1,2],"14":[1,5],"15":[6,2],"16":[1,4],"17":[2,4],"18":[1,5],"19":[3,1],"20":[1,3],"21":[2,2],"22":[1,3],"23":[4,1],"24":[4,1],"25":[4,1],"26":[4,1],"27":[0,0],"28":[0,0],"29":[0,0]},"_coverageSchema":"1a1c01bbd47fc00a2c39e90264f33305004495a9","hash":"34bfd007dc205e8e287e3f64953019e6f1160328"}
,"C:\\RP\\y2 sem1\\c270 DevOps\\C270_PROJECT_TEAM2\\app.js": {"path":"C:\\RP\\y2 sem1\\c270 DevOps\\C270_PROJECT_TEAM2\\app.js","statementMap":{"0":{"start":{"line":1,"column":16},"end":{"line":1,"column":34}},"1":{"start":{"line":2,"column":13},"end":{"line":2,"column":28}},"2":{"start":{"line":3,"column":13},"end":{"line":3,"column":28}},"3":{"start":{"line":5,"column":27},"end":{"line":5,"column":48}},"4":{"start":{"line":6,"column":23},"end":{"line":6,"column":40}},"5":{"start":{"line":7,"column":24},"end":{"line":7,"column":42}},"6":{"start":{"line":9,"column":12},"end":{"line":9,"column":21}},"7":{"start":{"line":11,"column":0},"end":{"line":17,"column":2}},"8":{"start":{"line":19,"column":0},"end":{"line":19,"column":24}},"9":{"start":{"line":20,"column":0},"end":{"line":20,"column":48}},"10":{"start":{"line":23,"column":0},"end":{"line":28,"column":3}},"11":{"start":{"line":24,"column":4},"end":{"line":27,"column":7}},"12":{"start":{"line":31,"column":0},"end":{"line":31,"column":24}},"13":{"start":{"line":32,"column":0},"end":{"line":32,"column":20}},"14":{"start":{"line":33,"column":0},"end":{"line":33,"column":21}},"15":{"start":{"line":36,"column":0},"end":{"line":36,"column":60}},"16":{"start":{"line":38,"column":0},"end":{"line":42,"column":3}},"17":{"start":{"line":39,"column":4},"end":{"line":41,"column":6}},"18":{"start":{"line":44,"column":0},"end":{"line":44,"column":21}}},"fnMap":{"0":{"name":"(anonymous_0)","decl":{"start":{"line":23,"column":19},"end":{"line":23,"column":20}},"loc":{"start":{"line":23,"column":33},"end":{"line":28,"column":1}},"line":23},"1":{"name":"(anonymous_1)","decl":{"start":{"line":38,"column":20},"end":{"line":38,"column":21}},"loc":{"start":{"line":38,"column":34},"end":{"line":42,"column":1}},"line":38}},"branchMap":{},"s":{"0":16,"1":16,"2":16,"3":16,"4":16,"5":16,"6":16,"7":16,"8":16,"9":16,"10":16,"11":1,"12":16,"13":16,"14":16,"15":16,"16":16,"17":0,"18":16},"f":{"0":1,"1":0},"b":{},"_coverageSchema":"1a1c01bbd47fc00a2c39e90264f33305004495a9","hash":"4f7fdad1998de8e2e12ca01eb381dd477a3ae038"}
,"C:\\RP\\y2 sem1\\c270 DevOps\\C270_PROJECT_TEAM2\\database.js": {"path":"C:\\RP\\y2 sem1\\c270 DevOps\\C270_PROJECT_TEAM2\\database.js","statementMap":{"0":{"start":{"line":1,"column":16},"end":{"line":1,"column":34}},"1":{"start":{"line":2,"column":14},"end":{"line":2,"column":31}},"2":{"start":{"line":3,"column":15},"end":{"line":3,"column":32}},"3":{"start":{"line":4,"column":21},"end":{"line":4,"column":44}},"4":{"start":{"line":5,"column":19},"end":{"line":5,"column":40}},"5":{"start":{"line":6,"column":15},"end":{"line":6,"column":32}},"6":{"start":{"line":8,"column":0},"end":{"line":8,"column":27}},"7":{"start":{"line":10,"column":25},"end":{"line":17,"column":6}},"8":{"start":{"line":19,"column":4},"end":{"line":28,"column":5}},"9":{"start":{"line":20,"column":8},"end":{"line":27,"column":11}},"10":{"start":{"line":21,"column":12},"end":{"line":24,"column":13}},"11":{"start":{"line":22,"column":16},"end":{"line":22,"column":60}},"12":{"start":{"line":23,"column":16},"end":{"line":23,"column":23}},"13":{"start":{"line":26,"column":12},"end":{"line":26,"column":50}},"14":{"start":{"line":31,"column":20},"end":{"line":31,"column":22}},"15":{"start":{"line":32,"column":23},"end":{"line":32,"column":39}},"16":{"start":{"line":34,"column":27},"end":{"line":34,"column":36}},"17":{"start":{"line":36,"column":15},"end":{"line":36,"column":35}},"18":{"start":{"line":37,"column":20},"end":{"line":37,"column":47}},"19":{"start":{"line":38,"column":11},"end":{"line":38,"column":17}},"20":{"start":{"line":39,"column":15},"end":{"line":39,"column":42}},"21":{"start":{"line":40,"column":15},"end":{"line":40,"column":57}},"22":{"start":{"line":44,"column":0},"end":{"line":77,"column":1}},"23":{"start":{"line":46,"column":4},"end":{"line":56,"column":6}},"24":{"start":{"line":48,"column":12},"end":{"line":50,"column":14}},"25":{"start":{"line":54,"column":12},"end":{"line":54,"column":37}},"26":{"start":{"line":54,"column":26},"end":{"line":54,"column":37}},"27":{"start":{"line":58,"column":4},"end":{"line":64,"column":7}},"28":{"start":{"line":66,"column":4},"end":{"line":76,"column":7}},"29":{"start":{"line":67,"column":8},"end":{"line":73,"column":9}},"30":{"start":{"line":68,"column":12},"end":{"line":71,"column":14}},"31":{"start":{"line":72,"column":12},"end":{"line":72,"column":19}},"32":{"start":{"line":75,"column":8},"end":{"line":75,"column":43}},"33":{"start":{"line":89,"column":21},"end":{"line":102,"column":5}},"34":{"start":{"line":104,"column":24},"end":{"line":113,"column":5}},"35":{"start":{"line":115,"column":4},"end":{"line":126,"column":6}},"36":{"start":{"line":119,"column":12},"end":{"line":124,"column":13}},"37":{"start":{"line":120,"column":16},"end":{"line":123,"column":18}},"38":{"start":{"line":130,"column":32},"end":{"line":130,"column":57}},"39":{"start":{"line":132,"column":4},"end":{"line":140,"column":5}},"40":{"start":{"line":136,"column":8},"end":{"line":139,"column":11}},"41":{"start":{"line":142,"column":18},"end":{"line":142,"column":51}},"42":{"start":{"line":144,"column":4},"end":{"line":158,"column":5}},"43":{"start":{"line":145,"column":29},"end":{"line":148,"column":9}},"44":{"start":{"line":150,"column":8},"end":{"line":150,"column":33}},"45":{"start":{"line":152,"column":8},"end":{"line":152,"column":15}},"46":{"start":{"line":154,"column":8},"end":{"line":157,"column":11}},"47":{"start":{"line":162,"column":0},"end":{"line":176,"column":3}},"48":{"start":{"line":163,"column":4},"end":{"line":175,"column":6}},"49":{"start":{"line":166,"column":12},"end":{"line":171,"column":13}},"50":{"start":{"line":167,"column":16},"end":{"line":167,"column":55}},"51":{"start":{"line":169,"column":16},"end":{"line":170,"column":19}},"52":{"start":{"line":173,"column":12},"end":{"line":173,"column":66}},"53":{"start":{"line":178,"column":0},"end":{"line":371,"column":2}},"54":{"start":{"line":179,"column":24},"end":{"line":179,"column":49}},"55":{"start":{"line":180,"column":21},"end":{"line":180,"column":57}},"56":{"start":{"line":181,"column":24},"end":{"line":181,"column":41}},"57":{"start":{"line":183,"column":8},"end":{"line":187,"column":9}},"58":{"start":{"line":184,"column":12},"end":{"line":186,"column":15}},"59":{"start":{"line":189,"column":8},"end":{"line":193,"column":9}},"60":{"start":{"line":190,"column":12},"end":{"line":192,"column":15}},"61":{"start":{"line":195,"column":23},"end":{"line":195,"column":32}},"62":{"start":{"line":197,"column":8},"end":{"line":210,"column":9}},"63":{"start":{"line":201,"column":12},"end":{"line":201,"column":31}},"64":{"start":{"line":202,"column":15},"end":{"line":210,"column":9}},"65":{"start":{"line":205,"column":12},"end":{"line":205,"column":33}},"66":{"start":{"line":206,"column":15},"end":{"line":210,"column":9}},"67":{"start":{"line":209,"column":12},"end":{"line":209,"column":33}},"68":{"start":{"line":212,"column":25},"end":{"line":218,"column":9}},"69":{"start":{"line":220,"column":8},"end":{"line":369,"column":10}},"70":{"start":{"line":223,"column":16},"end":{"line":231,"column":17}},"71":{"start":{"line":224,"column":20},"end":{"line":224,"column":71}},"72":{"start":{"line":226,"column":20},"end":{"line":230,"column":23}},"73":{"start":{"line":233,"column":16},"end":{"line":253,"column":17}},"74":{"start":{"line":234,"column":41},"end":{"line":234,"column":51}},"75":{"start":{"line":236,"column":20},"end":{"line":246,"column":21}},"76":{"start":{"line":239,"column":24},"end":{"line":245,"column":31}},"77":{"start":{"line":248,"column":20},"end":{"line":252,"column":23}},"78":{"start":{"line":255,"column":16},"end":{"line":367,"column":17}},"79":{"start":{"line":256,"column":43},"end":{"line":256,"column":82}},"80":{"start":{"line":257,"column":38},"end":{"line":266,"column":21}},"81":{"start":{"line":268,"column":20},"end":{"line":355,"column":22}},"82":{"start":{"line":272,"column":28},"end":{"line":279,"column":29}},"83":{"start":{"line":272,"column":46},"end":{"line":272,"column":97}},"84":{"start":{"line":274,"column":32},"end":{"line":278,"column":35}},"85":{"start":{"line":281,"column":28},"end":{"line":347,"column":29}},"86":{"start":{"line":282,"column":32},"end":{"line":332,"column":35}},"87":{"start":{"line":334,"column":32},"end":{"line":336,"column":34}},"88":{"start":{"line":338,"column":32},"end":{"line":341,"column":34}},"89":{"start":{"line":349,"column":28},"end":{"line":353,"column":31}},"90":{"start":{"line":357,"column":20},"end":{"line":358,"column":58}},"91":{"start":{"line":360,"column":20},"end":{"line":366,"column":27}},"92":{"start":{"line":374,"column":0},"end":{"line":508,"column":3}},"93":{"start":{"line":376,"column":8},"end":{"line":376,"column":40}},"94":{"start":{"line":378,"column":21},"end":{"line":378,"column":38}},"95":{"start":{"line":380,"column":4},"end":{"line":386,"column":5}},"96":{"start":{"line":381,"column":8},"end":{"line":385,"column":11}},"97":{"start":{"line":389,"column":8},"end":{"line":389,"column":37}},"98":{"start":{"line":391,"column":21},"end":{"line":402,"column":5}},"99":{"start":{"line":404,"column":4},"end":{"line":507,"column":6}},"100":{"start":{"line":408,"column":12},"end":{"line":416,"column":13}},"101":{"start":{"line":409,"column":16},"end":{"line":409,"column":59}},"102":{"start":{"line":411,"column":16},"end":{"line":415,"column":19}},"103":{"start":{"line":418,"column":12},"end":{"line":438,"column":13}},"104":{"start":{"line":419,"column":16},"end":{"line":431,"column":19}},"105":{"start":{"line":433,"column":16},"end":{"line":437,"column":19}},"106":{"start":{"line":440,"column":25},"end":{"line":440,"column":35}},"107":{"start":{"line":442,"column":12},"end":{"line":505,"column":13}},"108":{"start":{"line":444,"column":20},"end":{"line":444,"column":64}},"109":{"start":{"line":446,"column":16},"end":{"line":464,"column":17}},"110":{"start":{"line":447,"column":20},"end":{"line":457,"column":23}},"111":{"start":{"line":459,"column":20},"end":{"line":463,"column":23}},"112":{"start":{"line":466,"column":32},"end":{"line":466,"column":104}},"113":{"start":{"line":468,"column":20},"end":{"line":472,"column":21}},"114":{"start":{"line":474,"column":16},"end":{"line":484,"column":19}},"115":{"start":{"line":486,"column":16},"end":{"line":494,"column":19}},"116":{"start":{"line":496,"column":16},"end":{"line":498,"column":18}},"117":{"start":{"line":500,"column":16},"end":{"line":504,"column":19}},"118":{"start":{"line":510,"column":0},"end":{"line":637,"column":2}},"119":{"start":{"line":511,"column":8},"end":{"line":511,"column":49}},"120":{"start":{"line":513,"column":21},"end":{"line":513,"column":57}},"121":{"start":{"line":515,"column":8},"end":{"line":521,"column":9}},"122":{"start":{"line":516,"column":12},"end":{"line":520,"column":15}},"123":{"start":{"line":523,"column":28},"end":{"line":528,"column":9}},"124":{"start":{"line":530,"column":8},"end":{"line":635,"column":10}},"125":{"start":{"line":534,"column":16},"end":{"line":544,"column":17}},"126":{"start":{"line":535,"column":20},"end":{"line":536,"column":22}},"127":{"start":{"line":538,"column":20},"end":{"line":543,"column":27}},"128":{"start":{"line":546,"column":16},"end":{"line":563,"column":17}},"129":{"start":{"line":547,"column":20},"end":{"line":557,"column":23}},"130":{"start":{"line":559,"column":20},"end":{"line":562,"column":23}},"131":{"start":{"line":565,"column":29},"end":{"line":565,"column":39}},"132":{"start":{"line":568,"column":20},"end":{"line":568,"column":63}},"133":{"start":{"line":571,"column":20},"end":{"line":571,"column":47}},"134":{"start":{"line":573,"column":16},"end":{"line":579,"column":18}},"135":{"start":{"line":581,"column":16},"end":{"line":633,"column":17}},"136":{"start":{"line":582,"column":20},"end":{"line":605,"column":22}},"137":{"start":{"line":607,"column":20},"end":{"line":616,"column":23}},"138":{"start":{"line":619,"column":20},"end":{"line":623,"column":23}},"139":{"start":{"line":625,"column":20},"end":{"line":625,"column":67}},"140":{"start":{"line":626,"column":20},"end":{"line":626,"column":53}},"141":{"start":{"line":628,"column":20},"end":{"line":632,"column":27}},"142":{"start":{"line":640,"column":0},"end":{"line":768,"column":3}},"143":{"start":{"line":641,"column":18},"end":{"line":641,"column":54}},"144":{"start":{"line":642,"column":22},"end":{"line":642,"column":48}},"145":{"start":{"line":643,"column":24},"end":{"line":643,"column":44}},"146":{"start":{"line":645,"column":4},"end":{"line":651,"column":5}},"147":{"start":{"line":646,"column":8},"end":{"line":650,"column":11}},"148":{"start":{"line":653,"column":4},"end":{"line":659,"column":5}},"149":{"start":{"line":654,"column":8},"end":{"line":658,"column":11}},"150":{"start":{"line":662,"column":8},"end":{"line":662,"column":37}},"151":{"start":{"line":664,"column":4},"end":{"line":670,"column":5}},"152":{"start":{"line":665,"column":8},"end":{"line":669,"column":11}},"153":{"start":{"line":672,"column":4},"end":{"line":692,"column":1}},"154":{"start":{"line":673,"column":8},"end":{"line":673,"column":41}},"155":{"start":{"line":675,"column":8},"end":{"line":685,"column":7}},"156":{"start":{"line":687,"column":4},"end":{"line":691,"column":7}},"157":{"start":{"line":694,"column":4},"end":{"line":711,"column":1}},"158":{"start":{"line":695,"column":8},"end":{"line":705,"column":7}},"159":{"start":{"line":707,"column":4},"end":{"line":710,"column":7}},"160":{"start":{"line":713,"column":4},"end":{"line":767,"column":5}},"161":{"start":{"line":714,"column":31},"end":{"line":714,"column":73}},"162":{"start":{"line":716,"column":8},"end":{"line":759,"column":10}},"163":{"start":{"line":720,"column":16},"end":{"line":729,"column":17}},"164":{"start":{"line":721,"column":20},"end":{"line":722,"column":22}},"165":{"start":{"line":724,"column":20},"end":{"line":728,"column":23}},"166":{"start":{"line":731,"column":16},"end":{"line":737,"column":17}},"167":{"start":{"line":732,"column":20},"end":{"line":736,"column":23}},"168":{"start":{"line":739,"column":16},"end":{"line":739,"column":49}},"169":{"start":{"line":741,"column":16},"end":{"line":751,"column":19}},"170":{"start":{"line":753,"column":16},"end":{"line":757,"column":19}},"171":{"start":{"line":761,"column":8},"end":{"line":761,"column":63}},"172":{"start":{"line":763,"column":8},"end":{"line":766,"column":11}},"173":{"start":{"line":770,"column":0},"end":{"line":809,"column":2}},"174":{"start":{"line":771,"column":23},"end":{"line":771,"column":36}},"175":{"start":{"line":772,"column":19},"end":{"line":772,"column":60}},"176":{"start":{"line":774,"column":8},"end":{"line":807,"column":10}},"177":{"start":{"line":778,"column":16},"end":{"line":789,"column":17}},"178":{"start":{"line":779,"column":20},"end":{"line":782,"column":22}},"179":{"start":{"line":784,"column":20},"end":{"line":788,"column":23}},"180":{"start":{"line":791,"column":16},"end":{"line":799,"column":17}},"181":{"start":{"line":794,"column":20},"end":{"line":798,"column":23}},"182":{"start":{"line":801,"column":16},"end":{"line":805,"column":19}},"183":{"start":{"line":811,"column":0},"end":{"line":871,"column":2}},"184":{"start":{"line":815,"column":8},"end":{"line":833,"column":9}},"185":{"start":{"line":816,"column":12},"end":{"line":826,"column":15}},"186":{"start":{"line":828,"column":12},"end":{"line":832,"column":15}},"187":{"start":{"line":835,"column":20},"end":{"line":849,"column":9}},"188":{"start":{"line":851,"column":8},"end":{"line":869,"column":11}},"189":{"start":{"line":852,"column":12},"end":{"line":863,"column":13}},"190":{"start":{"line":853,"column":16},"end":{"line":856,"column":18}},"191":{"start":{"line":858,"column":16},"end":{"line":862,"column":19}},"192":{"start":{"line":865,"column":12},"end":{"line":868,"column":15}},"193":{"start":{"line":873,"column":0},"end":{"line":877,"column":2}}},"fnMap":{"0":{"name":"(anonymous_0)","decl":{"start":{"line":20,"column":32},"end":{"line":20,"column":33}},"loc":{"start":{"line":20,"column":43},"end":{"line":27,"column":9}},"line":20},"1":{"name":"(anonymous_1)","decl":{"start":{"line":47,"column":15},"end":{"line":47,"column":16}},"loc":{"start":{"line":47,"column":21},"end":{"line":51,"column":9}},"line":47},"2":{"name":"(anonymous_2)","decl":{"start":{"line":53,"column":13},"end":{"line":53,"column":14}},"loc":{"start":{"line":53,"column":27},"end":{"line":55,"column":9}},"line":53},"3":{"name":"(anonymous_3)","decl":{"start":{"line":66,"column":21},"end":{"line":66,"column":22}},"loc":{"start":{"line":66,"column":30},"end":{"line":76,"column":5}},"line":66},"4":{"name":"createAuditLog","decl":{"start":{"line":79,"column":9},"end":{"line":79,"column":23}},"loc":{"start":{"line":88,"column":3},"end":{"line":127,"column":1}},"line":88},"5":{"name":"(anonymous_5)","decl":{"start":{"line":118,"column":8},"end":{"line":118,"column":9}},"loc":{"start":{"line":118,"column":24},"end":{"line":125,"column":9}},"line":118},"6":{"name":"VerifyToken","decl":{"start":{"line":129,"column":9},"end":{"line":129,"column":20}},"loc":{"start":{"line":129,"column":37},"end":{"line":159,"column":1}},"line":129},"7":{"name":"(anonymous_7)","decl":{"start":{"line":162,"column":32},"end":{"line":162,"column":33}},"loc":{"start":{"line":162,"column":46},"end":{"line":176,"column":1}},"line":162},"8":{"name":"(anonymous_8)","decl":{"start":{"line":165,"column":8},"end":{"line":165,"column":9}},"loc":{"start":{"line":165,"column":26},"end":{"line":174,"column":9}},"line":165},"9":{"name":"(anonymous_9)","decl":{"start":{"line":178,"column":37},"end":{"line":178,"column":38}},"loc":{"start":{"line":178,"column":57},"end":{"line":370,"column":5}},"line":178},"10":{"name":"(anonymous_10)","decl":{"start":{"line":222,"column":12},"end":{"line":222,"column":13}},"loc":{"start":{"line":222,"column":43},"end":{"line":368,"column":13}},"line":222},"11":{"name":"(anonymous_11)","decl":{"start":{"line":271,"column":24},"end":{"line":271,"column":25}},"loc":{"start":{"line":271,"column":47},"end":{"line":354,"column":25}},"line":271},"12":{"name":"(anonymous_12)","decl":{"start":{"line":374,"column":30},"end":{"line":374,"column":31}},"loc":{"start":{"line":374,"column":44},"end":{"line":508,"column":1}},"line":374},"13":{"name":"(anonymous_13)","decl":{"start":{"line":407,"column":8},"end":{"line":407,"column":9}},"loc":{"start":{"line":407,"column":32},"end":{"line":506,"column":9}},"line":407},"14":{"name":"(anonymous_14)","decl":{"start":{"line":510,"column":38},"end":{"line":510,"column":39}},"loc":{"start":{"line":510,"column":52},"end":{"line":636,"column":5}},"line":510},"15":{"name":"(anonymous_15)","decl":{"start":{"line":533,"column":12},"end":{"line":533,"column":13}},"loc":{"start":{"line":533,"column":36},"end":{"line":634,"column":13}},"line":533},"16":{"name":"(anonymous_16)","decl":{"start":{"line":640,"column":38},"end":{"line":640,"column":39}},"loc":{"start":{"line":640,"column":58},"end":{"line":768,"column":1}},"line":640},"17":{"name":"(anonymous_17)","decl":{"start":{"line":719,"column":12},"end":{"line":719,"column":13}},"loc":{"start":{"line":719,"column":30},"end":{"line":758,"column":13}},"line":719},"18":{"name":"(anonymous_18)","decl":{"start":{"line":770,"column":40},"end":{"line":770,"column":41}},"loc":{"start":{"line":770,"column":54},"end":{"line":808,"column":5}},"line":770},"19":{"name":"(anonymous_19)","decl":{"start":{"line":777,"column":12},"end":{"line":777,"column":13}},"loc":{"start":{"line":777,"column":31},"end":{"line":806,"column":13}},"line":777},"20":{"name":"(anonymous_20)","decl":{"start":{"line":814,"column":4},"end":{"line":814,"column":5}},"loc":{"start":{"line":814,"column":18},"end":{"line":870,"column":5}},"line":814},"21":{"name":"(anonymous_21)","decl":{"start":{"line":851,"column":28},"end":{"line":851,"column":29}},"loc":{"start":{"line":851,"column":48},"end":{"line":869,"column":9}},"line":851}},"branchMap":{"0":{"loc":{"start":{"line":19,"column":4},"end":{"line":28,"column":5}},"type":"if","locations":[{"start":{"line":19,"column":4},"end":{"line":28,"column":5}},{"start":{},"end":{}}],"line":19},"1":{"loc":{"start":{"line":21,"column":12},"end":{"line":24,"column":13}},"type":"if","locations":[{"start":{"line":21,"column":12},"end":{"line":24,"column":13}},{"start":{},"end":{}}],"line":21},"2":{"loc":{"start":{"line":44,"column":0},"end":{"line":77,"column":1}},"type":"if","locations":[{"start":{"line":44,"column":0},"end":{"line":77,"column":1}},{"start":{"line":57,"column":7},"end":{"line":77,"column":1}}],"line":44},"3":{"loc":{"start":{"line":54,"column":12},"end":{"line":54,"column":37}},"type":"if","locations":[{"start":{"line":54,"column":12},"end":{"line":54,"column":37}},{"start":{},"end":{}}],"line":54},"4":{"loc":{"start":{"line":63,"column":14},"end":{"line":63,"column":41}},"type":"binary-expr","locations":[{"start":{"line":63,"column":14},"end":{"line":63,"column":33}},{"start":{"line":63,"column":37},"end":{"line":63,"column":41}}],"line":63},"5":{"loc":{"start":{"line":67,"column":8},"end":{"line":73,"column":9}},"type":"if","locations":[{"start":{"line":67,"column":8},"end":{"line":73,"column":9}},{"start":{},"end":{}}],"line":67},"6":{"loc":{"start":{"line":80,"column":4},"end":{"line":80,"column":17}},"type":"default-arg","locations":[{"start":{"line":80,"column":13},"end":{"line":80,"column":17}}],"line":80},"7":{"loc":{"start":{"line":81,"column":4},"end":{"line":81,"column":19}},"type":"default-arg","locations":[{"start":{"line":81,"column":15},"end":{"line":81,"column":19}}],"line":81},"8":{"loc":{"start":{"line":82,"column":4},"end":{"line":82,"column":16}},"type":"default-arg","locations":[{"start":{"line":82,"column":12},"end":{"line":82,"column":16}}],"line":82},"9":{"loc":{"start":{"line":83,"column":4},"end":{"line":83,"column":15}},"type":"default-arg","locations":[{"start":{"line":83,"column":11},"end":{"line":83,"column":15}}],"line":83},"10":{"loc":{"start":{"line":87,"column":4},"end":{"line":87,"column":20}},"type":"default-arg","locations":[{"start":{"line":87,"column":16},"end":{"line":87,"column":20}}],"line":87},"11":{"loc":{"start":{"line":119,"column":12},"end":{"line":124,"column":13}},"type":"if","locations":[{"start":{"line":119,"column":12},"end":{"line":124,"column":13}},{"start":{},"end":{}}],"line":119},"12":{"loc":{"start":{"line":132,"column":4},"end":{"line":140,"column":5}},"type":"if","locations":[{"start":{"line":132,"column":4},"end":{"line":140,"column":5}},{"start":{},"end":{}}],"line":132},"13":{"loc":{"start":{"line":133,"column":8},"end":{"line":134,"column":50}},"type":"binary-expr","locations":[{"start":{"line":133,"column":8},"end":{"line":133,"column":28}},{"start":{"line":134,"column":8},"end":{"line":134,"column":50}}],"line":133},"14":{"loc":{"start":{"line":147,"column":12},"end":{"line":147,"column":55}},"type":"binary-expr","locations":[{"start":{"line":147,"column":12},"end":{"line":147,"column":34}},{"start":{"line":147,"column":38},"end":{"line":147,"column":55}}],"line":147},"15":{"loc":{"start":{"line":166,"column":12},"end":{"line":171,"column":13}},"type":"if","locations":[{"start":{"line":166,"column":12},"end":{"line":171,"column":13}},{"start":{},"end":{}}],"line":166},"16":{"loc":{"start":{"line":183,"column":8},"end":{"line":187,"column":9}},"type":"if","locations":[{"start":{"line":183,"column":8},"end":{"line":187,"column":9}},{"start":{},"end":{}}],"line":183},"17":{"loc":{"start":{"line":183,"column":12},"end":{"line":183,"column":44}},"type":"binary-expr","locations":[{"start":{"line":183,"column":12},"end":{"line":183,"column":21}},{"start":{"line":183,"column":25},"end":{"line":183,"column":31}},{"start":{"line":183,"column":35},"end":{"line":183,"column":44}}],"line":183},"18":{"loc":{"start":{"line":189,"column":8},"end":{"line":193,"column":9}},"type":"if","locations":[{"start":{"line":189,"column":8},"end":{"line":193,"column":9}},{"start":{},"end":{}}],"line":189},"19":{"loc":{"start":{"line":197,"column":8},"end":{"line":210,"column":9}},"type":"if","locations":[{"start":{"line":197,"column":8},"end":{"line":210,"column":9}},{"start":{"line":202,"column":15},"end":{"line":210,"column":9}}],"line":197},"20":{"loc":{"start":{"line":198,"column":12},"end":{"line":199,"column":38}},"type":"binary-expr","locations":[{"start":{"line":198,"column":12},"end":{"line":198,"column":43}},{"start":{"line":199,"column":12},"end":{"line":199,"column":38}}],"line":198},"21":{"loc":{"start":{"line":202,"column":15},"end":{"line":210,"column":9}},"type":"if","locations":[{"start":{"line":202,"column":15},"end":{"line":210,"column":9}},{"start":{"line":206,"column":15},"end":{"line":210,"column":9}}],"line":202},"22":{"loc":{"start":{"line":206,"column":15},"end":{"line":210,"column":9}},"type":"if","locations":[{"start":{"line":206,"column":15},"end":{"line":210,"column":9}},{"start":{},"end":{}}],"line":206},"23":{"loc":{"start":{"line":223,"column":16},"end":{"line":231,"column":17}},"type":"if","locations":[{"start":{"line":223,"column":16},"end":{"line":231,"column":17}},{"start":{},"end":{}}],"line":223},"24":{"loc":{"start":{"line":233,"column":16},"end":{"line":253,"column":17}},"type":"if","locations":[{"start":{"line":233,"column":16},"end":{"line":253,"column":17}},{"start":{},"end":{}}],"line":233},"25":{"loc":{"start":{"line":236,"column":20},"end":{"line":246,"column":21}},"type":"if","locations":[{"start":{"line":236,"column":20},"end":{"line":246,"column":21}},{"start":{},"end":{}}],"line":236},"26":{"loc":{"start":{"line":272,"column":28},"end":{"line":279,"column":29}},"type":"if","locations":[{"start":{"line":272,"column":28},"end":{"line":279,"column":29}},{"start":{},"end":{}}],"line":272},"27":{"loc":{"start":{"line":380,"column":4},"end":{"line":386,"column":5}},"type":"if","locations":[{"start":{"line":380,"column":4},"end":{"line":386,"column":5}},{"start":{},"end":{}}],"line":380},"28":{"loc":{"start":{"line":380,"column":8},"end":{"line":380,"column":37}},"type":"binary-expr","locations":[{"start":{"line":380,"column":8},"end":{"line":380,"column":24}},{"start":{"line":380,"column":28},"end":{"line":380,"column":37}}],"line":380},"29":{"loc":{"start":{"line":408,"column":12},"end":{"line":416,"column":13}},"type":"if","locations":[{"start":{"line":408,"column":12},"end":{"line":416,"column":13}},{"start":{},"end":{}}],"line":408},"30":{"loc":{"start":{"line":418,"column":12},"end":{"line":438,"column":13}},"type":"if","locations":[{"start":{"line":418,"column":12},"end":{"line":438,"column":13}},{"start":{},"end":{}}],"line":418},"31":{"loc":{"start":{"line":422,"column":27},"end":{"line":424,"column":30}},"type":"cond-expr","locations":[{"start":{"line":423,"column":26},"end":{"line":423,"column":41}},{"start":{"line":424,"column":26},"end":{"line":424,"column":30}}],"line":422},"32":{"loc":{"start":{"line":446,"column":16},"end":{"line":464,"column":17}},"type":"if","locations":[{"start":{"line":446,"column":16},"end":{"line":464,"column":17}},{"start":{},"end":{}}],"line":446},"33":{"loc":{"start":{"line":468,"column":46},"end":{"line":468,"column":88}},"type":"binary-expr","locations":[{"start":{"line":468,"column":46},"end":{"line":468,"column":68}},{"start":{"line":468,"column":71},"end":{"line":468,"column":88}}],"line":468},"34":{"loc":{"start":{"line":515,"column":8},"end":{"line":521,"column":9}},"type":"if","locations":[{"start":{"line":515,"column":8},"end":{"line":521,"column":9}},{"start":{},"end":{}}],"line":515},"35":{"loc":{"start":{"line":534,"column":16},"end":{"line":544,"column":17}},"type":"if","locations":[{"start":{"line":534,"column":16},"end":{"line":544,"column":17}},{"start":{},"end":{}}],"line":534},"36":{"loc":{"start":{"line":546,"column":16},"end":{"line":563,"column":17}},"type":"if","locations":[{"start":{"line":546,"column":16},"end":{"line":563,"column":17}},{"start":{},"end":{}}],"line":546},"37":{"loc":{"start":{"line":645,"column":4},"end":{"line":651,"column":5}},"type":"if","locations":[{"start":{"line":645,"column":4},"end":{"line":651,"column":5}},{"start":{},"end":{}}],"line":645},"38":{"loc":{"start":{"line":645,"column":8},"end":{"line":645,"column":44}},"type":"binary-expr","locations":[{"start":{"line":645,"column":8},"end":{"line":645,"column":14}},{"start":{"line":645,"column":18},"end":{"line":645,"column":28}},{"start":{"line":645,"column":32},"end":{"line":645,"column":44}}],"line":645},"39":{"loc":{"start":{"line":653,"column":4},"end":{"line":659,"column":5}},"type":"if","locations":[{"start":{"line":653,"column":4},"end":{"line":659,"column":5}},{"start":{},"end":{}}],"line":653},"40":{"loc":{"start":{"line":664,"column":4},"end":{"line":670,"column":5}},"type":"if","locations":[{"start":{"line":664,"column":4},"end":{"line":670,"column":5}},{"start":{},"end":{}}],"line":664},"41":{"loc":{"start":{"line":672,"column":4},"end":{"line":692,"column":1}},"type":"if","locations":[{"start":{"line":672,"column":4},"end":{"line":692,"column":1}},{"start":{},"end":{}}],"line":672},"42":{"loc":{"start":{"line":694,"column":4},"end":{"line":711,"column":1}},"type":"if","locations":[{"start":{"line":694,"column":4},"end":{"line":711,"column":1}},{"start":{},"end":{}}],"line":694},"43":{"loc":{"start":{"line":720,"column":16},"end":{"line":729,"column":17}},"type":"if","locations":[{"start":{"line":720,"column":16},"end":{"line":729,"column":17}},{"start":{},"end":{}}],"line":720},"44":{"loc":{"start":{"line":731,"column":16},"end":{"line":737,"column":17}},"type":"if","locations":[{"start":{"line":731,"column":16},"end":{"line":737,"column":17}},{"start":{},"end":{}}],"line":731},"45":{"loc":{"start":{"line":778,"column":16},"end":{"line":789,"column":17}},"type":"if","locations":[{"start":{"line":778,"column":16},"end":{"line":789,"column":17}},{"start":{},"end":{}}],"line":778},"46":{"loc":{"start":{"line":791,"column":16},"end":{"line":799,"column":17}},"type":"if","locations":[{"start":{"line":791,"column":16},"end":{"line":799,"column":17}},{"start":{},"end":{}}],"line":791},"47":{"loc":{"start":{"line":815,"column":8},"end":{"line":833,"column":9}},"type":"if","locations":[{"start":{"line":815,"column":8},"end":{"line":833,"column":9}},{"start":{},"end":{}}],"line":815},"48":{"loc":{"start":{"line":852,"column":12},"end":{"line":863,"column":13}},"type":"if","locations":[{"start":{"line":852,"column":12},"end":{"line":863,"column":13}},{"start":{},"end":{}}],"line":852}},"s":{"0":16,"1":16,"2":16,"3":16,"4":16,"5":16,"6":16,"7":16,"8":16,"9":0,"10":0,"11":0,"12":0,"13":0,"14":16,"15":16,"16":16,"17":16,"18":16,"19":16,"20":16,"21":16,"22":16,"23":16,"24":0,"25":0,"26":0,"27":0,"28":0,"29":0,"30":0,"31":0,"32":0,"33":11,"34":11,"35":11,"36":11,"37":0,"38":8,"39":8,"40":1,"41":7,"42":7,"43":7,"44":5,"45":5,"46":2,"47":16,"48":4,"49":4,"50":1,"51":1,"52":3,"53":16,"54":10,"55":10,"56":10,"57":10,"58":1,"59":9,"60":1,"61":8,"62":8,"63":1,"64":7,"65":1,"66":6,"67":6,"68":8,"69":8,"70":8,"71":1,"72":1,"73":7,"74":2,"75":2,"76":1,"77":1,"78":5,"79":5,"80":5,"81":5,"82":5,"83":1,"84":1,"85":4,"86":4,"87":3,"88":1,"89":4,"90":0,"91":0,"92":16,"93":6,"94":6,"95":6,"96":2,"97":4,"98":4,"99":4,"100":4,"101":1,"102":1,"103":3,"104":1,"105":1,"106":2,"107":2,"108":2,"109":2,"110":1,"111":1,"112":1,"113":1,"114":1,"115":1,"116":0,"117":0,"118":16,"119":6,"120":6,"121":6,"122":1,"123":5,"124":5,"125":5,"126":1,"127":1,"128":4,"129":1,"130":1,"131":3,"132":3,"133":3,"134":3,"135":3,"136":3,"137":2,"138":2,"139":1,"140":1,"141":1,"142":16,"143":9,"144":9,"145":9,"146":9,"147":1,"148":8,"149":1,"150":7,"151":7,"152":1,"153":6,"154":1,"155":1,"156":1,"157":5,"158":1,"159":1,"160":4,"161":4,"162":3,"163":3,"164":1,"165":1,"166":2,"167":1,"168":1,"169":1,"170":1,"171":1,"172":1,"173":16,"174":4,"175":4,"176":4,"177":4,"178":1,"179":1,"180":3,"181":1,"182":2,"183":16,"184":5,"185":2,"186":2,"187":3,"188":3,"189":3,"190":1,"191":1,"192":2,"193":16},"f":{"0":0,"1":0,"2":0,"3":0,"4":11,"5":11,"6":8,"7":4,"8":4,"9":10,"10":8,"11":5,"12":6,"13":4,"14":6,"15":5,"16":9,"17":3,"18":4,"19":4,"20":5,"21":3},"b":{"0":[0,16],"1":[0,0],"2":[16,0],"3":[0,0],"4":[0,0],"5":[0,0],"6":[0],"7":[0],"8":[0],"9":[0],"10":[0],"11":[0,11],"12":[1,7],"13":[8,7],"14":[7,7],"15":[1,3],"16":[1,9],"17":[10,9,9],"18":[1,8],"19":[1,7],"20":[8,7],"21":[1,6],"22":[6,0],"23":[1,7],"24":[2,5],"25":[1,1],"26":[1,4],"27":[2,4],"28":[6,5],"29":[1,3],"30":[1,2],"31":[1,0],"32":[1,1],"33":[1,1],"34":[1,5],"35":[1,4],"36":[1,3],"37":[1,8],"38":[9,8,8],"39":[1,7],"40":[1,6],"41":[1,5],"42":[1,4],"43":[1,2],"44":[1,1],"45":[1,3],"46":[1,2],"47":[2,3],"48":[1,2]},"_coverageSchema":"1a1c01bbd47fc00a2c39e90264f33305004495a9","hash":"a8fed985ede6ea8e87599f2392a0772331f0845e"}
,"C:\\RP\\y2 sem1\\c270 DevOps\\C270_PROJECT_TEAM2\\token.js": {"path":"C:\\RP\\y2 sem1\\c270 DevOps\\C270_PROJECT_TEAM2\\token.js","statementMap":{"0":{"start":{"line":1,"column":16},"end":{"line":1,"column":34}},"1":{"start":{"line":3,"column":21},"end":{"line":3,"column":44}},"2":{"start":{"line":7,"column":20},"end":{"line":7,"column":36}},"3":{"start":{"line":11,"column":20},"end":{"line":28,"column":1}},"4":{"start":{"line":12,"column":19},"end":{"line":12,"column":47}},"5":{"start":{"line":13,"column":18},"end":{"line":13,"column":48}},"6":{"start":{"line":15,"column":4},"end":{"line":17,"column":5}},"7":{"start":{"line":16,"column":8},"end":{"line":16,"column":65}},"8":{"start":{"line":19,"column":4},"end":{"line":25,"column":6}},"9":{"start":{"line":20,"column":8},"end":{"line":22,"column":9}},"10":{"start":{"line":21,"column":12},"end":{"line":21,"column":78}},"11":{"start":{"line":23,"column":8},"end":{"line":23,"column":27}},"12":{"start":{"line":24,"column":8},"end":{"line":24,"column":14}},"13":{"start":{"line":31,"column":0},"end":{"line":33,"column":2}},"14":{"start":{"line":32,"column":4},"end":{"line":32,"column":52}},"15":{"start":{"line":38,"column":0},"end":{"line":42,"column":1}}},"fnMap":{"0":{"name":"(anonymous_0)","decl":{"start":{"line":11,"column":20},"end":{"line":11,"column":21}},"loc":{"start":{"line":11,"column":38},"end":{"line":28,"column":1}},"line":11},"1":{"name":"(anonymous_1)","decl":{"start":{"line":19,"column":74},"end":{"line":19,"column":75}},"loc":{"start":{"line":19,"column":90},"end":{"line":25,"column":5}},"line":19},"2":{"name":"(anonymous_2)","decl":{"start":{"line":31,"column":40},"end":{"line":31,"column":41}},"loc":{"start":{"line":31,"column":52},"end":{"line":33,"column":1}},"line":31}},"branchMap":{"0":{"loc":{"start":{"line":13,"column":18},"end":{"line":13,"column":48}},"type":"binary-expr","locations":[{"start":{"line":13,"column":18},"end":{"line":13,"column":24}},{"start":{"line":13,"column":28},"end":{"line":13,"column":48}}],"line":13},"1":{"loc":{"start":{"line":15,"column":4},"end":{"line":17,"column":5}},"type":"if","locations":[{"start":{"line":15,"column":4},"end":{"line":17,"column":5}},{"start":{},"end":{}}],"line":15},"2":{"loc":{"start":{"line":19,"column":30},"end":{"line":19,"column":73}},"type":"binary-expr","locations":[{"start":{"line":19,"column":30},"end":{"line":19,"column":52}},{"start":{"line":19,"column":56},"end":{"line":19,"column":73}}],"line":19},"3":{"loc":{"start":{"line":20,"column":8},"end":{"line":22,"column":9}},"type":"if","locations":[{"start":{"line":20,"column":8},"end":{"line":22,"column":9}},{"start":{},"end":{}}],"line":20}},"s":{"0":16,"1":16,"2":16,"3":16,"4":35,"5":35,"6":35,"7":5,"8":30,"9":30,"10":0,"11":30,"12":30,"13":16,"14":0,"15":16},"f":{"0":35,"1":30,"2":0},"b":{"0":[35,30],"1":[5,30],"2":[30,30],"3":[0,30]},"_coverageSchema":"1a1c01bbd47fc00a2c39e90264f33305004495a9","hash":"14ef7f77ebbe97c9ed58fd6cf8e6019d13e9d1b1"}
}
