TN:
SF:Quiz.js
FN:7,(anonymous_0)
FN:101,(anonymous_1)
FN:108,(anonymous_2)
FN:132,(anonymous_3)
FN:150,(anonymous_4)
FN:174,(anonymous_5)
FN:184,(anonymous_6)
FN:210,(anonymous_7)
FN:301,(anonymous_8)
FN:414,(anonymous_9)
FN:486,(anonymous_10)
FN:629,(anonymous_11)
FNF:12
FNH:11
FNDA:6,(anonymous_0)
FNDA:4,(anonymous_1)
FNDA:4,(anonymous_2)
FNDA:5,(anonymous_3)
FNDA:4,(anonymous_4)
FNDA:4,(anonymous_5)
FNDA:4,(anonymous_6)
FNDA:6,(anonymous_7)
FNDA:6,(anonymous_8)
FNDA:6,(anonymous_9)
FNDA:6,(anonymous_10)
FNDA:0,(anonymous_11)
DA:1,16
DA:2,16
DA:3,16
DA:5,16
DA:7,16
DA:8,6
DA:10,6
DA:11,1
DA:17,5
DA:18,2
DA:24,3
DA:25,3
DA:27,3
DA:32,2
DA:33,1
DA:35,1
DA:41,1
DA:49,1
DA:51,1
DA:52,1
DA:61,1
DA:62,1
DA:64,1
DA:65,4
DA:76,1
DA:78,1
DA:84,1
DA:86,1
DA:88,1
DA:101,16
DA:102,4
DA:109,4
DA:110,1
DA:112,1
DA:119,3
DA:132,16
DA:133,5
DA:135,5
DA:136,1
DA:143,4
DA:151,4
DA:152,1
DA:154,1
DA:161,3
DA:174,16
DA:175,4
DA:177,4
DA:185,4
DA:186,1
DA:188,1
DA:195,3
DA:210,16
DA:211,6
DA:213,6
DA:214,1
DA:220,5
DA:221,5
DA:222,5
DA:224,5
DA:233,1
DA:239,4
DA:241,4
DA:243,4
DA:244,4
DA:253,3
DA:254,1
DA:260,2
DA:281,2
DA:288,1
DA:290,1
DA:301,16
DA:303,6
DA:307,1
DA:313,5
DA:315,5
DA:317,5
DA:318,1
DA:350,4
DA:384,4
DA:388,5
DA:390,4
DA:396,1
DA:400,1
DA:414,16
DA:415,6
DA:416,2
DA:422,4
DA:423,4
DA:464,3
DA:469,1
DA:471,1
DA:486,16
DA:487,6
DA:488,1
DA:494,5
DA:496,5
DA:497,5
DA:522,4
DA:546,4
DA:548,4
DA:550,4
DA:551,3
DA:558,4
DA:559,1
DA:566,4
DA:567,2
DA:574,4
DA:575,1
DA:582,4
DA:609,1
DA:614,1
DA:629,16
DA:631,0
DA:635,0
DA:641,0
DA:643,0
DA:645,0
DA:648,0
DA:660,0
DA:670,0
DA:680,0
DA:689,0
DA:691,0
DA:693,0
DA:700,0
DA:702,0
DA:709,0
DA:711,0
DA:713,0
DA:721,16
LF:130
LH:113
BRDA:10,0,0,1
BRDA:10,0,1,5
BRDA:10,1,0,6
BRDA:10,1,1,1
BRDA:17,2,0,2
BRDA:17,2,1,3
BRDA:17,3,0,5
BRDA:17,3,1,4
BRDA:17,3,2,4
BRDA:32,4,0,1
BRDA:32,4,1,1
BRDA:62,5,0,1
BRDA:62,5,1,0
BRDA:109,6,0,1
BRDA:109,6,1,3
BRDA:135,7,0,1
BRDA:135,7,1,4
BRDA:151,8,0,1
BRDA:151,8,1,3
BRDA:185,9,0,1
BRDA:185,9,1,3
BRDA:213,10,0,1
BRDA:213,10,1,5
BRDA:224,11,0,1
BRDA:224,11,1,4
BRDA:225,12,0,5
BRDA:225,12,1,5
BRDA:225,12,2,5
BRDA:225,12,3,5
BRDA:225,12,4,5
BRDA:225,12,5,5
BRDA:225,12,6,5
BRDA:253,13,0,1
BRDA:253,13,1,2
BRDA:303,14,0,1
BRDA:303,14,1,5
BRDA:304,15,0,6
BRDA:304,15,1,2
BRDA:317,16,0,1
BRDA:317,16,1,4
BRDA:415,17,0,2
BRDA:415,17,1,4
BRDA:487,18,0,1
BRDA:487,18,1,5
BRDA:550,19,0,3
BRDA:550,19,1,1
BRDA:558,20,0,1
BRDA:558,20,1,3
BRDA:566,21,0,2
BRDA:566,21,1,2
BRDA:574,22,0,1
BRDA:574,22,1,3
BRDA:592,23,0,4
BRDA:592,23,1,1
BRDA:595,24,0,4
BRDA:595,24,1,1
BRDA:598,25,0,4
BRDA:598,25,1,1
BRDA:601,26,0,4
BRDA:601,26,1,1
BRDA:631,27,0,0
BRDA:631,27,1,0
BRDA:632,28,0,0
BRDA:632,28,1,0
BRDA:689,29,0,0
BRDA:689,29,1,0
BRF:66
BRH:59
end_of_record
TN:
SF:app.js
FN:23,(anonymous_0)
FN:38,(anonymous_1)
FNF:2
FNH:1
FNDA:1,(anonymous_0)
FNDA:0,(anonymous_1)
DA:1,16
DA:2,16
DA:3,16
DA:5,16
DA:6,16
DA:7,16
DA:9,16
DA:11,16
DA:19,16
DA:20,16
DA:23,16
DA:24,1
DA:31,16
DA:32,16
DA:33,16
DA:36,16
DA:38,16
DA:39,0
DA:44,16
LF:19
LH:18
BRF:0
BRH:0
end_of_record
TN:
SF:database.js
FN:20,(anonymous_0)
FN:47,(anonymous_1)
FN:53,(anonymous_2)
FN:66,(anonymous_3)
FN:79,createAuditLog
FN:118,(anonymous_5)
FN:129,VerifyToken
FN:162,(anonymous_7)
FN:165,(anonymous_8)
FN:178,(anonymous_9)
FN:222,(anonymous_10)
FN:271,(anonymous_11)
FN:374,(anonymous_12)
FN:407,(anonymous_13)
FN:510,(anonymous_14)
FN:533,(anonymous_15)
FN:640,(anonymous_16)
FN:719,(anonymous_17)
FN:770,(anonymous_18)
FN:777,(anonymous_19)
FN:814,(anonymous_20)
FN:851,(anonymous_21)
FNF:22
FNH:18
FNDA:0,(anonymous_0)
FNDA:0,(anonymous_1)
FNDA:0,(anonymous_2)
FNDA:0,(anonymous_3)
FNDA:11,createAuditLog
FNDA:11,(anonymous_5)
FNDA:8,VerifyToken
FNDA:4,(anonymous_7)
FNDA:4,(anonymous_8)
FNDA:10,(anonymous_9)
FNDA:8,(anonymous_10)
FNDA:5,(anonymous_11)
FNDA:6,(anonymous_12)
FNDA:4,(anonymous_13)
FNDA:6,(anonymous_14)
FNDA:5,(anonymous_15)
FNDA:9,(anonymous_16)
FNDA:3,(anonymous_17)
FNDA:4,(anonymous_18)
FNDA:4,(anonymous_19)
FNDA:5,(anonymous_20)
FNDA:3,(anonymous_21)
DA:1,16
DA:2,16
DA:3,16
DA:4,16
DA:5,16
DA:6,16
DA:8,16
DA:10,16
DA:19,16
DA:20,0
DA:21,0
DA:22,0
DA:23,0
DA:26,0
DA:31,16
DA:32,16
DA:34,16
DA:36,16
DA:37,16
DA:38,16
DA:39,16
DA:40,16
DA:44,16
DA:46,16
DA:48,0
DA:54,0
DA:58,0
DA:66,0
DA:67,0
DA:68,0
DA:72,0
DA:75,0
DA:89,11
DA:104,11
DA:115,11
DA:119,11
DA:120,0
DA:130,8
DA:132,8
DA:136,1
DA:142,7
DA:144,7
DA:145,7
DA:150,5
DA:152,5
DA:154,2
DA:162,16
DA:163,4
DA:166,4
DA:167,1
DA:169,1
DA:173,3
DA:178,16
DA:179,10
DA:180,10
DA:181,10
DA:183,10
DA:184,1
DA:189,9
DA:190,1
DA:195,8
DA:197,8
DA:201,1
DA:202,7
DA:205,1
DA:206,6
DA:209,6
DA:212,8
DA:220,8
DA:223,8
DA:224,1
DA:226,1
DA:233,7
DA:234,2
DA:236,2
DA:239,1
DA:248,1
DA:255,5
DA:256,5
DA:257,5
DA:268,5
DA:272,5
DA:274,1
DA:281,4
DA:282,4
DA:334,3
DA:338,1
DA:349,4
DA:357,0
DA:360,0
DA:374,16
DA:376,6
DA:378,6
DA:380,6
DA:381,2
DA:389,4
DA:391,4
DA:404,4
DA:408,4
DA:409,1
DA:411,1
DA:418,3
DA:419,1
DA:433,1
DA:440,2
DA:442,2
DA:444,2
DA:446,2
DA:447,1
DA:459,1
DA:466,1
DA:468,1
DA:474,1
DA:486,1
DA:496,0
DA:500,0
DA:510,16
DA:511,6
DA:513,6
DA:515,6
DA:516,1
DA:523,5
DA:530,5
DA:534,5
DA:535,1
DA:538,1
DA:546,4
DA:547,1
DA:559,1
DA:565,3
DA:568,3
DA:571,3
DA:573,3
DA:581,3
DA:582,3
DA:607,2
DA:619,2
DA:625,1
DA:626,1
DA:628,1
DA:640,16
DA:641,9
DA:642,9
DA:643,9
DA:645,9
DA:646,1
DA:653,8
DA:654,1
DA:662,7
DA:664,7
DA:665,1
DA:672,6
DA:673,1
DA:675,1
DA:687,1
DA:694,5
DA:695,1
DA:707,1
DA:713,4
DA:714,4
DA:716,3
DA:720,3
DA:721,1
DA:724,1
DA:731,2
DA:732,1
DA:739,1
DA:741,1
DA:753,1
DA:761,1
DA:763,1
DA:770,16
DA:771,4
DA:772,4
DA:774,4
DA:778,4
DA:779,1
DA:784,1
DA:791,3
DA:794,1
DA:801,2
DA:811,16
DA:815,5
DA:816,2
DA:828,2
DA:835,3
DA:851,3
DA:852,3
DA:853,1
DA:858,1
DA:865,2
DA:873,16
LF:192
LH:174
BRDA:19,0,0,0
BRDA:19,0,1,16
BRDA:21,1,0,0
BRDA:21,1,1,0
BRDA:44,2,0,16
BRDA:44,2,1,0
BRDA:54,3,0,0
BRDA:54,3,1,0
BRDA:63,4,0,0
BRDA:63,4,1,0
BRDA:67,5,0,0
BRDA:67,5,1,0
BRDA:80,6,0,0
BRDA:81,7,0,0
BRDA:82,8,0,0
BRDA:83,9,0,0
BRDA:87,10,0,0
BRDA:119,11,0,0
BRDA:119,11,1,11
BRDA:132,12,0,1
BRDA:132,12,1,7
BRDA:133,13,0,8
BRDA:133,13,1,7
BRDA:147,14,0,7
BRDA:147,14,1,7
BRDA:166,15,0,1
BRDA:166,15,1,3
BRDA:183,16,0,1
BRDA:183,16,1,9
BRDA:183,17,0,10
BRDA:183,17,1,9
BRDA:183,17,2,9
BRDA:189,18,0,1
BRDA:189,18,1,8
BRDA:197,19,0,1
BRDA:197,19,1,7
BRDA:198,20,0,8
BRDA:198,20,1,7
BRDA:202,21,0,1
BRDA:202,21,1,6
BRDA:206,22,0,6
BRDA:206,22,1,0
BRDA:223,23,0,1
BRDA:223,23,1,7
BRDA:233,24,0,2
BRDA:233,24,1,5
BRDA:236,25,0,1
BRDA:236,25,1,1
BRDA:272,26,0,1
BRDA:272,26,1,4
BRDA:380,27,0,2
BRDA:380,27,1,4
BRDA:380,28,0,6
BRDA:380,28,1,5
BRDA:408,29,0,1
BRDA:408,29,1,3
BRDA:418,30,0,1
BRDA:418,30,1,2
BRDA:422,31,0,1
BRDA:422,31,1,0
BRDA:446,32,0,1
BRDA:446,32,1,1
BRDA:468,33,0,1
BRDA:468,33,1,1
BRDA:515,34,0,1
BRDA:515,34,1,5
BRDA:534,35,0,1
BRDA:534,35,1,4
BRDA:546,36,0,1
BRDA:546,36,1,3
BRDA:645,37,0,1
BRDA:645,37,1,8
BRDA:645,38,0,9
BRDA:645,38,1,8
BRDA:645,38,2,8
BRDA:653,39,0,1
BRDA:653,39,1,7
BRDA:664,40,0,1
BRDA:664,40,1,6
BRDA:672,41,0,1
BRDA:672,41,1,5
BRDA:694,42,0,1
BRDA:694,42,1,4
BRDA:720,43,0,1
BRDA:720,43,1,2
BRDA:731,44,0,1
BRDA:731,44,1,1
BRDA:778,45,0,1
BRDA:778,45,1,3
BRDA:791,46,0,1
BRDA:791,46,1,2
BRDA:815,47,0,2
BRDA:815,47,1,3
BRDA:852,48,0,1
BRDA:852,48,1,2
BRF:95
BRH:77
end_of_record
TN:
SF:token.js
FN:11,(anonymous_0)
FN:19,(anonymous_1)
FN:31,(anonymous_2)
FNF:3
FNH:2
FNDA:35,(anonymous_0)
FNDA:30,(anonymous_1)
FNDA:0,(anonymous_2)
DA:1,16
DA:3,16
DA:7,16
DA:11,16
DA:12,35
DA:13,35
DA:15,35
DA:16,5
DA:19,30
DA:20,30
DA:21,0
DA:23,30
DA:24,30
DA:31,16
DA:32,0
DA:38,16
LF:16
LH:14
BRDA:13,0,0,35
BRDA:13,0,1,30
BRDA:15,1,0,5
BRDA:15,1,1,30
BRDA:19,2,0,30
BRDA:19,2,1,30
BRDA:20,3,0,0
BRDA:20,3,1,30
BRF:8
BRH:7
end_of_record
